Determining if the function crc32c_value exists in the crc32c failed with the following output:
Change Dir: /home/zjn/桌面/app/leveldb/CMakeFiles/CMakeTmp

Run Build Command(s):/usr/bin/gmake -f Makefile cmTC_8f46d/fast && /usr/bin/gmake  -f CMakeFiles/cmTC_8f46d.dir/build.make CMakeFiles/cmTC_8f46d.dir/build
gmake[1]: 进入目录“/home/zjn/桌面/app/leveldb/CMakeFiles/CMakeTmp”
Building C object CMakeFiles/cmTC_8f46d.dir/CheckFunctionExists.c.o
/usr/bin/cc   -DCHECK_FUNCTION_EXISTS=crc32c_value -std=c11 -o CMakeFiles/cmTC_8f46d.dir/CheckFunctionExists.c.o -c /usr/share/cmake-3.22/Modules/CheckFunctionExists.c
Linking C executable cmTC_8f46d
/usr/bin/cmake -E cmake_link_script CMakeFiles/cmTC_8f46d.dir/link.txt --verbose=1
/usr/bin/cc  -DCHECK_FUNCTION_EXISTS=crc32c_value CMakeFiles/cmTC_8f46d.dir/CheckFunctionExists.c.o -o cmTC_8f46d  -lcrc32c 
/usr/bin/ld: 找不到 -lcrc32c: 没有那个文件或目录
collect2: error: ld returned 1 exit status
gmake[1]: *** [CMakeFiles/cmTC_8f46d.dir/build.make:99：cmTC_8f46d] 错误 1
gmake[1]: 离开目录“/home/zjn/桌面/app/leveldb/CMakeFiles/CMakeTmp”
gmake: *** [Makefile:127：cmTC_8f46d/fast] 错误 2



Determining if the function snappy_compress exists in the snappy failed with the following output:
Change Dir: /home/zjn/桌面/app/leveldb/CMakeFiles/CMakeTmp

Run Build Command(s):/usr/bin/gmake -f Makefile cmTC_52645/fast && /usr/bin/gmake  -f CMakeFiles/cmTC_52645.dir/build.make CMakeFiles/cmTC_52645.dir/build
gmake[1]: 进入目录“/home/zjn/桌面/app/leveldb/CMakeFiles/CMakeTmp”
Building C object CMakeFiles/cmTC_52645.dir/CheckFunctionExists.c.o
/usr/bin/cc   -DCHECK_FUNCTION_EXISTS=snappy_compress -std=c11 -o CMakeFiles/cmTC_52645.dir/CheckFunctionExists.c.o -c /usr/share/cmake-3.22/Modules/CheckFunctionExists.c
Linking C executable cmTC_52645
/usr/bin/cmake -E cmake_link_script CMakeFiles/cmTC_52645.dir/link.txt --verbose=1
/usr/bin/cc  -DCHECK_FUNCTION_EXISTS=snappy_compress CMakeFiles/cmTC_52645.dir/CheckFunctionExists.c.o -o cmTC_52645  -lsnappy 
/usr/bin/ld: 找不到 -lsnappy: 没有那个文件或目录
collect2: error: ld returned 1 exit status
gmake[1]: *** [CMakeFiles/cmTC_52645.dir/build.make:99：cmTC_52645] 错误 1
gmake[1]: 离开目录“/home/zjn/桌面/app/leveldb/CMakeFiles/CMakeTmp”
gmake: *** [Makefile:127：cmTC_52645/fast] 错误 2



Determining if the function malloc exists in the tcmalloc failed with the following output:
Change Dir: /home/zjn/桌面/app/leveldb/CMakeFiles/CMakeTmp

Run Build Command(s):/usr/bin/gmake -f Makefile cmTC_4e06e/fast && /usr/bin/gmake  -f CMakeFiles/cmTC_4e06e.dir/build.make CMakeFiles/cmTC_4e06e.dir/build
gmake[1]: 进入目录“/home/zjn/桌面/app/leveldb/CMakeFiles/CMakeTmp”
Building C object CMakeFiles/cmTC_4e06e.dir/CheckFunctionExists.c.o
/usr/bin/cc   -DCHECK_FUNCTION_EXISTS=malloc -std=c11 -o CMakeFiles/cmTC_4e06e.dir/CheckFunctionExists.c.o -c /usr/share/cmake-3.22/Modules/CheckFunctionExists.c
<command-line>: warning: conflicting types for built-in function ‘malloc’; expected ‘void *(long unsigned int)’ [-Wbuiltin-declaration-mismatch]
/usr/share/cmake-3.22/Modules/CheckFunctionExists.c:7:3: note: in expansion of macro ‘CHECK_FUNCTION_EXISTS’
    7 |   CHECK_FUNCTION_EXISTS(void);
      |   ^~~~~~~~~~~~~~~~~~~~~
/usr/share/cmake-3.22/Modules/CheckFunctionExists.c:1:1: note: ‘malloc’ is declared in header ‘<stdlib.h>’
  +++ |+#include <stdlib.h>
    1 | #ifdef CHECK_FUNCTION_EXISTS
Linking C executable cmTC_4e06e
/usr/bin/cmake -E cmake_link_script CMakeFiles/cmTC_4e06e.dir/link.txt --verbose=1
/usr/bin/cc  -DCHECK_FUNCTION_EXISTS=malloc CMakeFiles/cmTC_4e06e.dir/CheckFunctionExists.c.o -o cmTC_4e06e  -ltcmalloc 
/usr/bin/ld: 找不到 -ltcmalloc: 没有那个文件或目录
collect2: error: ld returned 1 exit status
gmake[1]: *** [CMakeFiles/cmTC_4e06e.dir/build.make:99：cmTC_4e06e] 错误 1
gmake[1]: 离开目录“/home/zjn/桌面/app/leveldb/CMakeFiles/CMakeTmp”
gmake: *** [Makefile:127：cmTC_4e06e/fast] 错误 2



Determining if the F_FULLFSYNC exist failed with the following output:
Change Dir: /home/zjn/桌面/app/leveldb/CMakeFiles/CMakeTmp

Run Build Command(s):/usr/bin/gmake -f Makefile cmTC_b3640/fast && /usr/bin/gmake  -f CMakeFiles/cmTC_b3640.dir/build.make CMakeFiles/cmTC_b3640.dir/build
gmake[1]: 进入目录“/home/zjn/桌面/app/leveldb/CMakeFiles/CMakeTmp”
Building CXX object CMakeFiles/cmTC_b3640.dir/CheckSymbolExists.cxx.o
/usr/bin/c++   -std=c++11 -o CMakeFiles/cmTC_b3640.dir/CheckSymbolExists.cxx.o -c /home/zjn/桌面/app/leveldb/CMakeFiles/CMakeTmp/CheckSymbolExists.cxx
/home/zjn/桌面/app/leveldb/CMakeFiles/CMakeTmp/CheckSymbolExists.cxx: In function ‘int main(int, char**)’:
/home/zjn/桌面/app/leveldb/CMakeFiles/CMakeTmp/CheckSymbolExists.cxx:8:19: error: ‘F_FULLFSYNC’ was not declared in this scope
    8 |   return ((int*)(&F_FULLFSYNC))[argc];
      |                   ^~~~~~~~~~~
gmake[1]: *** [CMakeFiles/cmTC_b3640.dir/build.make:78：CMakeFiles/cmTC_b3640.dir/CheckSymbolExists.cxx.o] 错误 1
gmake[1]: 离开目录“/home/zjn/桌面/app/leveldb/CMakeFiles/CMakeTmp”
gmake: *** [Makefile:127：cmTC_b3640/fast] 错误 2


File /home/zjn/桌面/app/leveldb/CMakeFiles/CMakeTmp/CheckSymbolExists.cxx:
/* */
#include <fcntl.h>

int main(int argc, char** argv)
{
  (void)argv;
#ifndef F_FULLFSYNC
  return ((int*)(&F_FULLFSYNC))[argc];
#else
  (void)argc;
  return 0;
#endif
}
Performing C++ SOURCE FILE Test HAVE_CLANG_THREAD_SAFETY failed with the following output:
Change Dir: /home/zjn/桌面/app/leveldb/CMakeFiles/CMakeTmp

Run Build Command(s):/usr/bin/gmake -f Makefile cmTC_491fa/fast && /usr/bin/gmake  -f CMakeFiles/cmTC_491fa.dir/build.make CMakeFiles/cmTC_491fa.dir/build
gmake[1]: Entering directory '/home/zjn/桌面/app/leveldb/CMakeFiles/CMakeTmp'
Building CXX object CMakeFiles/cmTC_491fa.dir/src.cxx.o
/usr/bin/c++ -DHAVE_CLANG_THREAD_SAFETY  -fno-exceptions -fno-rtti    -Wthread-safety -std=c++11 -o CMakeFiles/cmTC_491fa.dir/src.cxx.o -c /home/zjn/桌面/app/leveldb/CMakeFiles/CMakeTmp/src.cxx
c++: error: unrecognized command-line option '-Wthread-safety'
gmake[1]: *** [CMakeFiles/cmTC_491fa.dir/build.make:78: CMakeFiles/cmTC_491fa.dir/src.cxx.o] Error 1
gmake[1]: Leaving directory '/home/zjn/桌面/app/leveldb/CMakeFiles/CMakeTmp'
gmake: *** [Makefile:127: cmTC_491fa/fast] Error 2


Source file was:
int main() { return 0; }
Performing C++ SOURCE FILE Test HAVE_CXX_FLAG_WSHORTEN_64_TO_32 failed with the following output:
Change Dir: /home/zjn/桌面/app/leveldb/CMakeFiles/CMakeTmp

Run Build Command(s):/usr/bin/gmake -f Makefile cmTC_af931/fast && /usr/bin/gmake  -f CMakeFiles/cmTC_af931.dir/build.make CMakeFiles/cmTC_af931.dir/build
gmake[1]: Entering directory '/home/zjn/桌面/app/leveldb/CMakeFiles/CMakeTmp'
Building CXX object CMakeFiles/cmTC_af931.dir/src.cxx.o
/usr/bin/c++ -DHAVE_CXX_FLAG_WSHORTEN_64_TO_32  -fno-exceptions -fno-rtti  -std=c++11  -Wall  -Wextra  -Wshadow  -Wsuggest-override  -Wshorten-64-to-32   -Wshorten-64-to-32 -std=c++11 -o CMakeFiles/cmTC_af931.dir/src.cxx.o -c /home/zjn/桌面/app/leveldb/CMakeFiles/CMakeTmp/src.cxx
c++: error: unrecognized command-line option '-Wshorten-64-to-32'
c++: error: unrecognized command-line option '-Wshorten-64-to-32'
gmake[1]: *** [CMakeFiles/cmTC_af931.dir/build.make:78: CMakeFiles/cmTC_af931.dir/src.cxx.o] Error 1
gmake[1]: Leaving directory '/home/zjn/桌面/app/leveldb/CMakeFiles/CMakeTmp'
gmake: *** [Makefile:127: cmTC_af931/fast] Error 2


Source file was:
int main() { return 0; }
Performing C++ SOURCE FILE Test HAVE_CXX_FLAG_WD654 failed with the following output:
Change Dir: /home/zjn/桌面/app/leveldb/CMakeFiles/CMakeTmp

Run Build Command(s):/usr/bin/gmake -f Makefile cmTC_94917/fast && /usr/bin/gmake  -f CMakeFiles/cmTC_94917.dir/build.make CMakeFiles/cmTC_94917.dir/build
gmake[1]: Entering directory '/home/zjn/桌面/app/leveldb/CMakeFiles/CMakeTmp'
Building CXX object CMakeFiles/cmTC_94917.dir/src.cxx.o
/usr/bin/c++ -DHAVE_CXX_FLAG_WD654  -fno-exceptions -fno-rtti  -std=c++11  -Wall  -Wextra  -Wshadow  -Wsuggest-override  -fstrict-aliasing  -Wno-deprecated-declarations  -fno-exceptions  -Wstrict-aliasing  -wd654   -wd654 -std=c++11 -o CMakeFiles/cmTC_94917.dir/src.cxx.o -c /home/zjn/桌面/app/leveldb/CMakeFiles/CMakeTmp/src.cxx
c++: error: unrecognized command-line option '-wd654'
c++: error: unrecognized command-line option '-wd654'
gmake[1]: *** [CMakeFiles/cmTC_94917.dir/build.make:78: CMakeFiles/cmTC_94917.dir/src.cxx.o] Error 1
gmake[1]: Leaving directory '/home/zjn/桌面/app/leveldb/CMakeFiles/CMakeTmp'
gmake: *** [Makefile:127: cmTC_94917/fast] Error 2


Source file was:
int main() { return 0; }
Performing C++ SOURCE FILE Test HAVE_CXX_FLAG_WTHREAD_SAFETY failed with the following output:
Change Dir: /home/zjn/桌面/app/leveldb/CMakeFiles/CMakeTmp

Run Build Command(s):/usr/bin/gmake -f Makefile cmTC_6188f/fast && /usr/bin/gmake  -f CMakeFiles/cmTC_6188f.dir/build.make CMakeFiles/cmTC_6188f.dir/build
gmake[1]: Entering directory '/home/zjn/桌面/app/leveldb/CMakeFiles/CMakeTmp'
Building CXX object CMakeFiles/cmTC_6188f.dir/src.cxx.o
/usr/bin/c++ -DHAVE_CXX_FLAG_WTHREAD_SAFETY  -fno-exceptions -fno-rtti  -std=c++11  -Wall  -Wextra  -Wshadow  -Wsuggest-override  -fstrict-aliasing  -Wno-deprecated-declarations  -fno-exceptions  -Wstrict-aliasing  -Wthread-safety   -Wthread-safety -std=c++11 -o CMakeFiles/cmTC_6188f.dir/src.cxx.o -c /home/zjn/桌面/app/leveldb/CMakeFiles/CMakeTmp/src.cxx
c++: error: unrecognized command-line option '-Wthread-safety'
c++: error: unrecognized command-line option '-Wthread-safety'
gmake[1]: *** [CMakeFiles/cmTC_6188f.dir/build.make:78: CMakeFiles/cmTC_6188f.dir/src.cxx.o] Error 1
gmake[1]: Leaving directory '/home/zjn/桌面/app/leveldb/CMakeFiles/CMakeTmp'
gmake: *** [Makefile:127: cmTC_6188f/fast] Error 2


Source file was:
int main() { return 0; }
Determining if the function sqlite3_open exists in the sqlite3 failed with the following output:
Change Dir: /home/zjn/桌面/app/leveldb/CMakeFiles/CMakeTmp

Run Build Command(s):/usr/bin/gmake -f Makefile cmTC_2d7a0/fast && /usr/bin/gmake  -f CMakeFiles/cmTC_2d7a0.dir/build.make CMakeFiles/cmTC_2d7a0.dir/build
gmake[1]: 进入目录“/home/zjn/桌面/app/leveldb/CMakeFiles/CMakeTmp”
Building C object CMakeFiles/cmTC_2d7a0.dir/CheckFunctionExists.c.o
/usr/bin/cc   -Wstrict-prototypes -DCHECK_FUNCTION_EXISTS=sqlite3_open -std=c11 -o CMakeFiles/cmTC_2d7a0.dir/CheckFunctionExists.c.o -c /usr/share/cmake-3.22/Modules/CheckFunctionExists.c
Linking C executable cmTC_2d7a0
/usr/bin/cmake -E cmake_link_script CMakeFiles/cmTC_2d7a0.dir/link.txt --verbose=1
/usr/bin/cc  -Wstrict-prototypes -DCHECK_FUNCTION_EXISTS=sqlite3_open CMakeFiles/cmTC_2d7a0.dir/CheckFunctionExists.c.o -o cmTC_2d7a0  -lsqlite3 
/usr/bin/ld: 找不到 -lsqlite3: 没有那个文件或目录
collect2: error: ld returned 1 exit status
gmake[1]: *** [CMakeFiles/cmTC_2d7a0.dir/build.make:99：cmTC_2d7a0] 错误 1
gmake[1]: 离开目录“/home/zjn/桌面/app/leveldb/CMakeFiles/CMakeTmp”
gmake: *** [Makefile:127：cmTC_2d7a0/fast] 错误 2



Performing C++ SOURCE FILE Test HAVE_KYOTOCABINET failed with the following output:
Change Dir: /home/zjn/桌面/app/leveldb/CMakeFiles/CMakeTmp

Run Build Command(s):/usr/bin/gmake -f Makefile cmTC_1afb2/fast && /usr/bin/gmake  -f CMakeFiles/cmTC_1afb2.dir/build.make CMakeFiles/cmTC_1afb2.dir/build
gmake[1]: 进入目录“/home/zjn/桌面/app/leveldb/CMakeFiles/CMakeTmp”
Building CXX object CMakeFiles/cmTC_1afb2.dir/src.cxx.o
/usr/bin/c++ -DHAVE_KYOTOCABINET  -fno-exceptions -fno-rtti  -std=c++11 -o CMakeFiles/cmTC_1afb2.dir/src.cxx.o -c /home/zjn/桌面/app/leveldb/CMakeFiles/CMakeTmp/src.cxx
/home/zjn/桌面/app/leveldb/CMakeFiles/CMakeTmp/src.cxx:2:10: fatal error: kcpolydb.h: 没有那个文件或目录
    2 | #include <kcpolydb.h>
      |          ^~~~~~~~~~~~
compilation terminated.
gmake[1]: *** [CMakeFiles/cmTC_1afb2.dir/build.make:78：CMakeFiles/cmTC_1afb2.dir/src.cxx.o] 错误 1
gmake[1]: 离开目录“/home/zjn/桌面/app/leveldb/CMakeFiles/CMakeTmp”
gmake: *** [Makefile:127：cmTC_1afb2/fast] 错误 2


Source file was:

#include <kcpolydb.h>

int main() {
  kyotocabinet::TreeDB* db = new kyotocabinet::TreeDB();
  delete db;
  return 0;
}
  
Determining if the function crc32c_value exists in the crc32c failed with the following output:
Change Dir: /home/zjn/桌面/app/advance-leveldb/leveldb/CMakeFiles/CMakeTmp

Run Build Command(s):/usr/bin/gmake -f Makefile cmTC_3ec0b/fast && /usr/bin/gmake  -f CMakeFiles/cmTC_3ec0b.dir/build.make CMakeFiles/cmTC_3ec0b.dir/build
gmake[1]: 进入目录“/home/zjn/桌面/app/advance-leveldb/leveldb/CMakeFiles/CMakeTmp”
Building C object CMakeFiles/cmTC_3ec0b.dir/CheckFunctionExists.c.o
/usr/bin/cc   -DCHECK_FUNCTION_EXISTS=crc32c_value -std=c11 -o CMakeFiles/cmTC_3ec0b.dir/CheckFunctionExists.c.o -c /usr/share/cmake-3.22/Modules/CheckFunctionExists.c
Linking C executable cmTC_3ec0b
/usr/bin/cmake -E cmake_link_script CMakeFiles/cmTC_3ec0b.dir/link.txt --verbose=1
/usr/bin/cc  -DCHECK_FUNCTION_EXISTS=crc32c_value CMakeFiles/cmTC_3ec0b.dir/CheckFunctionExists.c.o -o cmTC_3ec0b  -lcrc32c 
/usr/bin/ld: 找不到 -lcrc32c: 没有那个文件或目录
collect2: error: ld returned 1 exit status
gmake[1]: *** [CMakeFiles/cmTC_3ec0b.dir/build.make:99：cmTC_3ec0b] 错误 1
gmake[1]: 离开目录“/home/zjn/桌面/app/advance-leveldb/leveldb/CMakeFiles/CMakeTmp”
gmake: *** [Makefile:127：cmTC_3ec0b/fast] 错误 2



Determining if the function malloc exists in the tcmalloc failed with the following output:
Change Dir: /home/zjn/桌面/app/advance-leveldb/leveldb/CMakeFiles/CMakeTmp

Run Build Command(s):/usr/bin/gmake -f Makefile cmTC_c9e9d/fast && /usr/bin/gmake  -f CMakeFiles/cmTC_c9e9d.dir/build.make CMakeFiles/cmTC_c9e9d.dir/build
gmake[1]: 进入目录“/home/zjn/桌面/app/advance-leveldb/leveldb/CMakeFiles/CMakeTmp”
Building C object CMakeFiles/cmTC_c9e9d.dir/CheckFunctionExists.c.o
/usr/bin/cc   -DCHECK_FUNCTION_EXISTS=malloc -std=c11 -o CMakeFiles/cmTC_c9e9d.dir/CheckFunctionExists.c.o -c /usr/share/cmake-3.22/Modules/CheckFunctionExists.c
<command-line>: warning: conflicting types for built-in function ‘malloc’; expected ‘void *(long unsigned int)’ [-Wbuiltin-declaration-mismatch]
/usr/share/cmake-3.22/Modules/CheckFunctionExists.c:7:3: note: in expansion of macro ‘CHECK_FUNCTION_EXISTS’
    7 |   CHECK_FUNCTION_EXISTS(void);
      |   ^~~~~~~~~~~~~~~~~~~~~
/usr/share/cmake-3.22/Modules/CheckFunctionExists.c:1:1: note: ‘malloc’ is declared in header ‘<stdlib.h>’
  +++ |+#include <stdlib.h>
    1 | #ifdef CHECK_FUNCTION_EXISTS
Linking C executable cmTC_c9e9d
/usr/bin/cmake -E cmake_link_script CMakeFiles/cmTC_c9e9d.dir/link.txt --verbose=1
/usr/bin/cc  -DCHECK_FUNCTION_EXISTS=malloc CMakeFiles/cmTC_c9e9d.dir/CheckFunctionExists.c.o -o cmTC_c9e9d  -ltcmalloc 
/usr/bin/ld: 找不到 -ltcmalloc: 没有那个文件或目录
collect2: error: ld returned 1 exit status
gmake[1]: *** [CMakeFiles/cmTC_c9e9d.dir/build.make:99：cmTC_c9e9d] 错误 1
gmake[1]: 离开目录“/home/zjn/桌面/app/advance-leveldb/leveldb/CMakeFiles/CMakeTmp”
gmake: *** [Makefile:127：cmTC_c9e9d/fast] 错误 2



Determining if the F_FULLFSYNC exist failed with the following output:
Change Dir: /home/zjn/桌面/app/advance-leveldb/leveldb/CMakeFiles/CMakeTmp

Run Build Command(s):/usr/bin/gmake -f Makefile cmTC_1435e/fast && /usr/bin/gmake  -f CMakeFiles/cmTC_1435e.dir/build.make CMakeFiles/cmTC_1435e.dir/build
gmake[1]: 进入目录“/home/zjn/桌面/app/advance-leveldb/leveldb/CMakeFiles/CMakeTmp”
Building CXX object CMakeFiles/cmTC_1435e.dir/CheckSymbolExists.cxx.o
/usr/bin/c++   -std=c++11 -o CMakeFiles/cmTC_1435e.dir/CheckSymbolExists.cxx.o -c /home/zjn/桌面/app/advance-leveldb/leveldb/CMakeFiles/CMakeTmp/CheckSymbolExists.cxx
/home/zjn/桌面/app/advance-leveldb/leveldb/CMakeFiles/CMakeTmp/CheckSymbolExists.cxx: In function ‘int main(int, char**)’:
/home/zjn/桌面/app/advance-leveldb/leveldb/CMakeFiles/CMakeTmp/CheckSymbolExists.cxx:8:19: error: ‘F_FULLFSYNC’ was not declared in this scope
    8 |   return ((int*)(&F_FULLFSYNC))[argc];
      |                   ^~~~~~~~~~~
gmake[1]: *** [CMakeFiles/cmTC_1435e.dir/build.make:78：CMakeFiles/cmTC_1435e.dir/CheckSymbolExists.cxx.o] 错误 1
gmake[1]: 离开目录“/home/zjn/桌面/app/advance-leveldb/leveldb/CMakeFiles/CMakeTmp”
gmake: *** [Makefile:127：cmTC_1435e/fast] 错误 2


File /home/zjn/桌面/app/advance-leveldb/leveldb/CMakeFiles/CMakeTmp/CheckSymbolExists.cxx:
/* */
#include <fcntl.h>

int main(int argc, char** argv)
{
  (void)argv;
#ifndef F_FULLFSYNC
  return ((int*)(&F_FULLFSYNC))[argc];
#else
  (void)argc;
  return 0;
#endif
}
Performing C++ SOURCE FILE Test HAVE_CLANG_THREAD_SAFETY failed with the following output:
Change Dir: /home/zjn/桌面/app/advance-leveldb/leveldb/CMakeFiles/CMakeTmp

Run Build Command(s):/usr/bin/gmake -f Makefile cmTC_2fc69/fast && /usr/bin/gmake  -f CMakeFiles/cmTC_2fc69.dir/build.make CMakeFiles/cmTC_2fc69.dir/build
gmake[1]: Entering directory '/home/zjn/桌面/app/advance-leveldb/leveldb/CMakeFiles/CMakeTmp'
Building CXX object CMakeFiles/cmTC_2fc69.dir/src.cxx.o
/usr/bin/c++ -DHAVE_CLANG_THREAD_SAFETY  -fno-exceptions -fno-rtti    -Wthread-safety -std=c++11 -o CMakeFiles/cmTC_2fc69.dir/src.cxx.o -c /home/zjn/桌面/app/advance-leveldb/leveldb/CMakeFiles/CMakeTmp/src.cxx
c++: error: unrecognized command-line option '-Wthread-safety'
gmake[1]: *** [CMakeFiles/cmTC_2fc69.dir/build.make:78: CMakeFiles/cmTC_2fc69.dir/src.cxx.o] Error 1
gmake[1]: Leaving directory '/home/zjn/桌面/app/advance-leveldb/leveldb/CMakeFiles/CMakeTmp'
gmake: *** [Makefile:127: cmTC_2fc69/fast] Error 2


Source file was:
int main() { return 0; }
Performing C++ SOURCE FILE Test HAVE_CXX_FLAG_WSHORTEN_64_TO_32 failed with the following output:
Change Dir: /home/zjn/桌面/app/advance-leveldb/leveldb/CMakeFiles/CMakeTmp

Run Build Command(s):/usr/bin/gmake -f Makefile cmTC_e2510/fast && /usr/bin/gmake  -f CMakeFiles/cmTC_e2510.dir/build.make CMakeFiles/cmTC_e2510.dir/build
gmake[1]: Entering directory '/home/zjn/桌面/app/advance-leveldb/leveldb/CMakeFiles/CMakeTmp'
Building CXX object CMakeFiles/cmTC_e2510.dir/src.cxx.o
/usr/bin/c++ -DHAVE_CXX_FLAG_WSHORTEN_64_TO_32  -fno-exceptions -fno-rtti  -std=c++11  -Wall  -Wextra  -Wshadow  -Wsuggest-override  -Wshorten-64-to-32   -Wshorten-64-to-32 -std=c++11 -o CMakeFiles/cmTC_e2510.dir/src.cxx.o -c /home/zjn/桌面/app/advance-leveldb/leveldb/CMakeFiles/CMakeTmp/src.cxx
c++: error: unrecognized command-line option '-Wshorten-64-to-32'
c++: error: unrecognized command-line option '-Wshorten-64-to-32'
gmake[1]: *** [CMakeFiles/cmTC_e2510.dir/build.make:78: CMakeFiles/cmTC_e2510.dir/src.cxx.o] Error 1
gmake[1]: Leaving directory '/home/zjn/桌面/app/advance-leveldb/leveldb/CMakeFiles/CMakeTmp'
gmake: *** [Makefile:127: cmTC_e2510/fast] Error 2


Source file was:
int main() { return 0; }
Performing C++ SOURCE FILE Test HAVE_CXX_FLAG_WD654 failed with the following output:
Change Dir: /home/zjn/桌面/app/advance-leveldb/leveldb/CMakeFiles/CMakeTmp

Run Build Command(s):/usr/bin/gmake -f Makefile cmTC_dea34/fast && /usr/bin/gmake  -f CMakeFiles/cmTC_dea34.dir/build.make CMakeFiles/cmTC_dea34.dir/build
gmake[1]: Entering directory '/home/zjn/桌面/app/advance-leveldb/leveldb/CMakeFiles/CMakeTmp'
Building CXX object CMakeFiles/cmTC_dea34.dir/src.cxx.o
/usr/bin/c++ -DHAVE_CXX_FLAG_WD654  -fno-exceptions -fno-rtti  -std=c++11  -Wall  -Wextra  -Wshadow  -Wsuggest-override  -fstrict-aliasing  -Wno-deprecated-declarations  -fno-exceptions  -Wstrict-aliasing  -wd654   -wd654 -std=c++11 -o CMakeFiles/cmTC_dea34.dir/src.cxx.o -c /home/zjn/桌面/app/advance-leveldb/leveldb/CMakeFiles/CMakeTmp/src.cxx
c++: error: unrecognized command-line option '-wd654'
c++: error: unrecognized command-line option '-wd654'
gmake[1]: *** [CMakeFiles/cmTC_dea34.dir/build.make:78: CMakeFiles/cmTC_dea34.dir/src.cxx.o] Error 1
gmake[1]: Leaving directory '/home/zjn/桌面/app/advance-leveldb/leveldb/CMakeFiles/CMakeTmp'
gmake: *** [Makefile:127: cmTC_dea34/fast] Error 2


Source file was:
int main() { return 0; }
Performing C++ SOURCE FILE Test HAVE_CXX_FLAG_WTHREAD_SAFETY failed with the following output:
Change Dir: /home/zjn/桌面/app/advance-leveldb/leveldb/CMakeFiles/CMakeTmp

Run Build Command(s):/usr/bin/gmake -f Makefile cmTC_c599a/fast && /usr/bin/gmake  -f CMakeFiles/cmTC_c599a.dir/build.make CMakeFiles/cmTC_c599a.dir/build
gmake[1]: Entering directory '/home/zjn/桌面/app/advance-leveldb/leveldb/CMakeFiles/CMakeTmp'
Building CXX object CMakeFiles/cmTC_c599a.dir/src.cxx.o
/usr/bin/c++ -DHAVE_CXX_FLAG_WTHREAD_SAFETY  -fno-exceptions -fno-rtti  -std=c++11  -Wall  -Wextra  -Wshadow  -Wsuggest-override  -fstrict-aliasing  -Wno-deprecated-declarations  -fno-exceptions  -Wstrict-aliasing  -Wthread-safety   -Wthread-safety -std=c++11 -o CMakeFiles/cmTC_c599a.dir/src.cxx.o -c /home/zjn/桌面/app/advance-leveldb/leveldb/CMakeFiles/CMakeTmp/src.cxx
c++: error: unrecognized command-line option '-Wthread-safety'
c++: error: unrecognized command-line option '-Wthread-safety'
gmake[1]: *** [CMakeFiles/cmTC_c599a.dir/build.make:78: CMakeFiles/cmTC_c599a.dir/src.cxx.o] Error 1
gmake[1]: Leaving directory '/home/zjn/桌面/app/advance-leveldb/leveldb/CMakeFiles/CMakeTmp'
gmake: *** [Makefile:127: cmTC_c599a/fast] Error 2


Source file was:
int main() { return 0; }
Determining if the function sqlite3_open exists in the sqlite3 failed with the following output:
Change Dir: /home/zjn/桌面/app/advance-leveldb/leveldb/CMakeFiles/CMakeTmp

Run Build Command(s):/usr/bin/gmake -f Makefile cmTC_3fda0/fast && /usr/bin/gmake  -f CMakeFiles/cmTC_3fda0.dir/build.make CMakeFiles/cmTC_3fda0.dir/build
gmake[1]: 进入目录“/home/zjn/桌面/app/advance-leveldb/leveldb/CMakeFiles/CMakeTmp”
Building C object CMakeFiles/cmTC_3fda0.dir/CheckFunctionExists.c.o
/usr/bin/cc   -Wstrict-prototypes -DCHECK_FUNCTION_EXISTS=sqlite3_open -std=c11 -o CMakeFiles/cmTC_3fda0.dir/CheckFunctionExists.c.o -c /usr/share/cmake-3.22/Modules/CheckFunctionExists.c
Linking C executable cmTC_3fda0
/usr/bin/cmake -E cmake_link_script CMakeFiles/cmTC_3fda0.dir/link.txt --verbose=1
/usr/bin/cc  -Wstrict-prototypes -DCHECK_FUNCTION_EXISTS=sqlite3_open CMakeFiles/cmTC_3fda0.dir/CheckFunctionExists.c.o -o cmTC_3fda0  -lsqlite3 
/usr/bin/ld: 找不到 -lsqlite3: 没有那个文件或目录
collect2: error: ld returned 1 exit status
gmake[1]: *** [CMakeFiles/cmTC_3fda0.dir/build.make:99：cmTC_3fda0] 错误 1
gmake[1]: 离开目录“/home/zjn/桌面/app/advance-leveldb/leveldb/CMakeFiles/CMakeTmp”
gmake: *** [Makefile:127：cmTC_3fda0/fast] 错误 2



Performing C++ SOURCE FILE Test HAVE_KYOTOCABINET failed with the following output:
Change Dir: /home/zjn/桌面/app/advance-leveldb/leveldb/CMakeFiles/CMakeTmp

Run Build Command(s):/usr/bin/gmake -f Makefile cmTC_a4e5d/fast && /usr/bin/gmake  -f CMakeFiles/cmTC_a4e5d.dir/build.make CMakeFiles/cmTC_a4e5d.dir/build
gmake[1]: 进入目录“/home/zjn/桌面/app/advance-leveldb/leveldb/CMakeFiles/CMakeTmp”
Building CXX object CMakeFiles/cmTC_a4e5d.dir/src.cxx.o
/usr/bin/c++ -DHAVE_KYOTOCABINET  -fno-exceptions -fno-rtti  -std=c++11 -o CMakeFiles/cmTC_a4e5d.dir/src.cxx.o -c /home/zjn/桌面/app/advance-leveldb/leveldb/CMakeFiles/CMakeTmp/src.cxx
/home/zjn/桌面/app/advance-leveldb/leveldb/CMakeFiles/CMakeTmp/src.cxx:2:10: fatal error: kcpolydb.h: 没有那个文件或目录
    2 | #include <kcpolydb.h>
      |          ^~~~~~~~~~~~
compilation terminated.
gmake[1]: *** [CMakeFiles/cmTC_a4e5d.dir/build.make:78：CMakeFiles/cmTC_a4e5d.dir/src.cxx.o] 错误 1
gmake[1]: 离开目录“/home/zjn/桌面/app/advance-leveldb/leveldb/CMakeFiles/CMakeTmp”
gmake: *** [Makefile:127：cmTC_a4e5d/fast] 错误 2


Source file was:

#include <kcpolydb.h>

int main() {
  kyotocabinet::TreeDB* db = new kyotocabinet::TreeDB();
  delete db;
  return 0;
}
  
Determining if the function crc32c_value exists in the crc32c failed with the following output:
Change Dir: /home/zjn/桌面/app/advance-leveldb/leveldb/CMakeFiles/CMakeTmp

Run Build Command(s):/usr/bin/gmake -f Makefile cmTC_8d452/fast && /usr/bin/gmake  -f CMakeFiles/cmTC_8d452.dir/build.make CMakeFiles/cmTC_8d452.dir/build
gmake[1]: 进入目录“/home/zjn/桌面/app/advance-leveldb/leveldb/CMakeFiles/CMakeTmp”
Building C object CMakeFiles/cmTC_8d452.dir/CheckFunctionExists.c.o
/usr/bin/cc   -DCHECK_FUNCTION_EXISTS=crc32c_value -std=c11 -o CMakeFiles/cmTC_8d452.dir/CheckFunctionExists.c.o -c /usr/share/cmake-3.22/Modules/CheckFunctionExists.c
Linking C executable cmTC_8d452
/usr/bin/cmake -E cmake_link_script CMakeFiles/cmTC_8d452.dir/link.txt --verbose=1
/usr/bin/cc  -DCHECK_FUNCTION_EXISTS=crc32c_value CMakeFiles/cmTC_8d452.dir/CheckFunctionExists.c.o -o cmTC_8d452  -lcrc32c 
/usr/bin/ld: 找不到 -lcrc32c: 没有那个文件或目录
collect2: error: ld returned 1 exit status
gmake[1]: *** [CMakeFiles/cmTC_8d452.dir/build.make:99：cmTC_8d452] 错误 1
gmake[1]: 离开目录“/home/zjn/桌面/app/advance-leveldb/leveldb/CMakeFiles/CMakeTmp”
gmake: *** [Makefile:127：cmTC_8d452/fast] 错误 2



Determining if the function malloc exists in the tcmalloc failed with the following output:
Change Dir: /home/zjn/桌面/app/advance-leveldb/leveldb/CMakeFiles/CMakeTmp

Run Build Command(s):/usr/bin/gmake -f Makefile cmTC_89d9f/fast && /usr/bin/gmake  -f CMakeFiles/cmTC_89d9f.dir/build.make CMakeFiles/cmTC_89d9f.dir/build
gmake[1]: 进入目录“/home/zjn/桌面/app/advance-leveldb/leveldb/CMakeFiles/CMakeTmp”
Building C object CMakeFiles/cmTC_89d9f.dir/CheckFunctionExists.c.o
/usr/bin/cc   -DCHECK_FUNCTION_EXISTS=malloc -std=c11 -o CMakeFiles/cmTC_89d9f.dir/CheckFunctionExists.c.o -c /usr/share/cmake-3.22/Modules/CheckFunctionExists.c
<command-line>: warning: conflicting types for built-in function ‘malloc’; expected ‘void *(long unsigned int)’ [-Wbuiltin-declaration-mismatch]
/usr/share/cmake-3.22/Modules/CheckFunctionExists.c:7:3: note: in expansion of macro ‘CHECK_FUNCTION_EXISTS’
    7 |   CHECK_FUNCTION_EXISTS(void);
      |   ^~~~~~~~~~~~~~~~~~~~~
/usr/share/cmake-3.22/Modules/CheckFunctionExists.c:1:1: note: ‘malloc’ is declared in header ‘<stdlib.h>’
  +++ |+#include <stdlib.h>
    1 | #ifdef CHECK_FUNCTION_EXISTS
Linking C executable cmTC_89d9f
/usr/bin/cmake -E cmake_link_script CMakeFiles/cmTC_89d9f.dir/link.txt --verbose=1
/usr/bin/cc  -DCHECK_FUNCTION_EXISTS=malloc CMakeFiles/cmTC_89d9f.dir/CheckFunctionExists.c.o -o cmTC_89d9f  -ltcmalloc 
/usr/bin/ld: 找不到 -ltcmalloc: 没有那个文件或目录
collect2: error: ld returned 1 exit status
gmake[1]: *** [CMakeFiles/cmTC_89d9f.dir/build.make:99：cmTC_89d9f] 错误 1
gmake[1]: 离开目录“/home/zjn/桌面/app/advance-leveldb/leveldb/CMakeFiles/CMakeTmp”
gmake: *** [Makefile:127：cmTC_89d9f/fast] 错误 2



Determining if the F_FULLFSYNC exist failed with the following output:
Change Dir: /home/zjn/桌面/app/advance-leveldb/leveldb/CMakeFiles/CMakeTmp

Run Build Command(s):/usr/bin/gmake -f Makefile cmTC_3174f/fast && /usr/bin/gmake  -f CMakeFiles/cmTC_3174f.dir/build.make CMakeFiles/cmTC_3174f.dir/build
gmake[1]: 进入目录“/home/zjn/桌面/app/advance-leveldb/leveldb/CMakeFiles/CMakeTmp”
Building CXX object CMakeFiles/cmTC_3174f.dir/CheckSymbolExists.cxx.o
/usr/bin/c++   -std=c++11 -o CMakeFiles/cmTC_3174f.dir/CheckSymbolExists.cxx.o -c /home/zjn/桌面/app/advance-leveldb/leveldb/CMakeFiles/CMakeTmp/CheckSymbolExists.cxx
/home/zjn/桌面/app/advance-leveldb/leveldb/CMakeFiles/CMakeTmp/CheckSymbolExists.cxx: In function ‘int main(int, char**)’:
/home/zjn/桌面/app/advance-leveldb/leveldb/CMakeFiles/CMakeTmp/CheckSymbolExists.cxx:8:19: error: ‘F_FULLFSYNC’ was not declared in this scope
    8 |   return ((int*)(&F_FULLFSYNC))[argc];
      |                   ^~~~~~~~~~~
gmake[1]: *** [CMakeFiles/cmTC_3174f.dir/build.make:78：CMakeFiles/cmTC_3174f.dir/CheckSymbolExists.cxx.o] 错误 1
gmake[1]: 离开目录“/home/zjn/桌面/app/advance-leveldb/leveldb/CMakeFiles/CMakeTmp”
gmake: *** [Makefile:127：cmTC_3174f/fast] 错误 2


File /home/zjn/桌面/app/advance-leveldb/leveldb/CMakeFiles/CMakeTmp/CheckSymbolExists.cxx:
/* */
#include <fcntl.h>

int main(int argc, char** argv)
{
  (void)argv;
#ifndef F_FULLFSYNC
  return ((int*)(&F_FULLFSYNC))[argc];
#else
  (void)argc;
  return 0;
#endif
}
Performing C++ SOURCE FILE Test HAVE_CLANG_THREAD_SAFETY failed with the following output:
Change Dir: /home/zjn/桌面/app/advance-leveldb/leveldb/CMakeFiles/CMakeTmp

Run Build Command(s):/usr/bin/gmake -f Makefile cmTC_e8ca4/fast && /usr/bin/gmake  -f CMakeFiles/cmTC_e8ca4.dir/build.make CMakeFiles/cmTC_e8ca4.dir/build
gmake[1]: Entering directory '/home/zjn/桌面/app/advance-leveldb/leveldb/CMakeFiles/CMakeTmp'
Building CXX object CMakeFiles/cmTC_e8ca4.dir/src.cxx.o
/usr/bin/c++ -DHAVE_CLANG_THREAD_SAFETY  -fno-exceptions -fno-rtti    -Wthread-safety -std=c++11 -o CMakeFiles/cmTC_e8ca4.dir/src.cxx.o -c /home/zjn/桌面/app/advance-leveldb/leveldb/CMakeFiles/CMakeTmp/src.cxx
c++: error: unrecognized command-line option '-Wthread-safety'
gmake[1]: *** [CMakeFiles/cmTC_e8ca4.dir/build.make:78: CMakeFiles/cmTC_e8ca4.dir/src.cxx.o] Error 1
gmake[1]: Leaving directory '/home/zjn/桌面/app/advance-leveldb/leveldb/CMakeFiles/CMakeTmp'
gmake: *** [Makefile:127: cmTC_e8ca4/fast] Error 2


Source file was:
int main() { return 0; }
Performing C++ SOURCE FILE Test HAVE_CXX_FLAG_WSHORTEN_64_TO_32 failed with the following output:
Change Dir: /home/zjn/桌面/app/advance-leveldb/leveldb/CMakeFiles/CMakeTmp

Run Build Command(s):/usr/bin/gmake -f Makefile cmTC_ffb47/fast && /usr/bin/gmake  -f CMakeFiles/cmTC_ffb47.dir/build.make CMakeFiles/cmTC_ffb47.dir/build
gmake[1]: Entering directory '/home/zjn/桌面/app/advance-leveldb/leveldb/CMakeFiles/CMakeTmp'
Building CXX object CMakeFiles/cmTC_ffb47.dir/src.cxx.o
/usr/bin/c++ -DHAVE_CXX_FLAG_WSHORTEN_64_TO_32  -fno-exceptions -fno-rtti  -std=c++11  -Wall  -Wextra  -Wshadow  -Wsuggest-override  -Wshorten-64-to-32   -Wshorten-64-to-32 -std=c++11 -o CMakeFiles/cmTC_ffb47.dir/src.cxx.o -c /home/zjn/桌面/app/advance-leveldb/leveldb/CMakeFiles/CMakeTmp/src.cxx
c++: error: unrecognized command-line option '-Wshorten-64-to-32'
c++: error: unrecognized command-line option '-Wshorten-64-to-32'
gmake[1]: *** [CMakeFiles/cmTC_ffb47.dir/build.make:78: CMakeFiles/cmTC_ffb47.dir/src.cxx.o] Error 1
gmake[1]: Leaving directory '/home/zjn/桌面/app/advance-leveldb/leveldb/CMakeFiles/CMakeTmp'
gmake: *** [Makefile:127: cmTC_ffb47/fast] Error 2


Source file was:
int main() { return 0; }
Performing C++ SOURCE FILE Test HAVE_CXX_FLAG_WD654 failed with the following output:
Change Dir: /home/zjn/桌面/app/advance-leveldb/leveldb/CMakeFiles/CMakeTmp

Run Build Command(s):/usr/bin/gmake -f Makefile cmTC_af719/fast && /usr/bin/gmake  -f CMakeFiles/cmTC_af719.dir/build.make CMakeFiles/cmTC_af719.dir/build
gmake[1]: Entering directory '/home/zjn/桌面/app/advance-leveldb/leveldb/CMakeFiles/CMakeTmp'
Building CXX object CMakeFiles/cmTC_af719.dir/src.cxx.o
/usr/bin/c++ -DHAVE_CXX_FLAG_WD654  -fno-exceptions -fno-rtti  -std=c++11  -Wall  -Wextra  -Wshadow  -Wsuggest-override  -fstrict-aliasing  -Wno-deprecated-declarations  -fno-exceptions  -Wstrict-aliasing  -wd654   -wd654 -std=c++11 -o CMakeFiles/cmTC_af719.dir/src.cxx.o -c /home/zjn/桌面/app/advance-leveldb/leveldb/CMakeFiles/CMakeTmp/src.cxx
c++: error: unrecognized command-line option '-wd654'
c++: error: unrecognized command-line option '-wd654'
gmake[1]: *** [CMakeFiles/cmTC_af719.dir/build.make:78: CMakeFiles/cmTC_af719.dir/src.cxx.o] Error 1
gmake[1]: Leaving directory '/home/zjn/桌面/app/advance-leveldb/leveldb/CMakeFiles/CMakeTmp'
gmake: *** [Makefile:127: cmTC_af719/fast] Error 2


Source file was:
int main() { return 0; }
Performing C++ SOURCE FILE Test HAVE_CXX_FLAG_WTHREAD_SAFETY failed with the following output:
Change Dir: /home/zjn/桌面/app/advance-leveldb/leveldb/CMakeFiles/CMakeTmp

Run Build Command(s):/usr/bin/gmake -f Makefile cmTC_27d18/fast && /usr/bin/gmake  -f CMakeFiles/cmTC_27d18.dir/build.make CMakeFiles/cmTC_27d18.dir/build
gmake[1]: Entering directory '/home/zjn/桌面/app/advance-leveldb/leveldb/CMakeFiles/CMakeTmp'
Building CXX object CMakeFiles/cmTC_27d18.dir/src.cxx.o
/usr/bin/c++ -DHAVE_CXX_FLAG_WTHREAD_SAFETY  -fno-exceptions -fno-rtti  -std=c++11  -Wall  -Wextra  -Wshadow  -Wsuggest-override  -fstrict-aliasing  -Wno-deprecated-declarations  -fno-exceptions  -Wstrict-aliasing  -Wthread-safety   -Wthread-safety -std=c++11 -o CMakeFiles/cmTC_27d18.dir/src.cxx.o -c /home/zjn/桌面/app/advance-leveldb/leveldb/CMakeFiles/CMakeTmp/src.cxx
c++: error: unrecognized command-line option '-Wthread-safety'
c++: error: unrecognized command-line option '-Wthread-safety'
gmake[1]: *** [CMakeFiles/cmTC_27d18.dir/build.make:78: CMakeFiles/cmTC_27d18.dir/src.cxx.o] Error 1
gmake[1]: Leaving directory '/home/zjn/桌面/app/advance-leveldb/leveldb/CMakeFiles/CMakeTmp'
gmake: *** [Makefile:127: cmTC_27d18/fast] Error 2


Source file was:
int main() { return 0; }
Determining if the function sqlite3_open exists in the sqlite3 failed with the following output:
Change Dir: /home/zjn/桌面/app/advance-leveldb/leveldb/CMakeFiles/CMakeTmp

Run Build Command(s):/usr/bin/gmake -f Makefile cmTC_89042/fast && /usr/bin/gmake  -f CMakeFiles/cmTC_89042.dir/build.make CMakeFiles/cmTC_89042.dir/build
gmake[1]: 进入目录“/home/zjn/桌面/app/advance-leveldb/leveldb/CMakeFiles/CMakeTmp”
Building C object CMakeFiles/cmTC_89042.dir/CheckFunctionExists.c.o
/usr/bin/cc   -Wstrict-prototypes -DCHECK_FUNCTION_EXISTS=sqlite3_open -std=c11 -o CMakeFiles/cmTC_89042.dir/CheckFunctionExists.c.o -c /usr/share/cmake-3.22/Modules/CheckFunctionExists.c
Linking C executable cmTC_89042
/usr/bin/cmake -E cmake_link_script CMakeFiles/cmTC_89042.dir/link.txt --verbose=1
/usr/bin/cc  -Wstrict-prototypes -DCHECK_FUNCTION_EXISTS=sqlite3_open CMakeFiles/cmTC_89042.dir/CheckFunctionExists.c.o -o cmTC_89042  -lsqlite3 
/usr/bin/ld: 找不到 -lsqlite3: 没有那个文件或目录
collect2: error: ld returned 1 exit status
gmake[1]: *** [CMakeFiles/cmTC_89042.dir/build.make:99：cmTC_89042] 错误 1
gmake[1]: 离开目录“/home/zjn/桌面/app/advance-leveldb/leveldb/CMakeFiles/CMakeTmp”
gmake: *** [Makefile:127：cmTC_89042/fast] 错误 2



Performing C++ SOURCE FILE Test HAVE_KYOTOCABINET failed with the following output:
Change Dir: /home/zjn/桌面/app/advance-leveldb/leveldb/CMakeFiles/CMakeTmp

Run Build Command(s):/usr/bin/gmake -f Makefile cmTC_ea74f/fast && /usr/bin/gmake  -f CMakeFiles/cmTC_ea74f.dir/build.make CMakeFiles/cmTC_ea74f.dir/build
gmake[1]: 进入目录“/home/zjn/桌面/app/advance-leveldb/leveldb/CMakeFiles/CMakeTmp”
Building CXX object CMakeFiles/cmTC_ea74f.dir/src.cxx.o
/usr/bin/c++ -DHAVE_KYOTOCABINET  -fno-exceptions -fno-rtti  -std=c++11 -o CMakeFiles/cmTC_ea74f.dir/src.cxx.o -c /home/zjn/桌面/app/advance-leveldb/leveldb/CMakeFiles/CMakeTmp/src.cxx
/home/zjn/桌面/app/advance-leveldb/leveldb/CMakeFiles/CMakeTmp/src.cxx:2:10: fatal error: kcpolydb.h: 没有那个文件或目录
    2 | #include <kcpolydb.h>
      |          ^~~~~~~~~~~~
compilation terminated.
gmake[1]: *** [CMakeFiles/cmTC_ea74f.dir/build.make:78：CMakeFiles/cmTC_ea74f.dir/src.cxx.o] 错误 1
gmake[1]: 离开目录“/home/zjn/桌面/app/advance-leveldb/leveldb/CMakeFiles/CMakeTmp”
gmake: *** [Makefile:127：cmTC_ea74f/fast] 错误 2


Source file was:

#include <kcpolydb.h>

int main() {
  kyotocabinet::TreeDB* db = new kyotocabinet::TreeDB();
  delete db;
  return 0;
}
  
Determining if the function crc32c_value exists in the crc32c failed with the following output:
Change Dir: /home/zjn/桌面/app/advance-leveldb/leveldb/CMakeFiles/CMakeTmp

Run Build Command(s):/usr/bin/gmake -f Makefile cmTC_b82e0/fast && /usr/bin/gmake  -f CMakeFiles/cmTC_b82e0.dir/build.make CMakeFiles/cmTC_b82e0.dir/build
gmake[1]: 进入目录“/home/zjn/桌面/app/advance-leveldb/leveldb/CMakeFiles/CMakeTmp”
Building C object CMakeFiles/cmTC_b82e0.dir/CheckFunctionExists.c.o
/usr/bin/cc   -DCHECK_FUNCTION_EXISTS=crc32c_value -std=c11 -o CMakeFiles/cmTC_b82e0.dir/CheckFunctionExists.c.o -c /usr/share/cmake-3.22/Modules/CheckFunctionExists.c
Linking C executable cmTC_b82e0
/usr/bin/cmake -E cmake_link_script CMakeFiles/cmTC_b82e0.dir/link.txt --verbose=1
/usr/bin/cc  -DCHECK_FUNCTION_EXISTS=crc32c_value CMakeFiles/cmTC_b82e0.dir/CheckFunctionExists.c.o -o cmTC_b82e0  -lcrc32c 
/usr/bin/ld: 找不到 -lcrc32c: 没有那个文件或目录
collect2: error: ld returned 1 exit status
gmake[1]: *** [CMakeFiles/cmTC_b82e0.dir/build.make:99：cmTC_b82e0] 错误 1
gmake[1]: 离开目录“/home/zjn/桌面/app/advance-leveldb/leveldb/CMakeFiles/CMakeTmp”
gmake: *** [Makefile:127：cmTC_b82e0/fast] 错误 2



Determining if the function malloc exists in the tcmalloc failed with the following output:
Change Dir: /home/zjn/桌面/app/advance-leveldb/leveldb/CMakeFiles/CMakeTmp

Run Build Command(s):/usr/bin/gmake -f Makefile cmTC_5fe99/fast && /usr/bin/gmake  -f CMakeFiles/cmTC_5fe99.dir/build.make CMakeFiles/cmTC_5fe99.dir/build
gmake[1]: 进入目录“/home/zjn/桌面/app/advance-leveldb/leveldb/CMakeFiles/CMakeTmp”
Building C object CMakeFiles/cmTC_5fe99.dir/CheckFunctionExists.c.o
/usr/bin/cc   -DCHECK_FUNCTION_EXISTS=malloc -std=c11 -o CMakeFiles/cmTC_5fe99.dir/CheckFunctionExists.c.o -c /usr/share/cmake-3.22/Modules/CheckFunctionExists.c
<command-line>: warning: conflicting types for built-in function ‘malloc’; expected ‘void *(long unsigned int)’ [-Wbuiltin-declaration-mismatch]
/usr/share/cmake-3.22/Modules/CheckFunctionExists.c:7:3: note: in expansion of macro ‘CHECK_FUNCTION_EXISTS’
    7 |   CHECK_FUNCTION_EXISTS(void);
      |   ^~~~~~~~~~~~~~~~~~~~~
/usr/share/cmake-3.22/Modules/CheckFunctionExists.c:1:1: note: ‘malloc’ is declared in header ‘<stdlib.h>’
  +++ |+#include <stdlib.h>
    1 | #ifdef CHECK_FUNCTION_EXISTS
Linking C executable cmTC_5fe99
/usr/bin/cmake -E cmake_link_script CMakeFiles/cmTC_5fe99.dir/link.txt --verbose=1
/usr/bin/cc  -DCHECK_FUNCTION_EXISTS=malloc CMakeFiles/cmTC_5fe99.dir/CheckFunctionExists.c.o -o cmTC_5fe99  -ltcmalloc 
/usr/bin/ld: 找不到 -ltcmalloc: 没有那个文件或目录
collect2: error: ld returned 1 exit status
gmake[1]: *** [CMakeFiles/cmTC_5fe99.dir/build.make:99：cmTC_5fe99] 错误 1
gmake[1]: 离开目录“/home/zjn/桌面/app/advance-leveldb/leveldb/CMakeFiles/CMakeTmp”
gmake: *** [Makefile:127：cmTC_5fe99/fast] 错误 2



Determining if the F_FULLFSYNC exist failed with the following output:
Change Dir: /home/zjn/桌面/app/advance-leveldb/leveldb/CMakeFiles/CMakeTmp

Run Build Command(s):/usr/bin/gmake -f Makefile cmTC_87797/fast && /usr/bin/gmake  -f CMakeFiles/cmTC_87797.dir/build.make CMakeFiles/cmTC_87797.dir/build
gmake[1]: 进入目录“/home/zjn/桌面/app/advance-leveldb/leveldb/CMakeFiles/CMakeTmp”
Building CXX object CMakeFiles/cmTC_87797.dir/CheckSymbolExists.cxx.o
/usr/bin/c++   -std=c++11 -o CMakeFiles/cmTC_87797.dir/CheckSymbolExists.cxx.o -c /home/zjn/桌面/app/advance-leveldb/leveldb/CMakeFiles/CMakeTmp/CheckSymbolExists.cxx
/home/zjn/桌面/app/advance-leveldb/leveldb/CMakeFiles/CMakeTmp/CheckSymbolExists.cxx: In function ‘int main(int, char**)’:
/home/zjn/桌面/app/advance-leveldb/leveldb/CMakeFiles/CMakeTmp/CheckSymbolExists.cxx:8:19: error: ‘F_FULLFSYNC’ was not declared in this scope
    8 |   return ((int*)(&F_FULLFSYNC))[argc];
      |                   ^~~~~~~~~~~
gmake[1]: *** [CMakeFiles/cmTC_87797.dir/build.make:78：CMakeFiles/cmTC_87797.dir/CheckSymbolExists.cxx.o] 错误 1
gmake[1]: 离开目录“/home/zjn/桌面/app/advance-leveldb/leveldb/CMakeFiles/CMakeTmp”
gmake: *** [Makefile:127：cmTC_87797/fast] 错误 2


File /home/zjn/桌面/app/advance-leveldb/leveldb/CMakeFiles/CMakeTmp/CheckSymbolExists.cxx:
/* */
#include <fcntl.h>

int main(int argc, char** argv)
{
  (void)argv;
#ifndef F_FULLFSYNC
  return ((int*)(&F_FULLFSYNC))[argc];
#else
  (void)argc;
  return 0;
#endif
}
Performing C++ SOURCE FILE Test HAVE_CLANG_THREAD_SAFETY failed with the following output:
Change Dir: /home/zjn/桌面/app/advance-leveldb/leveldb/CMakeFiles/CMakeTmp

Run Build Command(s):/usr/bin/gmake -f Makefile cmTC_5d4cf/fast && /usr/bin/gmake  -f CMakeFiles/cmTC_5d4cf.dir/build.make CMakeFiles/cmTC_5d4cf.dir/build
gmake[1]: Entering directory '/home/zjn/桌面/app/advance-leveldb/leveldb/CMakeFiles/CMakeTmp'
Building CXX object CMakeFiles/cmTC_5d4cf.dir/src.cxx.o
/usr/bin/c++ -DHAVE_CLANG_THREAD_SAFETY  -fno-exceptions -fno-rtti    -Wthread-safety -std=c++11 -o CMakeFiles/cmTC_5d4cf.dir/src.cxx.o -c /home/zjn/桌面/app/advance-leveldb/leveldb/CMakeFiles/CMakeTmp/src.cxx
c++: error: unrecognized command-line option '-Wthread-safety'
gmake[1]: *** [CMakeFiles/cmTC_5d4cf.dir/build.make:78: CMakeFiles/cmTC_5d4cf.dir/src.cxx.o] Error 1
gmake[1]: Leaving directory '/home/zjn/桌面/app/advance-leveldb/leveldb/CMakeFiles/CMakeTmp'
gmake: *** [Makefile:127: cmTC_5d4cf/fast] Error 2


Source file was:
int main() { return 0; }
Performing C++ SOURCE FILE Test HAVE_CXX_FLAG_WSHORTEN_64_TO_32 failed with the following output:
Change Dir: /home/zjn/桌面/app/advance-leveldb/leveldb/CMakeFiles/CMakeTmp

Run Build Command(s):/usr/bin/gmake -f Makefile cmTC_e6ea6/fast && /usr/bin/gmake  -f CMakeFiles/cmTC_e6ea6.dir/build.make CMakeFiles/cmTC_e6ea6.dir/build
gmake[1]: Entering directory '/home/zjn/桌面/app/advance-leveldb/leveldb/CMakeFiles/CMakeTmp'
Building CXX object CMakeFiles/cmTC_e6ea6.dir/src.cxx.o
/usr/bin/c++ -DHAVE_CXX_FLAG_WSHORTEN_64_TO_32  -fno-exceptions -fno-rtti  -std=c++11  -Wall  -Wextra  -Wshadow  -Wsuggest-override  -Wshorten-64-to-32   -Wshorten-64-to-32 -std=c++11 -o CMakeFiles/cmTC_e6ea6.dir/src.cxx.o -c /home/zjn/桌面/app/advance-leveldb/leveldb/CMakeFiles/CMakeTmp/src.cxx
c++: error: unrecognized command-line option '-Wshorten-64-to-32'
c++: error: unrecognized command-line option '-Wshorten-64-to-32'
gmake[1]: *** [CMakeFiles/cmTC_e6ea6.dir/build.make:78: CMakeFiles/cmTC_e6ea6.dir/src.cxx.o] Error 1
gmake[1]: Leaving directory '/home/zjn/桌面/app/advance-leveldb/leveldb/CMakeFiles/CMakeTmp'
gmake: *** [Makefile:127: cmTC_e6ea6/fast] Error 2


Source file was:
int main() { return 0; }
Performing C++ SOURCE FILE Test HAVE_CXX_FLAG_WD654 failed with the following output:
Change Dir: /home/zjn/桌面/app/advance-leveldb/leveldb/CMakeFiles/CMakeTmp

Run Build Command(s):/usr/bin/gmake -f Makefile cmTC_3603d/fast && /usr/bin/gmake  -f CMakeFiles/cmTC_3603d.dir/build.make CMakeFiles/cmTC_3603d.dir/build
gmake[1]: Entering directory '/home/zjn/桌面/app/advance-leveldb/leveldb/CMakeFiles/CMakeTmp'
Building CXX object CMakeFiles/cmTC_3603d.dir/src.cxx.o
/usr/bin/c++ -DHAVE_CXX_FLAG_WD654  -fno-exceptions -fno-rtti  -std=c++11  -Wall  -Wextra  -Wshadow  -Wsuggest-override  -fstrict-aliasing  -Wno-deprecated-declarations  -fno-exceptions  -Wstrict-aliasing  -wd654   -wd654 -std=c++11 -o CMakeFiles/cmTC_3603d.dir/src.cxx.o -c /home/zjn/桌面/app/advance-leveldb/leveldb/CMakeFiles/CMakeTmp/src.cxx
c++: error: unrecognized command-line option '-wd654'
c++: error: unrecognized command-line option '-wd654'
gmake[1]: *** [CMakeFiles/cmTC_3603d.dir/build.make:78: CMakeFiles/cmTC_3603d.dir/src.cxx.o] Error 1
gmake[1]: Leaving directory '/home/zjn/桌面/app/advance-leveldb/leveldb/CMakeFiles/CMakeTmp'
gmake: *** [Makefile:127: cmTC_3603d/fast] Error 2


Source file was:
int main() { return 0; }
Performing C++ SOURCE FILE Test HAVE_CXX_FLAG_WTHREAD_SAFETY failed with the following output:
Change Dir: /home/zjn/桌面/app/advance-leveldb/leveldb/CMakeFiles/CMakeTmp

Run Build Command(s):/usr/bin/gmake -f Makefile cmTC_051c0/fast && /usr/bin/gmake  -f CMakeFiles/cmTC_051c0.dir/build.make CMakeFiles/cmTC_051c0.dir/build
gmake[1]: Entering directory '/home/zjn/桌面/app/advance-leveldb/leveldb/CMakeFiles/CMakeTmp'
Building CXX object CMakeFiles/cmTC_051c0.dir/src.cxx.o
/usr/bin/c++ -DHAVE_CXX_FLAG_WTHREAD_SAFETY  -fno-exceptions -fno-rtti  -std=c++11  -Wall  -Wextra  -Wshadow  -Wsuggest-override  -fstrict-aliasing  -Wno-deprecated-declarations  -fno-exceptions  -Wstrict-aliasing  -Wthread-safety   -Wthread-safety -std=c++11 -o CMakeFiles/cmTC_051c0.dir/src.cxx.o -c /home/zjn/桌面/app/advance-leveldb/leveldb/CMakeFiles/CMakeTmp/src.cxx
c++: error: unrecognized command-line option '-Wthread-safety'
c++: error: unrecognized command-line option '-Wthread-safety'
gmake[1]: *** [CMakeFiles/cmTC_051c0.dir/build.make:78: CMakeFiles/cmTC_051c0.dir/src.cxx.o] Error 1
gmake[1]: Leaving directory '/home/zjn/桌面/app/advance-leveldb/leveldb/CMakeFiles/CMakeTmp'
gmake: *** [Makefile:127: cmTC_051c0/fast] Error 2


Source file was:
int main() { return 0; }
Determining if the function sqlite3_open exists in the sqlite3 failed with the following output:
Change Dir: /home/zjn/桌面/app/advance-leveldb/leveldb/CMakeFiles/CMakeTmp

Run Build Command(s):/usr/bin/gmake -f Makefile cmTC_d3b8c/fast && /usr/bin/gmake  -f CMakeFiles/cmTC_d3b8c.dir/build.make CMakeFiles/cmTC_d3b8c.dir/build
gmake[1]: 进入目录“/home/zjn/桌面/app/advance-leveldb/leveldb/CMakeFiles/CMakeTmp”
Building C object CMakeFiles/cmTC_d3b8c.dir/CheckFunctionExists.c.o
/usr/bin/cc   -Wstrict-prototypes -DCHECK_FUNCTION_EXISTS=sqlite3_open -std=c11 -o CMakeFiles/cmTC_d3b8c.dir/CheckFunctionExists.c.o -c /usr/share/cmake-3.22/Modules/CheckFunctionExists.c
Linking C executable cmTC_d3b8c
/usr/bin/cmake -E cmake_link_script CMakeFiles/cmTC_d3b8c.dir/link.txt --verbose=1
/usr/bin/cc  -Wstrict-prototypes -DCHECK_FUNCTION_EXISTS=sqlite3_open CMakeFiles/cmTC_d3b8c.dir/CheckFunctionExists.c.o -o cmTC_d3b8c  -lsqlite3 
/usr/bin/ld: 找不到 -lsqlite3: 没有那个文件或目录
collect2: error: ld returned 1 exit status
gmake[1]: *** [CMakeFiles/cmTC_d3b8c.dir/build.make:99：cmTC_d3b8c] 错误 1
gmake[1]: 离开目录“/home/zjn/桌面/app/advance-leveldb/leveldb/CMakeFiles/CMakeTmp”
gmake: *** [Makefile:127：cmTC_d3b8c/fast] 错误 2



Performing C++ SOURCE FILE Test HAVE_KYOTOCABINET failed with the following output:
Change Dir: /home/zjn/桌面/app/advance-leveldb/leveldb/CMakeFiles/CMakeTmp

Run Build Command(s):/usr/bin/gmake -f Makefile cmTC_e2741/fast && /usr/bin/gmake  -f CMakeFiles/cmTC_e2741.dir/build.make CMakeFiles/cmTC_e2741.dir/build
gmake[1]: 进入目录“/home/zjn/桌面/app/advance-leveldb/leveldb/CMakeFiles/CMakeTmp”
Building CXX object CMakeFiles/cmTC_e2741.dir/src.cxx.o
/usr/bin/c++ -DHAVE_KYOTOCABINET  -fno-exceptions -fno-rtti  -std=c++11 -o CMakeFiles/cmTC_e2741.dir/src.cxx.o -c /home/zjn/桌面/app/advance-leveldb/leveldb/CMakeFiles/CMakeTmp/src.cxx
/home/zjn/桌面/app/advance-leveldb/leveldb/CMakeFiles/CMakeTmp/src.cxx:2:10: fatal error: kcpolydb.h: 没有那个文件或目录
    2 | #include <kcpolydb.h>
      |          ^~~~~~~~~~~~
compilation terminated.
gmake[1]: *** [CMakeFiles/cmTC_e2741.dir/build.make:78：CMakeFiles/cmTC_e2741.dir/src.cxx.o] 错误 1
gmake[1]: 离开目录“/home/zjn/桌面/app/advance-leveldb/leveldb/CMakeFiles/CMakeTmp”
gmake: *** [Makefile:127：cmTC_e2741/fast] 错误 2


Source file was:

#include <kcpolydb.h>

int main() {
  kyotocabinet::TreeDB* db = new kyotocabinet::TreeDB();
  delete db;
  return 0;
}
  
Determining if the function crc32c_value exists in the crc32c failed with the following output:
Change Dir: /home/zjn/桌面/app/advance-leveldb/leveldb/CMakeFiles/CMakeTmp

Run Build Command(s):/usr/bin/gmake -f Makefile cmTC_929e2/fast && /usr/bin/gmake  -f CMakeFiles/cmTC_929e2.dir/build.make CMakeFiles/cmTC_929e2.dir/build
gmake[1]: 进入目录“/home/zjn/桌面/app/advance-leveldb/leveldb/CMakeFiles/CMakeTmp”
Building C object CMakeFiles/cmTC_929e2.dir/CheckFunctionExists.c.o
/usr/bin/cc   -DCHECK_FUNCTION_EXISTS=crc32c_value -std=c11 -o CMakeFiles/cmTC_929e2.dir/CheckFunctionExists.c.o -c /usr/share/cmake-3.22/Modules/CheckFunctionExists.c
Linking C executable cmTC_929e2
/usr/bin/cmake -E cmake_link_script CMakeFiles/cmTC_929e2.dir/link.txt --verbose=1
/usr/bin/cc  -DCHECK_FUNCTION_EXISTS=crc32c_value CMakeFiles/cmTC_929e2.dir/CheckFunctionExists.c.o -o cmTC_929e2  -lcrc32c 
/usr/bin/ld: 找不到 -lcrc32c: 没有那个文件或目录
collect2: error: ld returned 1 exit status
gmake[1]: *** [CMakeFiles/cmTC_929e2.dir/build.make:99：cmTC_929e2] 错误 1
gmake[1]: 离开目录“/home/zjn/桌面/app/advance-leveldb/leveldb/CMakeFiles/CMakeTmp”
gmake: *** [Makefile:127：cmTC_929e2/fast] 错误 2



Determining if the function malloc exists in the tcmalloc failed with the following output:
Change Dir: /home/zjn/桌面/app/advance-leveldb/leveldb/CMakeFiles/CMakeTmp

Run Build Command(s):/usr/bin/gmake -f Makefile cmTC_5c9dd/fast && /usr/bin/gmake  -f CMakeFiles/cmTC_5c9dd.dir/build.make CMakeFiles/cmTC_5c9dd.dir/build
gmake[1]: 进入目录“/home/zjn/桌面/app/advance-leveldb/leveldb/CMakeFiles/CMakeTmp”
Building C object CMakeFiles/cmTC_5c9dd.dir/CheckFunctionExists.c.o
/usr/bin/cc   -DCHECK_FUNCTION_EXISTS=malloc -std=c11 -o CMakeFiles/cmTC_5c9dd.dir/CheckFunctionExists.c.o -c /usr/share/cmake-3.22/Modules/CheckFunctionExists.c
<command-line>: warning: conflicting types for built-in function ‘malloc’; expected ‘void *(long unsigned int)’ [-Wbuiltin-declaration-mismatch]
/usr/share/cmake-3.22/Modules/CheckFunctionExists.c:7:3: note: in expansion of macro ‘CHECK_FUNCTION_EXISTS’
    7 |   CHECK_FUNCTION_EXISTS(void);
      |   ^~~~~~~~~~~~~~~~~~~~~
/usr/share/cmake-3.22/Modules/CheckFunctionExists.c:1:1: note: ‘malloc’ is declared in header ‘<stdlib.h>’
  +++ |+#include <stdlib.h>
    1 | #ifdef CHECK_FUNCTION_EXISTS
Linking C executable cmTC_5c9dd
/usr/bin/cmake -E cmake_link_script CMakeFiles/cmTC_5c9dd.dir/link.txt --verbose=1
/usr/bin/cc  -DCHECK_FUNCTION_EXISTS=malloc CMakeFiles/cmTC_5c9dd.dir/CheckFunctionExists.c.o -o cmTC_5c9dd  -ltcmalloc 
/usr/bin/ld: 找不到 -ltcmalloc: 没有那个文件或目录
collect2: error: ld returned 1 exit status
gmake[1]: *** [CMakeFiles/cmTC_5c9dd.dir/build.make:99：cmTC_5c9dd] 错误 1
gmake[1]: 离开目录“/home/zjn/桌面/app/advance-leveldb/leveldb/CMakeFiles/CMakeTmp”
gmake: *** [Makefile:127：cmTC_5c9dd/fast] 错误 2



Determining if the F_FULLFSYNC exist failed with the following output:
Change Dir: /home/zjn/桌面/app/advance-leveldb/leveldb/CMakeFiles/CMakeTmp

Run Build Command(s):/usr/bin/gmake -f Makefile cmTC_a2cab/fast && /usr/bin/gmake  -f CMakeFiles/cmTC_a2cab.dir/build.make CMakeFiles/cmTC_a2cab.dir/build
gmake[1]: 进入目录“/home/zjn/桌面/app/advance-leveldb/leveldb/CMakeFiles/CMakeTmp”
Building CXX object CMakeFiles/cmTC_a2cab.dir/CheckSymbolExists.cxx.o
/usr/bin/c++   -std=c++11 -o CMakeFiles/cmTC_a2cab.dir/CheckSymbolExists.cxx.o -c /home/zjn/桌面/app/advance-leveldb/leveldb/CMakeFiles/CMakeTmp/CheckSymbolExists.cxx
/home/zjn/桌面/app/advance-leveldb/leveldb/CMakeFiles/CMakeTmp/CheckSymbolExists.cxx: In function ‘int main(int, char**)’:
/home/zjn/桌面/app/advance-leveldb/leveldb/CMakeFiles/CMakeTmp/CheckSymbolExists.cxx:8:19: error: ‘F_FULLFSYNC’ was not declared in this scope
    8 |   return ((int*)(&F_FULLFSYNC))[argc];
      |                   ^~~~~~~~~~~
gmake[1]: *** [CMakeFiles/cmTC_a2cab.dir/build.make:78：CMakeFiles/cmTC_a2cab.dir/CheckSymbolExists.cxx.o] 错误 1
gmake[1]: 离开目录“/home/zjn/桌面/app/advance-leveldb/leveldb/CMakeFiles/CMakeTmp”
gmake: *** [Makefile:127：cmTC_a2cab/fast] 错误 2


File /home/zjn/桌面/app/advance-leveldb/leveldb/CMakeFiles/CMakeTmp/CheckSymbolExists.cxx:
/* */
#include <fcntl.h>

int main(int argc, char** argv)
{
  (void)argv;
#ifndef F_FULLFSYNC
  return ((int*)(&F_FULLFSYNC))[argc];
#else
  (void)argc;
  return 0;
#endif
}
Performing C++ SOURCE FILE Test HAVE_CLANG_THREAD_SAFETY failed with the following output:
Change Dir: /home/zjn/桌面/app/advance-leveldb/leveldb/CMakeFiles/CMakeTmp

Run Build Command(s):/usr/bin/gmake -f Makefile cmTC_cd74d/fast && /usr/bin/gmake  -f CMakeFiles/cmTC_cd74d.dir/build.make CMakeFiles/cmTC_cd74d.dir/build
gmake[1]: Entering directory '/home/zjn/桌面/app/advance-leveldb/leveldb/CMakeFiles/CMakeTmp'
Building CXX object CMakeFiles/cmTC_cd74d.dir/src.cxx.o
/usr/bin/c++ -DHAVE_CLANG_THREAD_SAFETY  -fno-exceptions -fno-rtti    -Wthread-safety -std=c++11 -o CMakeFiles/cmTC_cd74d.dir/src.cxx.o -c /home/zjn/桌面/app/advance-leveldb/leveldb/CMakeFiles/CMakeTmp/src.cxx
c++: error: unrecognized command-line option '-Wthread-safety'
gmake[1]: *** [CMakeFiles/cmTC_cd74d.dir/build.make:78: CMakeFiles/cmTC_cd74d.dir/src.cxx.o] Error 1
gmake[1]: Leaving directory '/home/zjn/桌面/app/advance-leveldb/leveldb/CMakeFiles/CMakeTmp'
gmake: *** [Makefile:127: cmTC_cd74d/fast] Error 2


Source file was:
int main() { return 0; }
Performing C++ SOURCE FILE Test HAVE_CXX_FLAG_WSHORTEN_64_TO_32 failed with the following output:
Change Dir: /home/zjn/桌面/app/advance-leveldb/leveldb/CMakeFiles/CMakeTmp

Run Build Command(s):/usr/bin/gmake -f Makefile cmTC_8d018/fast && /usr/bin/gmake  -f CMakeFiles/cmTC_8d018.dir/build.make CMakeFiles/cmTC_8d018.dir/build
gmake[1]: Entering directory '/home/zjn/桌面/app/advance-leveldb/leveldb/CMakeFiles/CMakeTmp'
Building CXX object CMakeFiles/cmTC_8d018.dir/src.cxx.o
/usr/bin/c++ -DHAVE_CXX_FLAG_WSHORTEN_64_TO_32  -fno-exceptions -fno-rtti  -std=c++11  -Wall  -Wextra  -Wshadow  -Wsuggest-override  -Wshorten-64-to-32   -Wshorten-64-to-32 -std=c++11 -o CMakeFiles/cmTC_8d018.dir/src.cxx.o -c /home/zjn/桌面/app/advance-leveldb/leveldb/CMakeFiles/CMakeTmp/src.cxx
c++: error: unrecognized command-line option '-Wshorten-64-to-32'
c++: error: unrecognized command-line option '-Wshorten-64-to-32'
gmake[1]: *** [CMakeFiles/cmTC_8d018.dir/build.make:78: CMakeFiles/cmTC_8d018.dir/src.cxx.o] Error 1
gmake[1]: Leaving directory '/home/zjn/桌面/app/advance-leveldb/leveldb/CMakeFiles/CMakeTmp'
gmake: *** [Makefile:127: cmTC_8d018/fast] Error 2


Source file was:
int main() { return 0; }
Performing C++ SOURCE FILE Test HAVE_CXX_FLAG_WD654 failed with the following output:
Change Dir: /home/zjn/桌面/app/advance-leveldb/leveldb/CMakeFiles/CMakeTmp

Run Build Command(s):/usr/bin/gmake -f Makefile cmTC_c46d3/fast && /usr/bin/gmake  -f CMakeFiles/cmTC_c46d3.dir/build.make CMakeFiles/cmTC_c46d3.dir/build
gmake[1]: Entering directory '/home/zjn/桌面/app/advance-leveldb/leveldb/CMakeFiles/CMakeTmp'
Building CXX object CMakeFiles/cmTC_c46d3.dir/src.cxx.o
/usr/bin/c++ -DHAVE_CXX_FLAG_WD654  -fno-exceptions -fno-rtti  -std=c++11  -Wall  -Wextra  -Wshadow  -Wsuggest-override  -fstrict-aliasing  -Wno-deprecated-declarations  -fno-exceptions  -Wstrict-aliasing  -wd654   -wd654 -std=c++11 -o CMakeFiles/cmTC_c46d3.dir/src.cxx.o -c /home/zjn/桌面/app/advance-leveldb/leveldb/CMakeFiles/CMakeTmp/src.cxx
c++: error: unrecognized command-line option '-wd654'
c++: error: unrecognized command-line option '-wd654'
gmake[1]: *** [CMakeFiles/cmTC_c46d3.dir/build.make:78: CMakeFiles/cmTC_c46d3.dir/src.cxx.o] Error 1
gmake[1]: Leaving directory '/home/zjn/桌面/app/advance-leveldb/leveldb/CMakeFiles/CMakeTmp'
gmake: *** [Makefile:127: cmTC_c46d3/fast] Error 2


Source file was:
int main() { return 0; }
Performing C++ SOURCE FILE Test HAVE_CXX_FLAG_WTHREAD_SAFETY failed with the following output:
Change Dir: /home/zjn/桌面/app/advance-leveldb/leveldb/CMakeFiles/CMakeTmp

Run Build Command(s):/usr/bin/gmake -f Makefile cmTC_f4bcf/fast && /usr/bin/gmake  -f CMakeFiles/cmTC_f4bcf.dir/build.make CMakeFiles/cmTC_f4bcf.dir/build
gmake[1]: Entering directory '/home/zjn/桌面/app/advance-leveldb/leveldb/CMakeFiles/CMakeTmp'
Building CXX object CMakeFiles/cmTC_f4bcf.dir/src.cxx.o
/usr/bin/c++ -DHAVE_CXX_FLAG_WTHREAD_SAFETY  -fno-exceptions -fno-rtti  -std=c++11  -Wall  -Wextra  -Wshadow  -Wsuggest-override  -fstrict-aliasing  -Wno-deprecated-declarations  -fno-exceptions  -Wstrict-aliasing  -Wthread-safety   -Wthread-safety -std=c++11 -o CMakeFiles/cmTC_f4bcf.dir/src.cxx.o -c /home/zjn/桌面/app/advance-leveldb/leveldb/CMakeFiles/CMakeTmp/src.cxx
c++: error: unrecognized command-line option '-Wthread-safety'
c++: error: unrecognized command-line option '-Wthread-safety'
gmake[1]: *** [CMakeFiles/cmTC_f4bcf.dir/build.make:78: CMakeFiles/cmTC_f4bcf.dir/src.cxx.o] Error 1
gmake[1]: Leaving directory '/home/zjn/桌面/app/advance-leveldb/leveldb/CMakeFiles/CMakeTmp'
gmake: *** [Makefile:127: cmTC_f4bcf/fast] Error 2


Source file was:
int main() { return 0; }
Determining if the function sqlite3_open exists in the sqlite3 failed with the following output:
Change Dir: /home/zjn/桌面/app/advance-leveldb/leveldb/CMakeFiles/CMakeTmp

Run Build Command(s):/usr/bin/gmake -f Makefile cmTC_21cc6/fast && /usr/bin/gmake  -f CMakeFiles/cmTC_21cc6.dir/build.make CMakeFiles/cmTC_21cc6.dir/build
gmake[1]: 进入目录“/home/zjn/桌面/app/advance-leveldb/leveldb/CMakeFiles/CMakeTmp”
Building C object CMakeFiles/cmTC_21cc6.dir/CheckFunctionExists.c.o
/usr/bin/cc   -Wstrict-prototypes -DCHECK_FUNCTION_EXISTS=sqlite3_open -std=c11 -o CMakeFiles/cmTC_21cc6.dir/CheckFunctionExists.c.o -c /usr/share/cmake-3.22/Modules/CheckFunctionExists.c
Linking C executable cmTC_21cc6
/usr/bin/cmake -E cmake_link_script CMakeFiles/cmTC_21cc6.dir/link.txt --verbose=1
/usr/bin/cc  -Wstrict-prototypes -DCHECK_FUNCTION_EXISTS=sqlite3_open CMakeFiles/cmTC_21cc6.dir/CheckFunctionExists.c.o -o cmTC_21cc6  -lsqlite3 
/usr/bin/ld: 找不到 -lsqlite3: 没有那个文件或目录
collect2: error: ld returned 1 exit status
gmake[1]: *** [CMakeFiles/cmTC_21cc6.dir/build.make:99：cmTC_21cc6] 错误 1
gmake[1]: 离开目录“/home/zjn/桌面/app/advance-leveldb/leveldb/CMakeFiles/CMakeTmp”
gmake: *** [Makefile:127：cmTC_21cc6/fast] 错误 2



Performing C++ SOURCE FILE Test HAVE_KYOTOCABINET failed with the following output:
Change Dir: /home/zjn/桌面/app/advance-leveldb/leveldb/CMakeFiles/CMakeTmp

Run Build Command(s):/usr/bin/gmake -f Makefile cmTC_f89fa/fast && /usr/bin/gmake  -f CMakeFiles/cmTC_f89fa.dir/build.make CMakeFiles/cmTC_f89fa.dir/build
gmake[1]: 进入目录“/home/zjn/桌面/app/advance-leveldb/leveldb/CMakeFiles/CMakeTmp”
Building CXX object CMakeFiles/cmTC_f89fa.dir/src.cxx.o
/usr/bin/c++ -DHAVE_KYOTOCABINET  -fno-exceptions -fno-rtti  -std=c++11 -o CMakeFiles/cmTC_f89fa.dir/src.cxx.o -c /home/zjn/桌面/app/advance-leveldb/leveldb/CMakeFiles/CMakeTmp/src.cxx
/home/zjn/桌面/app/advance-leveldb/leveldb/CMakeFiles/CMakeTmp/src.cxx:2:10: fatal error: kcpolydb.h: 没有那个文件或目录
    2 | #include <kcpolydb.h>
      |          ^~~~~~~~~~~~
compilation terminated.
gmake[1]: *** [CMakeFiles/cmTC_f89fa.dir/build.make:78：CMakeFiles/cmTC_f89fa.dir/src.cxx.o] 错误 1
gmake[1]: 离开目录“/home/zjn/桌面/app/advance-leveldb/leveldb/CMakeFiles/CMakeTmp”
gmake: *** [Makefile:127：cmTC_f89fa/fast] 错误 2


Source file was:

#include <kcpolydb.h>

int main() {
  kyotocabinet::TreeDB* db = new kyotocabinet::TreeDB();
  delete db;
  return 0;
}
  
Determining if the function crc32c_value exists in the crc32c failed with the following output:
Change Dir: /home/zjn/桌面/app/advance-leveldb/leveldb/CMakeFiles/CMakeTmp

Run Build Command(s):/usr/bin/gmake -f Makefile cmTC_7b1c2/fast && /usr/bin/gmake  -f CMakeFiles/cmTC_7b1c2.dir/build.make CMakeFiles/cmTC_7b1c2.dir/build
gmake[1]: 进入目录“/home/zjn/桌面/app/advance-leveldb/leveldb/CMakeFiles/CMakeTmp”
Building C object CMakeFiles/cmTC_7b1c2.dir/CheckFunctionExists.c.o
/usr/bin/cc   -DCHECK_FUNCTION_EXISTS=crc32c_value -std=c11 -o CMakeFiles/cmTC_7b1c2.dir/CheckFunctionExists.c.o -c /usr/share/cmake-3.22/Modules/CheckFunctionExists.c
Linking C executable cmTC_7b1c2
/usr/bin/cmake -E cmake_link_script CMakeFiles/cmTC_7b1c2.dir/link.txt --verbose=1
/usr/bin/cc  -DCHECK_FUNCTION_EXISTS=crc32c_value CMakeFiles/cmTC_7b1c2.dir/CheckFunctionExists.c.o -o cmTC_7b1c2  -lcrc32c 
/usr/bin/ld: 找不到 -lcrc32c: 没有那个文件或目录
collect2: error: ld returned 1 exit status
gmake[1]: *** [CMakeFiles/cmTC_7b1c2.dir/build.make:99：cmTC_7b1c2] 错误 1
gmake[1]: 离开目录“/home/zjn/桌面/app/advance-leveldb/leveldb/CMakeFiles/CMakeTmp”
gmake: *** [Makefile:127：cmTC_7b1c2/fast] 错误 2



Determining if the function malloc exists in the tcmalloc failed with the following output:
Change Dir: /home/zjn/桌面/app/advance-leveldb/leveldb/CMakeFiles/CMakeTmp

Run Build Command(s):/usr/bin/gmake -f Makefile cmTC_6dd05/fast && /usr/bin/gmake  -f CMakeFiles/cmTC_6dd05.dir/build.make CMakeFiles/cmTC_6dd05.dir/build
gmake[1]: 进入目录“/home/zjn/桌面/app/advance-leveldb/leveldb/CMakeFiles/CMakeTmp”
Building C object CMakeFiles/cmTC_6dd05.dir/CheckFunctionExists.c.o
/usr/bin/cc   -DCHECK_FUNCTION_EXISTS=malloc -std=c11 -o CMakeFiles/cmTC_6dd05.dir/CheckFunctionExists.c.o -c /usr/share/cmake-3.22/Modules/CheckFunctionExists.c
<command-line>: warning: conflicting types for built-in function ‘malloc’; expected ‘void *(long unsigned int)’ [-Wbuiltin-declaration-mismatch]
/usr/share/cmake-3.22/Modules/CheckFunctionExists.c:7:3: note: in expansion of macro ‘CHECK_FUNCTION_EXISTS’
    7 |   CHECK_FUNCTION_EXISTS(void);
      |   ^~~~~~~~~~~~~~~~~~~~~
/usr/share/cmake-3.22/Modules/CheckFunctionExists.c:1:1: note: ‘malloc’ is declared in header ‘<stdlib.h>’
  +++ |+#include <stdlib.h>
    1 | #ifdef CHECK_FUNCTION_EXISTS
Linking C executable cmTC_6dd05
/usr/bin/cmake -E cmake_link_script CMakeFiles/cmTC_6dd05.dir/link.txt --verbose=1
/usr/bin/cc  -DCHECK_FUNCTION_EXISTS=malloc CMakeFiles/cmTC_6dd05.dir/CheckFunctionExists.c.o -o cmTC_6dd05  -ltcmalloc 
/usr/bin/ld: 找不到 -ltcmalloc: 没有那个文件或目录
collect2: error: ld returned 1 exit status
gmake[1]: *** [CMakeFiles/cmTC_6dd05.dir/build.make:99：cmTC_6dd05] 错误 1
gmake[1]: 离开目录“/home/zjn/桌面/app/advance-leveldb/leveldb/CMakeFiles/CMakeTmp”
gmake: *** [Makefile:127：cmTC_6dd05/fast] 错误 2



Determining if the F_FULLFSYNC exist failed with the following output:
Change Dir: /home/zjn/桌面/app/advance-leveldb/leveldb/CMakeFiles/CMakeTmp

Run Build Command(s):/usr/bin/gmake -f Makefile cmTC_9ea66/fast && /usr/bin/gmake  -f CMakeFiles/cmTC_9ea66.dir/build.make CMakeFiles/cmTC_9ea66.dir/build
gmake[1]: 进入目录“/home/zjn/桌面/app/advance-leveldb/leveldb/CMakeFiles/CMakeTmp”
Building CXX object CMakeFiles/cmTC_9ea66.dir/CheckSymbolExists.cxx.o
/usr/bin/c++   -std=c++11 -o CMakeFiles/cmTC_9ea66.dir/CheckSymbolExists.cxx.o -c /home/zjn/桌面/app/advance-leveldb/leveldb/CMakeFiles/CMakeTmp/CheckSymbolExists.cxx
/home/zjn/桌面/app/advance-leveldb/leveldb/CMakeFiles/CMakeTmp/CheckSymbolExists.cxx: In function ‘int main(int, char**)’:
/home/zjn/桌面/app/advance-leveldb/leveldb/CMakeFiles/CMakeTmp/CheckSymbolExists.cxx:8:19: error: ‘F_FULLFSYNC’ was not declared in this scope
    8 |   return ((int*)(&F_FULLFSYNC))[argc];
      |                   ^~~~~~~~~~~
gmake[1]: *** [CMakeFiles/cmTC_9ea66.dir/build.make:78：CMakeFiles/cmTC_9ea66.dir/CheckSymbolExists.cxx.o] 错误 1
gmake[1]: 离开目录“/home/zjn/桌面/app/advance-leveldb/leveldb/CMakeFiles/CMakeTmp”
gmake: *** [Makefile:127：cmTC_9ea66/fast] 错误 2


File /home/zjn/桌面/app/advance-leveldb/leveldb/CMakeFiles/CMakeTmp/CheckSymbolExists.cxx:
/* */
#include <fcntl.h>

int main(int argc, char** argv)
{
  (void)argv;
#ifndef F_FULLFSYNC
  return ((int*)(&F_FULLFSYNC))[argc];
#else
  (void)argc;
  return 0;
#endif
}
Performing C++ SOURCE FILE Test HAVE_CLANG_THREAD_SAFETY failed with the following output:
Change Dir: /home/zjn/桌面/app/advance-leveldb/leveldb/CMakeFiles/CMakeTmp

Run Build Command(s):/usr/bin/gmake -f Makefile cmTC_dede0/fast && /usr/bin/gmake  -f CMakeFiles/cmTC_dede0.dir/build.make CMakeFiles/cmTC_dede0.dir/build
gmake[1]: Entering directory '/home/zjn/桌面/app/advance-leveldb/leveldb/CMakeFiles/CMakeTmp'
Building CXX object CMakeFiles/cmTC_dede0.dir/src.cxx.o
/usr/bin/c++ -DHAVE_CLANG_THREAD_SAFETY  -fno-exceptions -fno-rtti    -Wthread-safety -std=c++11 -o CMakeFiles/cmTC_dede0.dir/src.cxx.o -c /home/zjn/桌面/app/advance-leveldb/leveldb/CMakeFiles/CMakeTmp/src.cxx
c++: error: unrecognized command-line option '-Wthread-safety'
gmake[1]: *** [CMakeFiles/cmTC_dede0.dir/build.make:78: CMakeFiles/cmTC_dede0.dir/src.cxx.o] Error 1
gmake[1]: Leaving directory '/home/zjn/桌面/app/advance-leveldb/leveldb/CMakeFiles/CMakeTmp'
gmake: *** [Makefile:127: cmTC_dede0/fast] Error 2


Source file was:
int main() { return 0; }
Performing C++ SOURCE FILE Test HAVE_CXX_FLAG_WSHORTEN_64_TO_32 failed with the following output:
Change Dir: /home/zjn/桌面/app/advance-leveldb/leveldb/CMakeFiles/CMakeTmp

Run Build Command(s):/usr/bin/gmake -f Makefile cmTC_3b869/fast && /usr/bin/gmake  -f CMakeFiles/cmTC_3b869.dir/build.make CMakeFiles/cmTC_3b869.dir/build
gmake[1]: Entering directory '/home/zjn/桌面/app/advance-leveldb/leveldb/CMakeFiles/CMakeTmp'
Building CXX object CMakeFiles/cmTC_3b869.dir/src.cxx.o
/usr/bin/c++ -DHAVE_CXX_FLAG_WSHORTEN_64_TO_32  -fno-exceptions -fno-rtti  -std=c++11  -Wall  -Wextra  -Wshadow  -Wsuggest-override  -Wshorten-64-to-32   -Wshorten-64-to-32 -std=c++11 -o CMakeFiles/cmTC_3b869.dir/src.cxx.o -c /home/zjn/桌面/app/advance-leveldb/leveldb/CMakeFiles/CMakeTmp/src.cxx
c++: error: unrecognized command-line option '-Wshorten-64-to-32'
c++: error: unrecognized command-line option '-Wshorten-64-to-32'
gmake[1]: *** [CMakeFiles/cmTC_3b869.dir/build.make:78: CMakeFiles/cmTC_3b869.dir/src.cxx.o] Error 1
gmake[1]: Leaving directory '/home/zjn/桌面/app/advance-leveldb/leveldb/CMakeFiles/CMakeTmp'
gmake: *** [Makefile:127: cmTC_3b869/fast] Error 2


Source file was:
int main() { return 0; }
Performing C++ SOURCE FILE Test HAVE_CXX_FLAG_WD654 failed with the following output:
Change Dir: /home/zjn/桌面/app/advance-leveldb/leveldb/CMakeFiles/CMakeTmp

Run Build Command(s):/usr/bin/gmake -f Makefile cmTC_c3de5/fast && /usr/bin/gmake  -f CMakeFiles/cmTC_c3de5.dir/build.make CMakeFiles/cmTC_c3de5.dir/build
gmake[1]: Entering directory '/home/zjn/桌面/app/advance-leveldb/leveldb/CMakeFiles/CMakeTmp'
Building CXX object CMakeFiles/cmTC_c3de5.dir/src.cxx.o
/usr/bin/c++ -DHAVE_CXX_FLAG_WD654  -fno-exceptions -fno-rtti  -std=c++11  -Wall  -Wextra  -Wshadow  -Wsuggest-override  -fstrict-aliasing  -Wno-deprecated-declarations  -fno-exceptions  -Wstrict-aliasing  -wd654   -wd654 -std=c++11 -o CMakeFiles/cmTC_c3de5.dir/src.cxx.o -c /home/zjn/桌面/app/advance-leveldb/leveldb/CMakeFiles/CMakeTmp/src.cxx
c++: error: unrecognized command-line option '-wd654'
c++: error: unrecognized command-line option '-wd654'
gmake[1]: *** [CMakeFiles/cmTC_c3de5.dir/build.make:78: CMakeFiles/cmTC_c3de5.dir/src.cxx.o] Error 1
gmake[1]: Leaving directory '/home/zjn/桌面/app/advance-leveldb/leveldb/CMakeFiles/CMakeTmp'
gmake: *** [Makefile:127: cmTC_c3de5/fast] Error 2


Source file was:
int main() { return 0; }
Performing C++ SOURCE FILE Test HAVE_CXX_FLAG_WTHREAD_SAFETY failed with the following output:
Change Dir: /home/zjn/桌面/app/advance-leveldb/leveldb/CMakeFiles/CMakeTmp

Run Build Command(s):/usr/bin/gmake -f Makefile cmTC_bb700/fast && /usr/bin/gmake  -f CMakeFiles/cmTC_bb700.dir/build.make CMakeFiles/cmTC_bb700.dir/build
gmake[1]: Entering directory '/home/zjn/桌面/app/advance-leveldb/leveldb/CMakeFiles/CMakeTmp'
Building CXX object CMakeFiles/cmTC_bb700.dir/src.cxx.o
/usr/bin/c++ -DHAVE_CXX_FLAG_WTHREAD_SAFETY  -fno-exceptions -fno-rtti  -std=c++11  -Wall  -Wextra  -Wshadow  -Wsuggest-override  -fstrict-aliasing  -Wno-deprecated-declarations  -fno-exceptions  -Wstrict-aliasing  -Wthread-safety   -Wthread-safety -std=c++11 -o CMakeFiles/cmTC_bb700.dir/src.cxx.o -c /home/zjn/桌面/app/advance-leveldb/leveldb/CMakeFiles/CMakeTmp/src.cxx
c++: error: unrecognized command-line option '-Wthread-safety'
c++: error: unrecognized command-line option '-Wthread-safety'
gmake[1]: *** [CMakeFiles/cmTC_bb700.dir/build.make:78: CMakeFiles/cmTC_bb700.dir/src.cxx.o] Error 1
gmake[1]: Leaving directory '/home/zjn/桌面/app/advance-leveldb/leveldb/CMakeFiles/CMakeTmp'
gmake: *** [Makefile:127: cmTC_bb700/fast] Error 2


Source file was:
int main() { return 0; }
Determining if the function sqlite3_open exists in the sqlite3 failed with the following output:
Change Dir: /home/zjn/桌面/app/advance-leveldb/leveldb/CMakeFiles/CMakeTmp

Run Build Command(s):/usr/bin/gmake -f Makefile cmTC_f7bf8/fast && /usr/bin/gmake  -f CMakeFiles/cmTC_f7bf8.dir/build.make CMakeFiles/cmTC_f7bf8.dir/build
gmake[1]: 进入目录“/home/zjn/桌面/app/advance-leveldb/leveldb/CMakeFiles/CMakeTmp”
Building C object CMakeFiles/cmTC_f7bf8.dir/CheckFunctionExists.c.o
/usr/bin/cc   -Wstrict-prototypes -DCHECK_FUNCTION_EXISTS=sqlite3_open -std=c11 -o CMakeFiles/cmTC_f7bf8.dir/CheckFunctionExists.c.o -c /usr/share/cmake-3.22/Modules/CheckFunctionExists.c
Linking C executable cmTC_f7bf8
/usr/bin/cmake -E cmake_link_script CMakeFiles/cmTC_f7bf8.dir/link.txt --verbose=1
/usr/bin/cc  -Wstrict-prototypes -DCHECK_FUNCTION_EXISTS=sqlite3_open CMakeFiles/cmTC_f7bf8.dir/CheckFunctionExists.c.o -o cmTC_f7bf8  -lsqlite3 
/usr/bin/ld: 找不到 -lsqlite3: 没有那个文件或目录
collect2: error: ld returned 1 exit status
gmake[1]: *** [CMakeFiles/cmTC_f7bf8.dir/build.make:99：cmTC_f7bf8] 错误 1
gmake[1]: 离开目录“/home/zjn/桌面/app/advance-leveldb/leveldb/CMakeFiles/CMakeTmp”
gmake: *** [Makefile:127：cmTC_f7bf8/fast] 错误 2



Performing C++ SOURCE FILE Test HAVE_KYOTOCABINET failed with the following output:
Change Dir: /home/zjn/桌面/app/advance-leveldb/leveldb/CMakeFiles/CMakeTmp

Run Build Command(s):/usr/bin/gmake -f Makefile cmTC_39717/fast && /usr/bin/gmake  -f CMakeFiles/cmTC_39717.dir/build.make CMakeFiles/cmTC_39717.dir/build
gmake[1]: 进入目录“/home/zjn/桌面/app/advance-leveldb/leveldb/CMakeFiles/CMakeTmp”
Building CXX object CMakeFiles/cmTC_39717.dir/src.cxx.o
/usr/bin/c++ -DHAVE_KYOTOCABINET  -fno-exceptions -fno-rtti  -std=c++11 -o CMakeFiles/cmTC_39717.dir/src.cxx.o -c /home/zjn/桌面/app/advance-leveldb/leveldb/CMakeFiles/CMakeTmp/src.cxx
/home/zjn/桌面/app/advance-leveldb/leveldb/CMakeFiles/CMakeTmp/src.cxx:2:10: fatal error: kcpolydb.h: 没有那个文件或目录
    2 | #include <kcpolydb.h>
      |          ^~~~~~~~~~~~
compilation terminated.
gmake[1]: *** [CMakeFiles/cmTC_39717.dir/build.make:78：CMakeFiles/cmTC_39717.dir/src.cxx.o] 错误 1
gmake[1]: 离开目录“/home/zjn/桌面/app/advance-leveldb/leveldb/CMakeFiles/CMakeTmp”
gmake: *** [Makefile:127：cmTC_39717/fast] 错误 2


Source file was:

#include <kcpolydb.h>

int main() {
  kyotocabinet::TreeDB* db = new kyotocabinet::TreeDB();
  delete db;
  return 0;
}
  
Determining if the function crc32c_value exists in the crc32c failed with the following output:
Change Dir: /home/zjn/桌面/app/advance-leveldb/leveldb/CMakeFiles/CMakeTmp

Run Build Command(s):/usr/bin/gmake -f Makefile cmTC_f5529/fast && /usr/bin/gmake  -f CMakeFiles/cmTC_f5529.dir/build.make CMakeFiles/cmTC_f5529.dir/build
gmake[1]: 进入目录“/home/zjn/桌面/app/advance-leveldb/leveldb/CMakeFiles/CMakeTmp”
Building C object CMakeFiles/cmTC_f5529.dir/CheckFunctionExists.c.o
/usr/bin/cc   -DCHECK_FUNCTION_EXISTS=crc32c_value -std=c11 -o CMakeFiles/cmTC_f5529.dir/CheckFunctionExists.c.o -c /usr/share/cmake-3.22/Modules/CheckFunctionExists.c
Linking C executable cmTC_f5529
/usr/bin/cmake -E cmake_link_script CMakeFiles/cmTC_f5529.dir/link.txt --verbose=1
/usr/bin/cc  -DCHECK_FUNCTION_EXISTS=crc32c_value CMakeFiles/cmTC_f5529.dir/CheckFunctionExists.c.o -o cmTC_f5529  -lcrc32c 
/usr/bin/ld: 找不到 -lcrc32c: 没有那个文件或目录
collect2: error: ld returned 1 exit status
gmake[1]: *** [CMakeFiles/cmTC_f5529.dir/build.make:99：cmTC_f5529] 错误 1
gmake[1]: 离开目录“/home/zjn/桌面/app/advance-leveldb/leveldb/CMakeFiles/CMakeTmp”
gmake: *** [Makefile:127：cmTC_f5529/fast] 错误 2



Determining if the function malloc exists in the tcmalloc failed with the following output:
Change Dir: /home/zjn/桌面/app/advance-leveldb/leveldb/CMakeFiles/CMakeTmp

Run Build Command(s):/usr/bin/gmake -f Makefile cmTC_54dcc/fast && /usr/bin/gmake  -f CMakeFiles/cmTC_54dcc.dir/build.make CMakeFiles/cmTC_54dcc.dir/build
gmake[1]: 进入目录“/home/zjn/桌面/app/advance-leveldb/leveldb/CMakeFiles/CMakeTmp”
Building C object CMakeFiles/cmTC_54dcc.dir/CheckFunctionExists.c.o
/usr/bin/cc   -DCHECK_FUNCTION_EXISTS=malloc -std=c11 -o CMakeFiles/cmTC_54dcc.dir/CheckFunctionExists.c.o -c /usr/share/cmake-3.22/Modules/CheckFunctionExists.c
<command-line>: warning: conflicting types for built-in function ‘malloc’; expected ‘void *(long unsigned int)’ [-Wbuiltin-declaration-mismatch]
/usr/share/cmake-3.22/Modules/CheckFunctionExists.c:7:3: note: in expansion of macro ‘CHECK_FUNCTION_EXISTS’
    7 |   CHECK_FUNCTION_EXISTS(void);
      |   ^~~~~~~~~~~~~~~~~~~~~
/usr/share/cmake-3.22/Modules/CheckFunctionExists.c:1:1: note: ‘malloc’ is declared in header ‘<stdlib.h>’
  +++ |+#include <stdlib.h>
    1 | #ifdef CHECK_FUNCTION_EXISTS
Linking C executable cmTC_54dcc
/usr/bin/cmake -E cmake_link_script CMakeFiles/cmTC_54dcc.dir/link.txt --verbose=1
/usr/bin/cc  -DCHECK_FUNCTION_EXISTS=malloc CMakeFiles/cmTC_54dcc.dir/CheckFunctionExists.c.o -o cmTC_54dcc  -ltcmalloc 
/usr/bin/ld: 找不到 -ltcmalloc: 没有那个文件或目录
collect2: error: ld returned 1 exit status
gmake[1]: *** [CMakeFiles/cmTC_54dcc.dir/build.make:99：cmTC_54dcc] 错误 1
gmake[1]: 离开目录“/home/zjn/桌面/app/advance-leveldb/leveldb/CMakeFiles/CMakeTmp”
gmake: *** [Makefile:127：cmTC_54dcc/fast] 错误 2



Determining if the F_FULLFSYNC exist failed with the following output:
Change Dir: /home/zjn/桌面/app/advance-leveldb/leveldb/CMakeFiles/CMakeTmp

Run Build Command(s):/usr/bin/gmake -f Makefile cmTC_54683/fast && /usr/bin/gmake  -f CMakeFiles/cmTC_54683.dir/build.make CMakeFiles/cmTC_54683.dir/build
gmake[1]: 进入目录“/home/zjn/桌面/app/advance-leveldb/leveldb/CMakeFiles/CMakeTmp”
Building CXX object CMakeFiles/cmTC_54683.dir/CheckSymbolExists.cxx.o
/usr/bin/c++   -std=c++11 -o CMakeFiles/cmTC_54683.dir/CheckSymbolExists.cxx.o -c /home/zjn/桌面/app/advance-leveldb/leveldb/CMakeFiles/CMakeTmp/CheckSymbolExists.cxx
/home/zjn/桌面/app/advance-leveldb/leveldb/CMakeFiles/CMakeTmp/CheckSymbolExists.cxx: In function ‘int main(int, char**)’:
/home/zjn/桌面/app/advance-leveldb/leveldb/CMakeFiles/CMakeTmp/CheckSymbolExists.cxx:8:19: error: ‘F_FULLFSYNC’ was not declared in this scope
    8 |   return ((int*)(&F_FULLFSYNC))[argc];
      |                   ^~~~~~~~~~~
gmake[1]: *** [CMakeFiles/cmTC_54683.dir/build.make:78：CMakeFiles/cmTC_54683.dir/CheckSymbolExists.cxx.o] 错误 1
gmake[1]: 离开目录“/home/zjn/桌面/app/advance-leveldb/leveldb/CMakeFiles/CMakeTmp”
gmake: *** [Makefile:127：cmTC_54683/fast] 错误 2


File /home/zjn/桌面/app/advance-leveldb/leveldb/CMakeFiles/CMakeTmp/CheckSymbolExists.cxx:
/* */
#include <fcntl.h>

int main(int argc, char** argv)
{
  (void)argv;
#ifndef F_FULLFSYNC
  return ((int*)(&F_FULLFSYNC))[argc];
#else
  (void)argc;
  return 0;
#endif
}
Performing C++ SOURCE FILE Test HAVE_CLANG_THREAD_SAFETY failed with the following output:
Change Dir: /home/zjn/桌面/app/advance-leveldb/leveldb/CMakeFiles/CMakeTmp

Run Build Command(s):/usr/bin/gmake -f Makefile cmTC_1eee6/fast && /usr/bin/gmake  -f CMakeFiles/cmTC_1eee6.dir/build.make CMakeFiles/cmTC_1eee6.dir/build
gmake[1]: Entering directory '/home/zjn/桌面/app/advance-leveldb/leveldb/CMakeFiles/CMakeTmp'
Building CXX object CMakeFiles/cmTC_1eee6.dir/src.cxx.o
/usr/bin/c++ -DHAVE_CLANG_THREAD_SAFETY  -fno-exceptions -fno-rtti    -Wthread-safety -std=c++11 -o CMakeFiles/cmTC_1eee6.dir/src.cxx.o -c /home/zjn/桌面/app/advance-leveldb/leveldb/CMakeFiles/CMakeTmp/src.cxx
c++: error: unrecognized command-line option '-Wthread-safety'
gmake[1]: *** [CMakeFiles/cmTC_1eee6.dir/build.make:78: CMakeFiles/cmTC_1eee6.dir/src.cxx.o] Error 1
gmake[1]: Leaving directory '/home/zjn/桌面/app/advance-leveldb/leveldb/CMakeFiles/CMakeTmp'
gmake: *** [Makefile:127: cmTC_1eee6/fast] Error 2


Source file was:
int main() { return 0; }
Performing C++ SOURCE FILE Test HAVE_CXX_FLAG_WSHORTEN_64_TO_32 failed with the following output:
Change Dir: /home/zjn/桌面/app/advance-leveldb/leveldb/CMakeFiles/CMakeTmp

Run Build Command(s):/usr/bin/gmake -f Makefile cmTC_d2121/fast && /usr/bin/gmake  -f CMakeFiles/cmTC_d2121.dir/build.make CMakeFiles/cmTC_d2121.dir/build
gmake[1]: Entering directory '/home/zjn/桌面/app/advance-leveldb/leveldb/CMakeFiles/CMakeTmp'
Building CXX object CMakeFiles/cmTC_d2121.dir/src.cxx.o
/usr/bin/c++ -DHAVE_CXX_FLAG_WSHORTEN_64_TO_32  -fno-exceptions -fno-rtti  -std=c++11  -Wall  -Wextra  -Wshadow  -Wsuggest-override  -Wshorten-64-to-32   -Wshorten-64-to-32 -std=c++11 -o CMakeFiles/cmTC_d2121.dir/src.cxx.o -c /home/zjn/桌面/app/advance-leveldb/leveldb/CMakeFiles/CMakeTmp/src.cxx
c++: error: unrecognized command-line option '-Wshorten-64-to-32'
c++: error: unrecognized command-line option '-Wshorten-64-to-32'
gmake[1]: *** [CMakeFiles/cmTC_d2121.dir/build.make:78: CMakeFiles/cmTC_d2121.dir/src.cxx.o] Error 1
gmake[1]: Leaving directory '/home/zjn/桌面/app/advance-leveldb/leveldb/CMakeFiles/CMakeTmp'
gmake: *** [Makefile:127: cmTC_d2121/fast] Error 2


Source file was:
int main() { return 0; }
Performing C++ SOURCE FILE Test HAVE_CXX_FLAG_WD654 failed with the following output:
Change Dir: /home/zjn/桌面/app/advance-leveldb/leveldb/CMakeFiles/CMakeTmp

Run Build Command(s):/usr/bin/gmake -f Makefile cmTC_ee461/fast && /usr/bin/gmake  -f CMakeFiles/cmTC_ee461.dir/build.make CMakeFiles/cmTC_ee461.dir/build
gmake[1]: Entering directory '/home/zjn/桌面/app/advance-leveldb/leveldb/CMakeFiles/CMakeTmp'
Building CXX object CMakeFiles/cmTC_ee461.dir/src.cxx.o
/usr/bin/c++ -DHAVE_CXX_FLAG_WD654  -fno-exceptions -fno-rtti  -std=c++11  -Wall  -Wextra  -Wshadow  -Wsuggest-override  -fstrict-aliasing  -Wno-deprecated-declarations  -fno-exceptions  -Wstrict-aliasing  -wd654   -wd654 -std=c++11 -o CMakeFiles/cmTC_ee461.dir/src.cxx.o -c /home/zjn/桌面/app/advance-leveldb/leveldb/CMakeFiles/CMakeTmp/src.cxx
c++: error: unrecognized command-line option '-wd654'
c++: error: unrecognized command-line option '-wd654'
gmake[1]: *** [CMakeFiles/cmTC_ee461.dir/build.make:78: CMakeFiles/cmTC_ee461.dir/src.cxx.o] Error 1
gmake[1]: Leaving directory '/home/zjn/桌面/app/advance-leveldb/leveldb/CMakeFiles/CMakeTmp'
gmake: *** [Makefile:127: cmTC_ee461/fast] Error 2


Source file was:
int main() { return 0; }
Performing C++ SOURCE FILE Test HAVE_CXX_FLAG_WTHREAD_SAFETY failed with the following output:
Change Dir: /home/zjn/桌面/app/advance-leveldb/leveldb/CMakeFiles/CMakeTmp

Run Build Command(s):/usr/bin/gmake -f Makefile cmTC_9ed83/fast && /usr/bin/gmake  -f CMakeFiles/cmTC_9ed83.dir/build.make CMakeFiles/cmTC_9ed83.dir/build
gmake[1]: Entering directory '/home/zjn/桌面/app/advance-leveldb/leveldb/CMakeFiles/CMakeTmp'
Building CXX object CMakeFiles/cmTC_9ed83.dir/src.cxx.o
/usr/bin/c++ -DHAVE_CXX_FLAG_WTHREAD_SAFETY  -fno-exceptions -fno-rtti  -std=c++11  -Wall  -Wextra  -Wshadow  -Wsuggest-override  -fstrict-aliasing  -Wno-deprecated-declarations  -fno-exceptions  -Wstrict-aliasing  -Wthread-safety   -Wthread-safety -std=c++11 -o CMakeFiles/cmTC_9ed83.dir/src.cxx.o -c /home/zjn/桌面/app/advance-leveldb/leveldb/CMakeFiles/CMakeTmp/src.cxx
c++: error: unrecognized command-line option '-Wthread-safety'
c++: error: unrecognized command-line option '-Wthread-safety'
gmake[1]: *** [CMakeFiles/cmTC_9ed83.dir/build.make:78: CMakeFiles/cmTC_9ed83.dir/src.cxx.o] Error 1
gmake[1]: Leaving directory '/home/zjn/桌面/app/advance-leveldb/leveldb/CMakeFiles/CMakeTmp'
gmake: *** [Makefile:127: cmTC_9ed83/fast] Error 2


Source file was:
int main() { return 0; }
Determining if the function sqlite3_open exists in the sqlite3 failed with the following output:
Change Dir: /home/zjn/桌面/app/advance-leveldb/leveldb/CMakeFiles/CMakeTmp

Run Build Command(s):/usr/bin/gmake -f Makefile cmTC_ca497/fast && /usr/bin/gmake  -f CMakeFiles/cmTC_ca497.dir/build.make CMakeFiles/cmTC_ca497.dir/build
gmake[1]: 进入目录“/home/zjn/桌面/app/advance-leveldb/leveldb/CMakeFiles/CMakeTmp”
Building C object CMakeFiles/cmTC_ca497.dir/CheckFunctionExists.c.o
/usr/bin/cc   -Wstrict-prototypes -DCHECK_FUNCTION_EXISTS=sqlite3_open -std=c11 -o CMakeFiles/cmTC_ca497.dir/CheckFunctionExists.c.o -c /usr/share/cmake-3.22/Modules/CheckFunctionExists.c
Linking C executable cmTC_ca497
/usr/bin/cmake -E cmake_link_script CMakeFiles/cmTC_ca497.dir/link.txt --verbose=1
/usr/bin/cc  -Wstrict-prototypes -DCHECK_FUNCTION_EXISTS=sqlite3_open CMakeFiles/cmTC_ca497.dir/CheckFunctionExists.c.o -o cmTC_ca497  -lsqlite3 
/usr/bin/ld: 找不到 -lsqlite3: 没有那个文件或目录
collect2: error: ld returned 1 exit status
gmake[1]: *** [CMakeFiles/cmTC_ca497.dir/build.make:99：cmTC_ca497] 错误 1
gmake[1]: 离开目录“/home/zjn/桌面/app/advance-leveldb/leveldb/CMakeFiles/CMakeTmp”
gmake: *** [Makefile:127：cmTC_ca497/fast] 错误 2



Performing C++ SOURCE FILE Test HAVE_KYOTOCABINET failed with the following output:
Change Dir: /home/zjn/桌面/app/advance-leveldb/leveldb/CMakeFiles/CMakeTmp

Run Build Command(s):/usr/bin/gmake -f Makefile cmTC_4f091/fast && /usr/bin/gmake  -f CMakeFiles/cmTC_4f091.dir/build.make CMakeFiles/cmTC_4f091.dir/build
gmake[1]: 进入目录“/home/zjn/桌面/app/advance-leveldb/leveldb/CMakeFiles/CMakeTmp”
Building CXX object CMakeFiles/cmTC_4f091.dir/src.cxx.o
/usr/bin/c++ -DHAVE_KYOTOCABINET  -fno-exceptions -fno-rtti  -std=c++11 -o CMakeFiles/cmTC_4f091.dir/src.cxx.o -c /home/zjn/桌面/app/advance-leveldb/leveldb/CMakeFiles/CMakeTmp/src.cxx
/home/zjn/桌面/app/advance-leveldb/leveldb/CMakeFiles/CMakeTmp/src.cxx:2:10: fatal error: kcpolydb.h: 没有那个文件或目录
    2 | #include <kcpolydb.h>
      |          ^~~~~~~~~~~~
compilation terminated.
gmake[1]: *** [CMakeFiles/cmTC_4f091.dir/build.make:78：CMakeFiles/cmTC_4f091.dir/src.cxx.o] 错误 1
gmake[1]: 离开目录“/home/zjn/桌面/app/advance-leveldb/leveldb/CMakeFiles/CMakeTmp”
gmake: *** [Makefile:127：cmTC_4f091/fast] 错误 2


Source file was:

#include <kcpolydb.h>

int main() {
  kyotocabinet::TreeDB* db = new kyotocabinet::TreeDB();
  delete db;
  return 0;
}
  
Determining if the function crc32c_value exists in the crc32c failed with the following output:
Change Dir: /home/zjn/桌面/app/advance-leveldb/leveldb/CMakeFiles/CMakeTmp

Run Build Command(s):/usr/bin/gmake -f Makefile cmTC_b7bf3/fast && /usr/bin/gmake  -f CMakeFiles/cmTC_b7bf3.dir/build.make CMakeFiles/cmTC_b7bf3.dir/build
gmake[1]: 进入目录“/home/zjn/桌面/app/advance-leveldb/leveldb/CMakeFiles/CMakeTmp”
Building C object CMakeFiles/cmTC_b7bf3.dir/CheckFunctionExists.c.o
/usr/bin/cc   -DCHECK_FUNCTION_EXISTS=crc32c_value -std=c11 -o CMakeFiles/cmTC_b7bf3.dir/CheckFunctionExists.c.o -c /usr/share/cmake-3.22/Modules/CheckFunctionExists.c
Linking C executable cmTC_b7bf3
/usr/bin/cmake -E cmake_link_script CMakeFiles/cmTC_b7bf3.dir/link.txt --verbose=1
/usr/bin/cc  -DCHECK_FUNCTION_EXISTS=crc32c_value CMakeFiles/cmTC_b7bf3.dir/CheckFunctionExists.c.o -o cmTC_b7bf3  -lcrc32c 
/usr/bin/ld: 找不到 -lcrc32c: 没有那个文件或目录
collect2: error: ld returned 1 exit status
gmake[1]: *** [CMakeFiles/cmTC_b7bf3.dir/build.make:99：cmTC_b7bf3] 错误 1
gmake[1]: 离开目录“/home/zjn/桌面/app/advance-leveldb/leveldb/CMakeFiles/CMakeTmp”
gmake: *** [Makefile:127：cmTC_b7bf3/fast] 错误 2



Determining if the function malloc exists in the tcmalloc failed with the following output:
Change Dir: /home/zjn/桌面/app/advance-leveldb/leveldb/CMakeFiles/CMakeTmp

Run Build Command(s):/usr/bin/gmake -f Makefile cmTC_e34c3/fast && /usr/bin/gmake  -f CMakeFiles/cmTC_e34c3.dir/build.make CMakeFiles/cmTC_e34c3.dir/build
gmake[1]: 进入目录“/home/zjn/桌面/app/advance-leveldb/leveldb/CMakeFiles/CMakeTmp”
Building C object CMakeFiles/cmTC_e34c3.dir/CheckFunctionExists.c.o
/usr/bin/cc   -DCHECK_FUNCTION_EXISTS=malloc -std=c11 -o CMakeFiles/cmTC_e34c3.dir/CheckFunctionExists.c.o -c /usr/share/cmake-3.22/Modules/CheckFunctionExists.c
<command-line>: warning: conflicting types for built-in function ‘malloc’; expected ‘void *(long unsigned int)’ [-Wbuiltin-declaration-mismatch]
/usr/share/cmake-3.22/Modules/CheckFunctionExists.c:7:3: note: in expansion of macro ‘CHECK_FUNCTION_EXISTS’
    7 |   CHECK_FUNCTION_EXISTS(void);
      |   ^~~~~~~~~~~~~~~~~~~~~
/usr/share/cmake-3.22/Modules/CheckFunctionExists.c:1:1: note: ‘malloc’ is declared in header ‘<stdlib.h>’
  +++ |+#include <stdlib.h>
    1 | #ifdef CHECK_FUNCTION_EXISTS
Linking C executable cmTC_e34c3
/usr/bin/cmake -E cmake_link_script CMakeFiles/cmTC_e34c3.dir/link.txt --verbose=1
/usr/bin/cc  -DCHECK_FUNCTION_EXISTS=malloc CMakeFiles/cmTC_e34c3.dir/CheckFunctionExists.c.o -o cmTC_e34c3  -ltcmalloc 
/usr/bin/ld: 找不到 -ltcmalloc: 没有那个文件或目录
collect2: error: ld returned 1 exit status
gmake[1]: *** [CMakeFiles/cmTC_e34c3.dir/build.make:99：cmTC_e34c3] 错误 1
gmake[1]: 离开目录“/home/zjn/桌面/app/advance-leveldb/leveldb/CMakeFiles/CMakeTmp”
gmake: *** [Makefile:127：cmTC_e34c3/fast] 错误 2



Determining if the F_FULLFSYNC exist failed with the following output:
Change Dir: /home/zjn/桌面/app/advance-leveldb/leveldb/CMakeFiles/CMakeTmp

Run Build Command(s):/usr/bin/gmake -f Makefile cmTC_fbd1e/fast && /usr/bin/gmake  -f CMakeFiles/cmTC_fbd1e.dir/build.make CMakeFiles/cmTC_fbd1e.dir/build
gmake[1]: 进入目录“/home/zjn/桌面/app/advance-leveldb/leveldb/CMakeFiles/CMakeTmp”
Building CXX object CMakeFiles/cmTC_fbd1e.dir/CheckSymbolExists.cxx.o
/usr/bin/c++   -std=c++11 -o CMakeFiles/cmTC_fbd1e.dir/CheckSymbolExists.cxx.o -c /home/zjn/桌面/app/advance-leveldb/leveldb/CMakeFiles/CMakeTmp/CheckSymbolExists.cxx
/home/zjn/桌面/app/advance-leveldb/leveldb/CMakeFiles/CMakeTmp/CheckSymbolExists.cxx: In function ‘int main(int, char**)’:
/home/zjn/桌面/app/advance-leveldb/leveldb/CMakeFiles/CMakeTmp/CheckSymbolExists.cxx:8:19: error: ‘F_FULLFSYNC’ was not declared in this scope
    8 |   return ((int*)(&F_FULLFSYNC))[argc];
      |                   ^~~~~~~~~~~
gmake[1]: *** [CMakeFiles/cmTC_fbd1e.dir/build.make:78：CMakeFiles/cmTC_fbd1e.dir/CheckSymbolExists.cxx.o] 错误 1
gmake[1]: 离开目录“/home/zjn/桌面/app/advance-leveldb/leveldb/CMakeFiles/CMakeTmp”
gmake: *** [Makefile:127：cmTC_fbd1e/fast] 错误 2


File /home/zjn/桌面/app/advance-leveldb/leveldb/CMakeFiles/CMakeTmp/CheckSymbolExists.cxx:
/* */
#include <fcntl.h>

int main(int argc, char** argv)
{
  (void)argv;
#ifndef F_FULLFSYNC
  return ((int*)(&F_FULLFSYNC))[argc];
#else
  (void)argc;
  return 0;
#endif
}
Performing C++ SOURCE FILE Test HAVE_CLANG_THREAD_SAFETY failed with the following output:
Change Dir: /home/zjn/桌面/app/advance-leveldb/leveldb/CMakeFiles/CMakeTmp

Run Build Command(s):/usr/bin/gmake -f Makefile cmTC_f993d/fast && /usr/bin/gmake  -f CMakeFiles/cmTC_f993d.dir/build.make CMakeFiles/cmTC_f993d.dir/build
gmake[1]: Entering directory '/home/zjn/桌面/app/advance-leveldb/leveldb/CMakeFiles/CMakeTmp'
Building CXX object CMakeFiles/cmTC_f993d.dir/src.cxx.o
/usr/bin/c++ -DHAVE_CLANG_THREAD_SAFETY  -fno-exceptions -fno-rtti    -Wthread-safety -std=c++11 -o CMakeFiles/cmTC_f993d.dir/src.cxx.o -c /home/zjn/桌面/app/advance-leveldb/leveldb/CMakeFiles/CMakeTmp/src.cxx
c++: error: unrecognized command-line option '-Wthread-safety'
gmake[1]: *** [CMakeFiles/cmTC_f993d.dir/build.make:78: CMakeFiles/cmTC_f993d.dir/src.cxx.o] Error 1
gmake[1]: Leaving directory '/home/zjn/桌面/app/advance-leveldb/leveldb/CMakeFiles/CMakeTmp'
gmake: *** [Makefile:127: cmTC_f993d/fast] Error 2


Source file was:
int main() { return 0; }
Performing C++ SOURCE FILE Test HAVE_CXX_FLAG_WSHORTEN_64_TO_32 failed with the following output:
Change Dir: /home/zjn/桌面/app/advance-leveldb/leveldb/CMakeFiles/CMakeTmp

Run Build Command(s):/usr/bin/gmake -f Makefile cmTC_b25b3/fast && /usr/bin/gmake  -f CMakeFiles/cmTC_b25b3.dir/build.make CMakeFiles/cmTC_b25b3.dir/build
gmake[1]: Entering directory '/home/zjn/桌面/app/advance-leveldb/leveldb/CMakeFiles/CMakeTmp'
Building CXX object CMakeFiles/cmTC_b25b3.dir/src.cxx.o
/usr/bin/c++ -DHAVE_CXX_FLAG_WSHORTEN_64_TO_32  -fno-exceptions -fno-rtti  -std=c++11  -Wall  -Wextra  -Wshadow  -Wsuggest-override  -Wshorten-64-to-32   -Wshorten-64-to-32 -std=c++11 -o CMakeFiles/cmTC_b25b3.dir/src.cxx.o -c /home/zjn/桌面/app/advance-leveldb/leveldb/CMakeFiles/CMakeTmp/src.cxx
c++: error: unrecognized command-line option '-Wshorten-64-to-32'
c++: error: unrecognized command-line option '-Wshorten-64-to-32'
gmake[1]: *** [CMakeFiles/cmTC_b25b3.dir/build.make:78: CMakeFiles/cmTC_b25b3.dir/src.cxx.o] Error 1
gmake[1]: Leaving directory '/home/zjn/桌面/app/advance-leveldb/leveldb/CMakeFiles/CMakeTmp'
gmake: *** [Makefile:127: cmTC_b25b3/fast] Error 2


Source file was:
int main() { return 0; }
Performing C++ SOURCE FILE Test HAVE_CXX_FLAG_WD654 failed with the following output:
Change Dir: /home/zjn/桌面/app/advance-leveldb/leveldb/CMakeFiles/CMakeTmp

Run Build Command(s):/usr/bin/gmake -f Makefile cmTC_f0115/fast && /usr/bin/gmake  -f CMakeFiles/cmTC_f0115.dir/build.make CMakeFiles/cmTC_f0115.dir/build
gmake[1]: Entering directory '/home/zjn/桌面/app/advance-leveldb/leveldb/CMakeFiles/CMakeTmp'
Building CXX object CMakeFiles/cmTC_f0115.dir/src.cxx.o
/usr/bin/c++ -DHAVE_CXX_FLAG_WD654  -fno-exceptions -fno-rtti  -std=c++11  -Wall  -Wextra  -Wshadow  -Wsuggest-override  -fstrict-aliasing  -Wno-deprecated-declarations  -fno-exceptions  -Wstrict-aliasing  -wd654   -wd654 -std=c++11 -o CMakeFiles/cmTC_f0115.dir/src.cxx.o -c /home/zjn/桌面/app/advance-leveldb/leveldb/CMakeFiles/CMakeTmp/src.cxx
c++: error: unrecognized command-line option '-wd654'
c++: error: unrecognized command-line option '-wd654'
gmake[1]: *** [CMakeFiles/cmTC_f0115.dir/build.make:78: CMakeFiles/cmTC_f0115.dir/src.cxx.o] Error 1
gmake[1]: Leaving directory '/home/zjn/桌面/app/advance-leveldb/leveldb/CMakeFiles/CMakeTmp'
gmake: *** [Makefile:127: cmTC_f0115/fast] Error 2


Source file was:
int main() { return 0; }
Performing C++ SOURCE FILE Test HAVE_CXX_FLAG_WTHREAD_SAFETY failed with the following output:
Change Dir: /home/zjn/桌面/app/advance-leveldb/leveldb/CMakeFiles/CMakeTmp

Run Build Command(s):/usr/bin/gmake -f Makefile cmTC_16018/fast && /usr/bin/gmake  -f CMakeFiles/cmTC_16018.dir/build.make CMakeFiles/cmTC_16018.dir/build
gmake[1]: Entering directory '/home/zjn/桌面/app/advance-leveldb/leveldb/CMakeFiles/CMakeTmp'
Building CXX object CMakeFiles/cmTC_16018.dir/src.cxx.o
/usr/bin/c++ -DHAVE_CXX_FLAG_WTHREAD_SAFETY  -fno-exceptions -fno-rtti  -std=c++11  -Wall  -Wextra  -Wshadow  -Wsuggest-override  -fstrict-aliasing  -Wno-deprecated-declarations  -fno-exceptions  -Wstrict-aliasing  -Wthread-safety   -Wthread-safety -std=c++11 -o CMakeFiles/cmTC_16018.dir/src.cxx.o -c /home/zjn/桌面/app/advance-leveldb/leveldb/CMakeFiles/CMakeTmp/src.cxx
c++: error: unrecognized command-line option '-Wthread-safety'
c++: error: unrecognized command-line option '-Wthread-safety'
gmake[1]: *** [CMakeFiles/cmTC_16018.dir/build.make:78: CMakeFiles/cmTC_16018.dir/src.cxx.o] Error 1
gmake[1]: Leaving directory '/home/zjn/桌面/app/advance-leveldb/leveldb/CMakeFiles/CMakeTmp'
gmake: *** [Makefile:127: cmTC_16018/fast] Error 2


Source file was:
int main() { return 0; }
Determining if the function sqlite3_open exists in the sqlite3 failed with the following output:
Change Dir: /home/zjn/桌面/app/advance-leveldb/leveldb/CMakeFiles/CMakeTmp

Run Build Command(s):/usr/bin/gmake -f Makefile cmTC_ec0f5/fast && /usr/bin/gmake  -f CMakeFiles/cmTC_ec0f5.dir/build.make CMakeFiles/cmTC_ec0f5.dir/build
gmake[1]: 进入目录“/home/zjn/桌面/app/advance-leveldb/leveldb/CMakeFiles/CMakeTmp”
Building C object CMakeFiles/cmTC_ec0f5.dir/CheckFunctionExists.c.o
/usr/bin/cc   -Wstrict-prototypes -DCHECK_FUNCTION_EXISTS=sqlite3_open -std=c11 -o CMakeFiles/cmTC_ec0f5.dir/CheckFunctionExists.c.o -c /usr/share/cmake-3.22/Modules/CheckFunctionExists.c
Linking C executable cmTC_ec0f5
/usr/bin/cmake -E cmake_link_script CMakeFiles/cmTC_ec0f5.dir/link.txt --verbose=1
/usr/bin/cc  -Wstrict-prototypes -DCHECK_FUNCTION_EXISTS=sqlite3_open CMakeFiles/cmTC_ec0f5.dir/CheckFunctionExists.c.o -o cmTC_ec0f5  -lsqlite3 
/usr/bin/ld: 找不到 -lsqlite3: 没有那个文件或目录
collect2: error: ld returned 1 exit status
gmake[1]: *** [CMakeFiles/cmTC_ec0f5.dir/build.make:99：cmTC_ec0f5] 错误 1
gmake[1]: 离开目录“/home/zjn/桌面/app/advance-leveldb/leveldb/CMakeFiles/CMakeTmp”
gmake: *** [Makefile:127：cmTC_ec0f5/fast] 错误 2



Performing C++ SOURCE FILE Test HAVE_KYOTOCABINET failed with the following output:
Change Dir: /home/zjn/桌面/app/advance-leveldb/leveldb/CMakeFiles/CMakeTmp

Run Build Command(s):/usr/bin/gmake -f Makefile cmTC_375d5/fast && /usr/bin/gmake  -f CMakeFiles/cmTC_375d5.dir/build.make CMakeFiles/cmTC_375d5.dir/build
gmake[1]: 进入目录“/home/zjn/桌面/app/advance-leveldb/leveldb/CMakeFiles/CMakeTmp”
Building CXX object CMakeFiles/cmTC_375d5.dir/src.cxx.o
/usr/bin/c++ -DHAVE_KYOTOCABINET  -fno-exceptions -fno-rtti  -std=c++11 -o CMakeFiles/cmTC_375d5.dir/src.cxx.o -c /home/zjn/桌面/app/advance-leveldb/leveldb/CMakeFiles/CMakeTmp/src.cxx
/home/zjn/桌面/app/advance-leveldb/leveldb/CMakeFiles/CMakeTmp/src.cxx:2:10: fatal error: kcpolydb.h: 没有那个文件或目录
    2 | #include <kcpolydb.h>
      |          ^~~~~~~~~~~~
compilation terminated.
gmake[1]: *** [CMakeFiles/cmTC_375d5.dir/build.make:78：CMakeFiles/cmTC_375d5.dir/src.cxx.o] 错误 1
gmake[1]: 离开目录“/home/zjn/桌面/app/advance-leveldb/leveldb/CMakeFiles/CMakeTmp”
gmake: *** [Makefile:127：cmTC_375d5/fast] 错误 2


Source file was:

#include <kcpolydb.h>

int main() {
  kyotocabinet::TreeDB* db = new kyotocabinet::TreeDB();
  delete db;
  return 0;
}
  
Determining if the function crc32c_value exists in the crc32c failed with the following output:
Change Dir: /home/zjn/桌面/app/advance-leveldb/leveldb/CMakeFiles/CMakeTmp

Run Build Command(s):/usr/bin/gmake -f Makefile cmTC_15cfb/fast && /usr/bin/gmake  -f CMakeFiles/cmTC_15cfb.dir/build.make CMakeFiles/cmTC_15cfb.dir/build
gmake[1]: 进入目录“/home/zjn/桌面/app/advance-leveldb/leveldb/CMakeFiles/CMakeTmp”
Building C object CMakeFiles/cmTC_15cfb.dir/CheckFunctionExists.c.o
/usr/bin/cc   -DCHECK_FUNCTION_EXISTS=crc32c_value -std=c11 -o CMakeFiles/cmTC_15cfb.dir/CheckFunctionExists.c.o -c /usr/share/cmake-3.22/Modules/CheckFunctionExists.c
Linking C executable cmTC_15cfb
/usr/bin/cmake -E cmake_link_script CMakeFiles/cmTC_15cfb.dir/link.txt --verbose=1
/usr/bin/cc  -DCHECK_FUNCTION_EXISTS=crc32c_value CMakeFiles/cmTC_15cfb.dir/CheckFunctionExists.c.o -o cmTC_15cfb  -lcrc32c 
/usr/bin/ld: 找不到 -lcrc32c: 没有那个文件或目录
collect2: error: ld returned 1 exit status
gmake[1]: *** [CMakeFiles/cmTC_15cfb.dir/build.make:99：cmTC_15cfb] 错误 1
gmake[1]: 离开目录“/home/zjn/桌面/app/advance-leveldb/leveldb/CMakeFiles/CMakeTmp”
gmake: *** [Makefile:127：cmTC_15cfb/fast] 错误 2



Determining if the function malloc exists in the tcmalloc failed with the following output:
Change Dir: /home/zjn/桌面/app/advance-leveldb/leveldb/CMakeFiles/CMakeTmp

Run Build Command(s):/usr/bin/gmake -f Makefile cmTC_094df/fast && /usr/bin/gmake  -f CMakeFiles/cmTC_094df.dir/build.make CMakeFiles/cmTC_094df.dir/build
gmake[1]: 进入目录“/home/zjn/桌面/app/advance-leveldb/leveldb/CMakeFiles/CMakeTmp”
Building C object CMakeFiles/cmTC_094df.dir/CheckFunctionExists.c.o
/usr/bin/cc   -DCHECK_FUNCTION_EXISTS=malloc -std=c11 -o CMakeFiles/cmTC_094df.dir/CheckFunctionExists.c.o -c /usr/share/cmake-3.22/Modules/CheckFunctionExists.c
<command-line>: warning: conflicting types for built-in function ‘malloc’; expected ‘void *(long unsigned int)’ [-Wbuiltin-declaration-mismatch]
/usr/share/cmake-3.22/Modules/CheckFunctionExists.c:7:3: note: in expansion of macro ‘CHECK_FUNCTION_EXISTS’
    7 |   CHECK_FUNCTION_EXISTS(void);
      |   ^~~~~~~~~~~~~~~~~~~~~
/usr/share/cmake-3.22/Modules/CheckFunctionExists.c:1:1: note: ‘malloc’ is declared in header ‘<stdlib.h>’
  +++ |+#include <stdlib.h>
    1 | #ifdef CHECK_FUNCTION_EXISTS
Linking C executable cmTC_094df
/usr/bin/cmake -E cmake_link_script CMakeFiles/cmTC_094df.dir/link.txt --verbose=1
/usr/bin/cc  -DCHECK_FUNCTION_EXISTS=malloc CMakeFiles/cmTC_094df.dir/CheckFunctionExists.c.o -o cmTC_094df  -ltcmalloc 
/usr/bin/ld: 找不到 -ltcmalloc: 没有那个文件或目录
collect2: error: ld returned 1 exit status
gmake[1]: *** [CMakeFiles/cmTC_094df.dir/build.make:99：cmTC_094df] 错误 1
gmake[1]: 离开目录“/home/zjn/桌面/app/advance-leveldb/leveldb/CMakeFiles/CMakeTmp”
gmake: *** [Makefile:127：cmTC_094df/fast] 错误 2



Determining if the F_FULLFSYNC exist failed with the following output:
Change Dir: /home/zjn/桌面/app/advance-leveldb/leveldb/CMakeFiles/CMakeTmp

Run Build Command(s):/usr/bin/gmake -f Makefile cmTC_4d47b/fast && /usr/bin/gmake  -f CMakeFiles/cmTC_4d47b.dir/build.make CMakeFiles/cmTC_4d47b.dir/build
gmake[1]: 进入目录“/home/zjn/桌面/app/advance-leveldb/leveldb/CMakeFiles/CMakeTmp”
Building CXX object CMakeFiles/cmTC_4d47b.dir/CheckSymbolExists.cxx.o
/usr/bin/c++   -std=c++11 -o CMakeFiles/cmTC_4d47b.dir/CheckSymbolExists.cxx.o -c /home/zjn/桌面/app/advance-leveldb/leveldb/CMakeFiles/CMakeTmp/CheckSymbolExists.cxx
/home/zjn/桌面/app/advance-leveldb/leveldb/CMakeFiles/CMakeTmp/CheckSymbolExists.cxx: In function ‘int main(int, char**)’:
/home/zjn/桌面/app/advance-leveldb/leveldb/CMakeFiles/CMakeTmp/CheckSymbolExists.cxx:8:19: error: ‘F_FULLFSYNC’ was not declared in this scope
    8 |   return ((int*)(&F_FULLFSYNC))[argc];
      |                   ^~~~~~~~~~~
gmake[1]: *** [CMakeFiles/cmTC_4d47b.dir/build.make:78：CMakeFiles/cmTC_4d47b.dir/CheckSymbolExists.cxx.o] 错误 1
gmake[1]: 离开目录“/home/zjn/桌面/app/advance-leveldb/leveldb/CMakeFiles/CMakeTmp”
gmake: *** [Makefile:127：cmTC_4d47b/fast] 错误 2


File /home/zjn/桌面/app/advance-leveldb/leveldb/CMakeFiles/CMakeTmp/CheckSymbolExists.cxx:
/* */
#include <fcntl.h>

int main(int argc, char** argv)
{
  (void)argv;
#ifndef F_FULLFSYNC
  return ((int*)(&F_FULLFSYNC))[argc];
#else
  (void)argc;
  return 0;
#endif
}
Performing C++ SOURCE FILE Test HAVE_CLANG_THREAD_SAFETY failed with the following output:
Change Dir: /home/zjn/桌面/app/advance-leveldb/leveldb/CMakeFiles/CMakeTmp

Run Build Command(s):/usr/bin/gmake -f Makefile cmTC_7180a/fast && /usr/bin/gmake  -f CMakeFiles/cmTC_7180a.dir/build.make CMakeFiles/cmTC_7180a.dir/build
gmake[1]: Entering directory '/home/zjn/桌面/app/advance-leveldb/leveldb/CMakeFiles/CMakeTmp'
Building CXX object CMakeFiles/cmTC_7180a.dir/src.cxx.o
/usr/bin/c++ -DHAVE_CLANG_THREAD_SAFETY  -fno-exceptions -fno-rtti    -Wthread-safety -std=c++11 -o CMakeFiles/cmTC_7180a.dir/src.cxx.o -c /home/zjn/桌面/app/advance-leveldb/leveldb/CMakeFiles/CMakeTmp/src.cxx
c++: error: unrecognized command-line option '-Wthread-safety'
gmake[1]: *** [CMakeFiles/cmTC_7180a.dir/build.make:78: CMakeFiles/cmTC_7180a.dir/src.cxx.o] Error 1
gmake[1]: Leaving directory '/home/zjn/桌面/app/advance-leveldb/leveldb/CMakeFiles/CMakeTmp'
gmake: *** [Makefile:127: cmTC_7180a/fast] Error 2


Source file was:
int main() { return 0; }
Performing C++ SOURCE FILE Test HAVE_CXX_FLAG_WSHORTEN_64_TO_32 failed with the following output:
Change Dir: /home/zjn/桌面/app/advance-leveldb/leveldb/CMakeFiles/CMakeTmp

Run Build Command(s):/usr/bin/gmake -f Makefile cmTC_81d3a/fast && /usr/bin/gmake  -f CMakeFiles/cmTC_81d3a.dir/build.make CMakeFiles/cmTC_81d3a.dir/build
gmake[1]: Entering directory '/home/zjn/桌面/app/advance-leveldb/leveldb/CMakeFiles/CMakeTmp'
Building CXX object CMakeFiles/cmTC_81d3a.dir/src.cxx.o
/usr/bin/c++ -DHAVE_CXX_FLAG_WSHORTEN_64_TO_32  -fno-exceptions -fno-rtti  -std=c++11  -Wall  -Wextra  -Wshadow  -Wsuggest-override  -Wshorten-64-to-32   -Wshorten-64-to-32 -std=c++11 -o CMakeFiles/cmTC_81d3a.dir/src.cxx.o -c /home/zjn/桌面/app/advance-leveldb/leveldb/CMakeFiles/CMakeTmp/src.cxx
c++: error: unrecognized command-line option '-Wshorten-64-to-32'
c++: error: unrecognized command-line option '-Wshorten-64-to-32'
gmake[1]: *** [CMakeFiles/cmTC_81d3a.dir/build.make:78: CMakeFiles/cmTC_81d3a.dir/src.cxx.o] Error 1
gmake[1]: Leaving directory '/home/zjn/桌面/app/advance-leveldb/leveldb/CMakeFiles/CMakeTmp'
gmake: *** [Makefile:127: cmTC_81d3a/fast] Error 2


Source file was:
int main() { return 0; }
Performing C++ SOURCE FILE Test HAVE_CXX_FLAG_WD654 failed with the following output:
Change Dir: /home/zjn/桌面/app/advance-leveldb/leveldb/CMakeFiles/CMakeTmp

Run Build Command(s):/usr/bin/gmake -f Makefile cmTC_cf047/fast && /usr/bin/gmake  -f CMakeFiles/cmTC_cf047.dir/build.make CMakeFiles/cmTC_cf047.dir/build
gmake[1]: Entering directory '/home/zjn/桌面/app/advance-leveldb/leveldb/CMakeFiles/CMakeTmp'
Building CXX object CMakeFiles/cmTC_cf047.dir/src.cxx.o
/usr/bin/c++ -DHAVE_CXX_FLAG_WD654  -fno-exceptions -fno-rtti  -std=c++11  -Wall  -Wextra  -Wshadow  -Wsuggest-override  -fstrict-aliasing  -Wno-deprecated-declarations  -fno-exceptions  -Wstrict-aliasing  -wd654   -wd654 -std=c++11 -o CMakeFiles/cmTC_cf047.dir/src.cxx.o -c /home/zjn/桌面/app/advance-leveldb/leveldb/CMakeFiles/CMakeTmp/src.cxx
c++: error: unrecognized command-line option '-wd654'
c++: error: unrecognized command-line option '-wd654'
gmake[1]: *** [CMakeFiles/cmTC_cf047.dir/build.make:78: CMakeFiles/cmTC_cf047.dir/src.cxx.o] Error 1
gmake[1]: Leaving directory '/home/zjn/桌面/app/advance-leveldb/leveldb/CMakeFiles/CMakeTmp'
gmake: *** [Makefile:127: cmTC_cf047/fast] Error 2


Source file was:
int main() { return 0; }
Performing C++ SOURCE FILE Test HAVE_CXX_FLAG_WTHREAD_SAFETY failed with the following output:
Change Dir: /home/zjn/桌面/app/advance-leveldb/leveldb/CMakeFiles/CMakeTmp

Run Build Command(s):/usr/bin/gmake -f Makefile cmTC_b0d54/fast && /usr/bin/gmake  -f CMakeFiles/cmTC_b0d54.dir/build.make CMakeFiles/cmTC_b0d54.dir/build
gmake[1]: Entering directory '/home/zjn/桌面/app/advance-leveldb/leveldb/CMakeFiles/CMakeTmp'
Building CXX object CMakeFiles/cmTC_b0d54.dir/src.cxx.o
/usr/bin/c++ -DHAVE_CXX_FLAG_WTHREAD_SAFETY  -fno-exceptions -fno-rtti  -std=c++11  -Wall  -Wextra  -Wshadow  -Wsuggest-override  -fstrict-aliasing  -Wno-deprecated-declarations  -fno-exceptions  -Wstrict-aliasing  -Wthread-safety   -Wthread-safety -std=c++11 -o CMakeFiles/cmTC_b0d54.dir/src.cxx.o -c /home/zjn/桌面/app/advance-leveldb/leveldb/CMakeFiles/CMakeTmp/src.cxx
c++: error: unrecognized command-line option '-Wthread-safety'
c++: error: unrecognized command-line option '-Wthread-safety'
gmake[1]: *** [CMakeFiles/cmTC_b0d54.dir/build.make:78: CMakeFiles/cmTC_b0d54.dir/src.cxx.o] Error 1
gmake[1]: Leaving directory '/home/zjn/桌面/app/advance-leveldb/leveldb/CMakeFiles/CMakeTmp'
gmake: *** [Makefile:127: cmTC_b0d54/fast] Error 2


Source file was:
int main() { return 0; }
Determining if the function sqlite3_open exists in the sqlite3 failed with the following output:
Change Dir: /home/zjn/桌面/app/advance-leveldb/leveldb/CMakeFiles/CMakeTmp

Run Build Command(s):/usr/bin/gmake -f Makefile cmTC_d55ed/fast && /usr/bin/gmake  -f CMakeFiles/cmTC_d55ed.dir/build.make CMakeFiles/cmTC_d55ed.dir/build
gmake[1]: 进入目录“/home/zjn/桌面/app/advance-leveldb/leveldb/CMakeFiles/CMakeTmp”
Building C object CMakeFiles/cmTC_d55ed.dir/CheckFunctionExists.c.o
/usr/bin/cc   -Wstrict-prototypes -DCHECK_FUNCTION_EXISTS=sqlite3_open -std=c11 -o CMakeFiles/cmTC_d55ed.dir/CheckFunctionExists.c.o -c /usr/share/cmake-3.22/Modules/CheckFunctionExists.c
Linking C executable cmTC_d55ed
/usr/bin/cmake -E cmake_link_script CMakeFiles/cmTC_d55ed.dir/link.txt --verbose=1
/usr/bin/cc  -Wstrict-prototypes -DCHECK_FUNCTION_EXISTS=sqlite3_open CMakeFiles/cmTC_d55ed.dir/CheckFunctionExists.c.o -o cmTC_d55ed  -lsqlite3 
/usr/bin/ld: 找不到 -lsqlite3: 没有那个文件或目录
collect2: error: ld returned 1 exit status
gmake[1]: *** [CMakeFiles/cmTC_d55ed.dir/build.make:99：cmTC_d55ed] 错误 1
gmake[1]: 离开目录“/home/zjn/桌面/app/advance-leveldb/leveldb/CMakeFiles/CMakeTmp”
gmake: *** [Makefile:127：cmTC_d55ed/fast] 错误 2



Performing C++ SOURCE FILE Test HAVE_KYOTOCABINET failed with the following output:
Change Dir: /home/zjn/桌面/app/advance-leveldb/leveldb/CMakeFiles/CMakeTmp

Run Build Command(s):/usr/bin/gmake -f Makefile cmTC_bb32f/fast && /usr/bin/gmake  -f CMakeFiles/cmTC_bb32f.dir/build.make CMakeFiles/cmTC_bb32f.dir/build
gmake[1]: 进入目录“/home/zjn/桌面/app/advance-leveldb/leveldb/CMakeFiles/CMakeTmp”
Building CXX object CMakeFiles/cmTC_bb32f.dir/src.cxx.o
/usr/bin/c++ -DHAVE_KYOTOCABINET  -fno-exceptions -fno-rtti  -std=c++11 -o CMakeFiles/cmTC_bb32f.dir/src.cxx.o -c /home/zjn/桌面/app/advance-leveldb/leveldb/CMakeFiles/CMakeTmp/src.cxx
/home/zjn/桌面/app/advance-leveldb/leveldb/CMakeFiles/CMakeTmp/src.cxx:2:10: fatal error: kcpolydb.h: 没有那个文件或目录
    2 | #include <kcpolydb.h>
      |          ^~~~~~~~~~~~
compilation terminated.
gmake[1]: *** [CMakeFiles/cmTC_bb32f.dir/build.make:78：CMakeFiles/cmTC_bb32f.dir/src.cxx.o] 错误 1
gmake[1]: 离开目录“/home/zjn/桌面/app/advance-leveldb/leveldb/CMakeFiles/CMakeTmp”
gmake: *** [Makefile:127：cmTC_bb32f/fast] 错误 2


Source file was:

#include <kcpolydb.h>

int main() {
  kyotocabinet::TreeDB* db = new kyotocabinet::TreeDB();
  delete db;
  return 0;
}
  
Determining if the function crc32c_value exists in the crc32c failed with the following output:
Change Dir: /home/zjn/桌面/app/advance-leveldb/leveldb/CMakeFiles/CMakeTmp

Run Build Command(s):/usr/bin/gmake -f Makefile cmTC_8562b/fast && /usr/bin/gmake  -f CMakeFiles/cmTC_8562b.dir/build.make CMakeFiles/cmTC_8562b.dir/build
gmake[1]: 进入目录“/home/zjn/桌面/app/advance-leveldb/leveldb/CMakeFiles/CMakeTmp”
Building C object CMakeFiles/cmTC_8562b.dir/CheckFunctionExists.c.o
/usr/bin/cc   -DCHECK_FUNCTION_EXISTS=crc32c_value -std=c11 -o CMakeFiles/cmTC_8562b.dir/CheckFunctionExists.c.o -c /usr/share/cmake-3.22/Modules/CheckFunctionExists.c
Linking C executable cmTC_8562b
/usr/bin/cmake -E cmake_link_script CMakeFiles/cmTC_8562b.dir/link.txt --verbose=1
/usr/bin/cc  -DCHECK_FUNCTION_EXISTS=crc32c_value CMakeFiles/cmTC_8562b.dir/CheckFunctionExists.c.o -o cmTC_8562b  -lcrc32c 
/usr/bin/ld: 找不到 -lcrc32c: 没有那个文件或目录
collect2: error: ld returned 1 exit status
gmake[1]: *** [CMakeFiles/cmTC_8562b.dir/build.make:99：cmTC_8562b] 错误 1
gmake[1]: 离开目录“/home/zjn/桌面/app/advance-leveldb/leveldb/CMakeFiles/CMakeTmp”
gmake: *** [Makefile:127：cmTC_8562b/fast] 错误 2



Determining if the function malloc exists in the tcmalloc failed with the following output:
Change Dir: /home/zjn/桌面/app/advance-leveldb/leveldb/CMakeFiles/CMakeTmp

Run Build Command(s):/usr/bin/gmake -f Makefile cmTC_34292/fast && /usr/bin/gmake  -f CMakeFiles/cmTC_34292.dir/build.make CMakeFiles/cmTC_34292.dir/build
gmake[1]: 进入目录“/home/zjn/桌面/app/advance-leveldb/leveldb/CMakeFiles/CMakeTmp”
Building C object CMakeFiles/cmTC_34292.dir/CheckFunctionExists.c.o
/usr/bin/cc   -DCHECK_FUNCTION_EXISTS=malloc -std=c11 -o CMakeFiles/cmTC_34292.dir/CheckFunctionExists.c.o -c /usr/share/cmake-3.22/Modules/CheckFunctionExists.c
<command-line>: warning: conflicting types for built-in function ‘malloc’; expected ‘void *(long unsigned int)’ [-Wbuiltin-declaration-mismatch]
/usr/share/cmake-3.22/Modules/CheckFunctionExists.c:7:3: note: in expansion of macro ‘CHECK_FUNCTION_EXISTS’
    7 |   CHECK_FUNCTION_EXISTS(void);
      |   ^~~~~~~~~~~~~~~~~~~~~
/usr/share/cmake-3.22/Modules/CheckFunctionExists.c:1:1: note: ‘malloc’ is declared in header ‘<stdlib.h>’
  +++ |+#include <stdlib.h>
    1 | #ifdef CHECK_FUNCTION_EXISTS
Linking C executable cmTC_34292
/usr/bin/cmake -E cmake_link_script CMakeFiles/cmTC_34292.dir/link.txt --verbose=1
/usr/bin/cc  -DCHECK_FUNCTION_EXISTS=malloc CMakeFiles/cmTC_34292.dir/CheckFunctionExists.c.o -o cmTC_34292  -ltcmalloc 
/usr/bin/ld: 找不到 -ltcmalloc: 没有那个文件或目录
collect2: error: ld returned 1 exit status
gmake[1]: *** [CMakeFiles/cmTC_34292.dir/build.make:99：cmTC_34292] 错误 1
gmake[1]: 离开目录“/home/zjn/桌面/app/advance-leveldb/leveldb/CMakeFiles/CMakeTmp”
gmake: *** [Makefile:127：cmTC_34292/fast] 错误 2



Determining if the F_FULLFSYNC exist failed with the following output:
Change Dir: /home/zjn/桌面/app/advance-leveldb/leveldb/CMakeFiles/CMakeTmp

Run Build Command(s):/usr/bin/gmake -f Makefile cmTC_7d612/fast && /usr/bin/gmake  -f CMakeFiles/cmTC_7d612.dir/build.make CMakeFiles/cmTC_7d612.dir/build
gmake[1]: 进入目录“/home/zjn/桌面/app/advance-leveldb/leveldb/CMakeFiles/CMakeTmp”
Building CXX object CMakeFiles/cmTC_7d612.dir/CheckSymbolExists.cxx.o
/usr/bin/c++   -std=c++11 -o CMakeFiles/cmTC_7d612.dir/CheckSymbolExists.cxx.o -c /home/zjn/桌面/app/advance-leveldb/leveldb/CMakeFiles/CMakeTmp/CheckSymbolExists.cxx
/home/zjn/桌面/app/advance-leveldb/leveldb/CMakeFiles/CMakeTmp/CheckSymbolExists.cxx: In function ‘int main(int, char**)’:
/home/zjn/桌面/app/advance-leveldb/leveldb/CMakeFiles/CMakeTmp/CheckSymbolExists.cxx:8:19: error: ‘F_FULLFSYNC’ was not declared in this scope
    8 |   return ((int*)(&F_FULLFSYNC))[argc];
      |                   ^~~~~~~~~~~
gmake[1]: *** [CMakeFiles/cmTC_7d612.dir/build.make:78：CMakeFiles/cmTC_7d612.dir/CheckSymbolExists.cxx.o] 错误 1
gmake[1]: 离开目录“/home/zjn/桌面/app/advance-leveldb/leveldb/CMakeFiles/CMakeTmp”
gmake: *** [Makefile:127：cmTC_7d612/fast] 错误 2


File /home/zjn/桌面/app/advance-leveldb/leveldb/CMakeFiles/CMakeTmp/CheckSymbolExists.cxx:
/* */
#include <fcntl.h>

int main(int argc, char** argv)
{
  (void)argv;
#ifndef F_FULLFSYNC
  return ((int*)(&F_FULLFSYNC))[argc];
#else
  (void)argc;
  return 0;
#endif
}
Performing C++ SOURCE FILE Test HAVE_CLANG_THREAD_SAFETY failed with the following output:
Change Dir: /home/zjn/桌面/app/advance-leveldb/leveldb/CMakeFiles/CMakeTmp

Run Build Command(s):/usr/bin/gmake -f Makefile cmTC_7e6cb/fast && /usr/bin/gmake  -f CMakeFiles/cmTC_7e6cb.dir/build.make CMakeFiles/cmTC_7e6cb.dir/build
gmake[1]: Entering directory '/home/zjn/桌面/app/advance-leveldb/leveldb/CMakeFiles/CMakeTmp'
Building CXX object CMakeFiles/cmTC_7e6cb.dir/src.cxx.o
/usr/bin/c++ -DHAVE_CLANG_THREAD_SAFETY  -fno-exceptions -fno-rtti    -Wthread-safety -std=c++11 -o CMakeFiles/cmTC_7e6cb.dir/src.cxx.o -c /home/zjn/桌面/app/advance-leveldb/leveldb/CMakeFiles/CMakeTmp/src.cxx
c++: error: unrecognized command-line option '-Wthread-safety'
gmake[1]: *** [CMakeFiles/cmTC_7e6cb.dir/build.make:78: CMakeFiles/cmTC_7e6cb.dir/src.cxx.o] Error 1
gmake[1]: Leaving directory '/home/zjn/桌面/app/advance-leveldb/leveldb/CMakeFiles/CMakeTmp'
gmake: *** [Makefile:127: cmTC_7e6cb/fast] Error 2


Source file was:
int main() { return 0; }
Performing C++ SOURCE FILE Test HAVE_CXX_FLAG_WSHORTEN_64_TO_32 failed with the following output:
Change Dir: /home/zjn/桌面/app/advance-leveldb/leveldb/CMakeFiles/CMakeTmp

Run Build Command(s):/usr/bin/gmake -f Makefile cmTC_4b094/fast && /usr/bin/gmake  -f CMakeFiles/cmTC_4b094.dir/build.make CMakeFiles/cmTC_4b094.dir/build
gmake[1]: Entering directory '/home/zjn/桌面/app/advance-leveldb/leveldb/CMakeFiles/CMakeTmp'
Building CXX object CMakeFiles/cmTC_4b094.dir/src.cxx.o
/usr/bin/c++ -DHAVE_CXX_FLAG_WSHORTEN_64_TO_32  -fno-exceptions -fno-rtti  -std=c++11  -Wall  -Wextra  -Wshadow  -Wsuggest-override  -Wshorten-64-to-32   -Wshorten-64-to-32 -std=c++11 -o CMakeFiles/cmTC_4b094.dir/src.cxx.o -c /home/zjn/桌面/app/advance-leveldb/leveldb/CMakeFiles/CMakeTmp/src.cxx
c++: error: unrecognized command-line option '-Wshorten-64-to-32'
c++: error: unrecognized command-line option '-Wshorten-64-to-32'
gmake[1]: *** [CMakeFiles/cmTC_4b094.dir/build.make:78: CMakeFiles/cmTC_4b094.dir/src.cxx.o] Error 1
gmake[1]: Leaving directory '/home/zjn/桌面/app/advance-leveldb/leveldb/CMakeFiles/CMakeTmp'
gmake: *** [Makefile:127: cmTC_4b094/fast] Error 2


Source file was:
int main() { return 0; }
Performing C++ SOURCE FILE Test HAVE_CXX_FLAG_WD654 failed with the following output:
Change Dir: /home/zjn/桌面/app/advance-leveldb/leveldb/CMakeFiles/CMakeTmp

Run Build Command(s):/usr/bin/gmake -f Makefile cmTC_fc156/fast && /usr/bin/gmake  -f CMakeFiles/cmTC_fc156.dir/build.make CMakeFiles/cmTC_fc156.dir/build
gmake[1]: Entering directory '/home/zjn/桌面/app/advance-leveldb/leveldb/CMakeFiles/CMakeTmp'
Building CXX object CMakeFiles/cmTC_fc156.dir/src.cxx.o
/usr/bin/c++ -DHAVE_CXX_FLAG_WD654  -fno-exceptions -fno-rtti  -std=c++11  -Wall  -Wextra  -Wshadow  -Wsuggest-override  -fstrict-aliasing  -Wno-deprecated-declarations  -fno-exceptions  -Wstrict-aliasing  -wd654   -wd654 -std=c++11 -o CMakeFiles/cmTC_fc156.dir/src.cxx.o -c /home/zjn/桌面/app/advance-leveldb/leveldb/CMakeFiles/CMakeTmp/src.cxx
c++: error: unrecognized command-line option '-wd654'
c++: error: unrecognized command-line option '-wd654'
gmake[1]: *** [CMakeFiles/cmTC_fc156.dir/build.make:78: CMakeFiles/cmTC_fc156.dir/src.cxx.o] Error 1
gmake[1]: Leaving directory '/home/zjn/桌面/app/advance-leveldb/leveldb/CMakeFiles/CMakeTmp'
gmake: *** [Makefile:127: cmTC_fc156/fast] Error 2


Source file was:
int main() { return 0; }
Performing C++ SOURCE FILE Test HAVE_CXX_FLAG_WTHREAD_SAFETY failed with the following output:
Change Dir: /home/zjn/桌面/app/advance-leveldb/leveldb/CMakeFiles/CMakeTmp

Run Build Command(s):/usr/bin/gmake -f Makefile cmTC_6a4e0/fast && /usr/bin/gmake  -f CMakeFiles/cmTC_6a4e0.dir/build.make CMakeFiles/cmTC_6a4e0.dir/build
gmake[1]: Entering directory '/home/zjn/桌面/app/advance-leveldb/leveldb/CMakeFiles/CMakeTmp'
Building CXX object CMakeFiles/cmTC_6a4e0.dir/src.cxx.o
/usr/bin/c++ -DHAVE_CXX_FLAG_WTHREAD_SAFETY  -fno-exceptions -fno-rtti  -std=c++11  -Wall  -Wextra  -Wshadow  -Wsuggest-override  -fstrict-aliasing  -Wno-deprecated-declarations  -fno-exceptions  -Wstrict-aliasing  -Wthread-safety   -Wthread-safety -std=c++11 -o CMakeFiles/cmTC_6a4e0.dir/src.cxx.o -c /home/zjn/桌面/app/advance-leveldb/leveldb/CMakeFiles/CMakeTmp/src.cxx
c++: error: unrecognized command-line option '-Wthread-safety'
c++: error: unrecognized command-line option '-Wthread-safety'
gmake[1]: *** [CMakeFiles/cmTC_6a4e0.dir/build.make:78: CMakeFiles/cmTC_6a4e0.dir/src.cxx.o] Error 1
gmake[1]: Leaving directory '/home/zjn/桌面/app/advance-leveldb/leveldb/CMakeFiles/CMakeTmp'
gmake: *** [Makefile:127: cmTC_6a4e0/fast] Error 2


Source file was:
int main() { return 0; }
Determining if the function sqlite3_open exists in the sqlite3 failed with the following output:
Change Dir: /home/zjn/桌面/app/advance-leveldb/leveldb/CMakeFiles/CMakeTmp

Run Build Command(s):/usr/bin/gmake -f Makefile cmTC_27183/fast && /usr/bin/gmake  -f CMakeFiles/cmTC_27183.dir/build.make CMakeFiles/cmTC_27183.dir/build
gmake[1]: 进入目录“/home/zjn/桌面/app/advance-leveldb/leveldb/CMakeFiles/CMakeTmp”
Building C object CMakeFiles/cmTC_27183.dir/CheckFunctionExists.c.o
/usr/bin/cc   -Wstrict-prototypes -DCHECK_FUNCTION_EXISTS=sqlite3_open -std=c11 -o CMakeFiles/cmTC_27183.dir/CheckFunctionExists.c.o -c /usr/share/cmake-3.22/Modules/CheckFunctionExists.c
Linking C executable cmTC_27183
/usr/bin/cmake -E cmake_link_script CMakeFiles/cmTC_27183.dir/link.txt --verbose=1
/usr/bin/cc  -Wstrict-prototypes -DCHECK_FUNCTION_EXISTS=sqlite3_open CMakeFiles/cmTC_27183.dir/CheckFunctionExists.c.o -o cmTC_27183  -lsqlite3 
/usr/bin/ld: 找不到 -lsqlite3: 没有那个文件或目录
collect2: error: ld returned 1 exit status
gmake[1]: *** [CMakeFiles/cmTC_27183.dir/build.make:99：cmTC_27183] 错误 1
gmake[1]: 离开目录“/home/zjn/桌面/app/advance-leveldb/leveldb/CMakeFiles/CMakeTmp”
gmake: *** [Makefile:127：cmTC_27183/fast] 错误 2



Performing C++ SOURCE FILE Test HAVE_KYOTOCABINET failed with the following output:
Change Dir: /home/zjn/桌面/app/advance-leveldb/leveldb/CMakeFiles/CMakeTmp

Run Build Command(s):/usr/bin/gmake -f Makefile cmTC_f5cd8/fast && /usr/bin/gmake  -f CMakeFiles/cmTC_f5cd8.dir/build.make CMakeFiles/cmTC_f5cd8.dir/build
gmake[1]: 进入目录“/home/zjn/桌面/app/advance-leveldb/leveldb/CMakeFiles/CMakeTmp”
Building CXX object CMakeFiles/cmTC_f5cd8.dir/src.cxx.o
/usr/bin/c++ -DHAVE_KYOTOCABINET  -fno-exceptions -fno-rtti  -std=c++11 -o CMakeFiles/cmTC_f5cd8.dir/src.cxx.o -c /home/zjn/桌面/app/advance-leveldb/leveldb/CMakeFiles/CMakeTmp/src.cxx
/home/zjn/桌面/app/advance-leveldb/leveldb/CMakeFiles/CMakeTmp/src.cxx:2:10: fatal error: kcpolydb.h: 没有那个文件或目录
    2 | #include <kcpolydb.h>
      |          ^~~~~~~~~~~~
compilation terminated.
gmake[1]: *** [CMakeFiles/cmTC_f5cd8.dir/build.make:78：CMakeFiles/cmTC_f5cd8.dir/src.cxx.o] 错误 1
gmake[1]: 离开目录“/home/zjn/桌面/app/advance-leveldb/leveldb/CMakeFiles/CMakeTmp”
gmake: *** [Makefile:127：cmTC_f5cd8/fast] 错误 2


Source file was:

#include <kcpolydb.h>

int main() {
  kyotocabinet::TreeDB* db = new kyotocabinet::TreeDB();
  delete db;
  return 0;
}
  
Determining if the function crc32c_value exists in the crc32c failed with the following output:
Change Dir: /home/zjn/桌面/app/advance-leveldb/leveldb/CMakeFiles/CMakeTmp

Run Build Command(s):/usr/bin/gmake -f Makefile cmTC_a92e2/fast && gmake[1]: 进入目录“/home/zjn/桌面/app/advance-leveldb/leveldb/CMakeFiles/CMakeTmp”
/usr/bin/gmake  -f CMakeFiles/cmTC_a92e2.dir/build.make CMakeFiles/cmTC_a92e2.dir/build
gmake[2]: 进入目录“/home/zjn/桌面/app/advance-leveldb/leveldb/CMakeFiles/CMakeTmp”
Building C object CMakeFiles/cmTC_a92e2.dir/CheckFunctionExists.c.o
/usr/bin/cc   -DCHECK_FUNCTION_EXISTS=crc32c_value -std=c11 -o CMakeFiles/cmTC_a92e2.dir/CheckFunctionExists.c.o -c /usr/share/cmake-3.22/Modules/CheckFunctionExists.c
Linking C executable cmTC_a92e2
/usr/bin/cmake -E cmake_link_script CMakeFiles/cmTC_a92e2.dir/link.txt --verbose=1
/usr/bin/cc  -DCHECK_FUNCTION_EXISTS=crc32c_value CMakeFiles/cmTC_a92e2.dir/CheckFunctionExists.c.o -o cmTC_a92e2  -lcrc32c 
/usr/bin/ld: 找不到 -lcrc32c: 没有那个文件或目录
collect2: error: ld returned 1 exit status
gmake[2]: *** [CMakeFiles/cmTC_a92e2.dir/build.make:99：cmTC_a92e2] 错误 1
gmake[2]: 离开目录“/home/zjn/桌面/app/advance-leveldb/leveldb/CMakeFiles/CMakeTmp”
gmake[1]: *** [Makefile:127：cmTC_a92e2/fast] 错误 2
gmake[1]: 离开目录“/home/zjn/桌面/app/advance-leveldb/leveldb/CMakeFiles/CMakeTmp”



Determining if the function malloc exists in the tcmalloc failed with the following output:
Change Dir: /home/zjn/桌面/app/advance-leveldb/leveldb/CMakeFiles/CMakeTmp

Run Build Command(s):/usr/bin/gmake -f Makefile cmTC_84a7a/fast && gmake[1]: 进入目录“/home/zjn/桌面/app/advance-leveldb/leveldb/CMakeFiles/CMakeTmp”
/usr/bin/gmake  -f CMakeFiles/cmTC_84a7a.dir/build.make CMakeFiles/cmTC_84a7a.dir/build
gmake[2]: 进入目录“/home/zjn/桌面/app/advance-leveldb/leveldb/CMakeFiles/CMakeTmp”
Building C object CMakeFiles/cmTC_84a7a.dir/CheckFunctionExists.c.o
/usr/bin/cc   -DCHECK_FUNCTION_EXISTS=malloc -std=c11 -o CMakeFiles/cmTC_84a7a.dir/CheckFunctionExists.c.o -c /usr/share/cmake-3.22/Modules/CheckFunctionExists.c
<command-line>: warning: conflicting types for built-in function ‘malloc’; expected ‘void *(long unsigned int)’ [-Wbuiltin-declaration-mismatch]
/usr/share/cmake-3.22/Modules/CheckFunctionExists.c:7:3: note: in expansion of macro ‘CHECK_FUNCTION_EXISTS’
    7 |   CHECK_FUNCTION_EXISTS(void);
      |   ^~~~~~~~~~~~~~~~~~~~~
/usr/share/cmake-3.22/Modules/CheckFunctionExists.c:1:1: note: ‘malloc’ is declared in header ‘<stdlib.h>’
  +++ |+#include <stdlib.h>
    1 | #ifdef CHECK_FUNCTION_EXISTS
Linking C executable cmTC_84a7a
/usr/bin/cmake -E cmake_link_script CMakeFiles/cmTC_84a7a.dir/link.txt --verbose=1
/usr/bin/cc  -DCHECK_FUNCTION_EXISTS=malloc CMakeFiles/cmTC_84a7a.dir/CheckFunctionExists.c.o -o cmTC_84a7a  -ltcmalloc 
/usr/bin/ld: 找不到 -ltcmalloc: 没有那个文件或目录
collect2: error: ld returned 1 exit status
gmake[2]: *** [CMakeFiles/cmTC_84a7a.dir/build.make:99：cmTC_84a7a] 错误 1
gmake[2]: 离开目录“/home/zjn/桌面/app/advance-leveldb/leveldb/CMakeFiles/CMakeTmp”
gmake[1]: *** [Makefile:127：cmTC_84a7a/fast] 错误 2
gmake[1]: 离开目录“/home/zjn/桌面/app/advance-leveldb/leveldb/CMakeFiles/CMakeTmp”



Determining if the F_FULLFSYNC exist failed with the following output:
Change Dir: /home/zjn/桌面/app/advance-leveldb/leveldb/CMakeFiles/CMakeTmp

Run Build Command(s):/usr/bin/gmake -f Makefile cmTC_a9b05/fast && gmake[1]: 进入目录“/home/zjn/桌面/app/advance-leveldb/leveldb/CMakeFiles/CMakeTmp”
/usr/bin/gmake  -f CMakeFiles/cmTC_a9b05.dir/build.make CMakeFiles/cmTC_a9b05.dir/build
gmake[2]: 进入目录“/home/zjn/桌面/app/advance-leveldb/leveldb/CMakeFiles/CMakeTmp”
Building CXX object CMakeFiles/cmTC_a9b05.dir/CheckSymbolExists.cxx.o
/usr/bin/c++   -std=c++11 -o CMakeFiles/cmTC_a9b05.dir/CheckSymbolExists.cxx.o -c /home/zjn/桌面/app/advance-leveldb/leveldb/CMakeFiles/CMakeTmp/CheckSymbolExists.cxx
/home/zjn/桌面/app/advance-leveldb/leveldb/CMakeFiles/CMakeTmp/CheckSymbolExists.cxx: In function ‘int main(int, char**)’:
/home/zjn/桌面/app/advance-leveldb/leveldb/CMakeFiles/CMakeTmp/CheckSymbolExists.cxx:8:19: error: ‘F_FULLFSYNC’ was not declared in this scope
    8 |   return ((int*)(&F_FULLFSYNC))[argc];
      |                   ^~~~~~~~~~~
gmake[2]: *** [CMakeFiles/cmTC_a9b05.dir/build.make:78：CMakeFiles/cmTC_a9b05.dir/CheckSymbolExists.cxx.o] 错误 1
gmake[2]: 离开目录“/home/zjn/桌面/app/advance-leveldb/leveldb/CMakeFiles/CMakeTmp”
gmake[1]: *** [Makefile:127：cmTC_a9b05/fast] 错误 2
gmake[1]: 离开目录“/home/zjn/桌面/app/advance-leveldb/leveldb/CMakeFiles/CMakeTmp”


File /home/zjn/桌面/app/advance-leveldb/leveldb/CMakeFiles/CMakeTmp/CheckSymbolExists.cxx:
/* */
#include <fcntl.h>

int main(int argc, char** argv)
{
  (void)argv;
#ifndef F_FULLFSYNC
  return ((int*)(&F_FULLFSYNC))[argc];
#else
  (void)argc;
  return 0;
#endif
}
Performing C++ SOURCE FILE Test HAVE_CLANG_THREAD_SAFETY failed with the following output:
Change Dir: /home/zjn/桌面/app/advance-leveldb/leveldb/CMakeFiles/CMakeTmp

Run Build Command(s):/usr/bin/gmake -f Makefile cmTC_276a1/fast && gmake[1]: Entering directory '/home/zjn/桌面/app/advance-leveldb/leveldb/CMakeFiles/CMakeTmp'
/usr/bin/gmake  -f CMakeFiles/cmTC_276a1.dir/build.make CMakeFiles/cmTC_276a1.dir/build
gmake[2]: Entering directory '/home/zjn/桌面/app/advance-leveldb/leveldb/CMakeFiles/CMakeTmp'
Building CXX object CMakeFiles/cmTC_276a1.dir/src.cxx.o
/usr/bin/c++ -DHAVE_CLANG_THREAD_SAFETY  -fno-exceptions -fno-rtti    -Wthread-safety -std=c++11 -o CMakeFiles/cmTC_276a1.dir/src.cxx.o -c /home/zjn/桌面/app/advance-leveldb/leveldb/CMakeFiles/CMakeTmp/src.cxx
c++: error: unrecognized command-line option '-Wthread-safety'
gmake[2]: *** [CMakeFiles/cmTC_276a1.dir/build.make:78: CMakeFiles/cmTC_276a1.dir/src.cxx.o] Error 1
gmake[2]: Leaving directory '/home/zjn/桌面/app/advance-leveldb/leveldb/CMakeFiles/CMakeTmp'
gmake[1]: *** [Makefile:127: cmTC_276a1/fast] Error 2
gmake[1]: Leaving directory '/home/zjn/桌面/app/advance-leveldb/leveldb/CMakeFiles/CMakeTmp'


Source file was:
int main() { return 0; }
Performing C++ SOURCE FILE Test HAVE_CXX_FLAG_WSHORTEN_64_TO_32 failed with the following output:
Change Dir: /home/zjn/桌面/app/advance-leveldb/leveldb/CMakeFiles/CMakeTmp

Run Build Command(s):/usr/bin/gmake -f Makefile cmTC_bcff1/fast && gmake[1]: Entering directory '/home/zjn/桌面/app/advance-leveldb/leveldb/CMakeFiles/CMakeTmp'
/usr/bin/gmake  -f CMakeFiles/cmTC_bcff1.dir/build.make CMakeFiles/cmTC_bcff1.dir/build
gmake[2]: Entering directory '/home/zjn/桌面/app/advance-leveldb/leveldb/CMakeFiles/CMakeTmp'
Building CXX object CMakeFiles/cmTC_bcff1.dir/src.cxx.o
/usr/bin/c++ -DHAVE_CXX_FLAG_WSHORTEN_64_TO_32  -fno-exceptions -fno-rtti  -std=c++11  -Wall  -Wextra  -Wshadow  -Wsuggest-override  -Wshorten-64-to-32   -Wshorten-64-to-32 -std=c++11 -o CMakeFiles/cmTC_bcff1.dir/src.cxx.o -c /home/zjn/桌面/app/advance-leveldb/leveldb/CMakeFiles/CMakeTmp/src.cxx
c++: error: unrecognized command-line option '-Wshorten-64-to-32'
c++: error: unrecognized command-line option '-Wshorten-64-to-32'
gmake[2]: *** [CMakeFiles/cmTC_bcff1.dir/build.make:78: CMakeFiles/cmTC_bcff1.dir/src.cxx.o] Error 1
gmake[2]: Leaving directory '/home/zjn/桌面/app/advance-leveldb/leveldb/CMakeFiles/CMakeTmp'
gmake[1]: *** [Makefile:127: cmTC_bcff1/fast] Error 2
gmake[1]: Leaving directory '/home/zjn/桌面/app/advance-leveldb/leveldb/CMakeFiles/CMakeTmp'


Source file was:
int main() { return 0; }
Performing C++ SOURCE FILE Test HAVE_CXX_FLAG_WD654 failed with the following output:
Change Dir: /home/zjn/桌面/app/advance-leveldb/leveldb/CMakeFiles/CMakeTmp

Run Build Command(s):/usr/bin/gmake -f Makefile cmTC_65f6c/fast && gmake[1]: Entering directory '/home/zjn/桌面/app/advance-leveldb/leveldb/CMakeFiles/CMakeTmp'
/usr/bin/gmake  -f CMakeFiles/cmTC_65f6c.dir/build.make CMakeFiles/cmTC_65f6c.dir/build
gmake[2]: Entering directory '/home/zjn/桌面/app/advance-leveldb/leveldb/CMakeFiles/CMakeTmp'
Building CXX object CMakeFiles/cmTC_65f6c.dir/src.cxx.o
/usr/bin/c++ -DHAVE_CXX_FLAG_WD654  -fno-exceptions -fno-rtti  -std=c++11  -Wall  -Wextra  -Wshadow  -Wsuggest-override  -fstrict-aliasing  -Wno-deprecated-declarations  -fno-exceptions  -Wstrict-aliasing  -wd654   -wd654 -std=c++11 -o CMakeFiles/cmTC_65f6c.dir/src.cxx.o -c /home/zjn/桌面/app/advance-leveldb/leveldb/CMakeFiles/CMakeTmp/src.cxx
c++: error: unrecognized command-line option '-wd654'
c++: error: unrecognized command-line option '-wd654'
gmake[2]: *** [CMakeFiles/cmTC_65f6c.dir/build.make:78: CMakeFiles/cmTC_65f6c.dir/src.cxx.o] Error 1
gmake[2]: Leaving directory '/home/zjn/桌面/app/advance-leveldb/leveldb/CMakeFiles/CMakeTmp'
gmake[1]: *** [Makefile:127: cmTC_65f6c/fast] Error 2
gmake[1]: Leaving directory '/home/zjn/桌面/app/advance-leveldb/leveldb/CMakeFiles/CMakeTmp'


Source file was:
int main() { return 0; }
Performing C++ SOURCE FILE Test HAVE_CXX_FLAG_WTHREAD_SAFETY failed with the following output:
Change Dir: /home/zjn/桌面/app/advance-leveldb/leveldb/CMakeFiles/CMakeTmp

Run Build Command(s):/usr/bin/gmake -f Makefile cmTC_fe8f9/fast && gmake[1]: Entering directory '/home/zjn/桌面/app/advance-leveldb/leveldb/CMakeFiles/CMakeTmp'
/usr/bin/gmake  -f CMakeFiles/cmTC_fe8f9.dir/build.make CMakeFiles/cmTC_fe8f9.dir/build
gmake[2]: Entering directory '/home/zjn/桌面/app/advance-leveldb/leveldb/CMakeFiles/CMakeTmp'
Building CXX object CMakeFiles/cmTC_fe8f9.dir/src.cxx.o
/usr/bin/c++ -DHAVE_CXX_FLAG_WTHREAD_SAFETY  -fno-exceptions -fno-rtti  -std=c++11  -Wall  -Wextra  -Wshadow  -Wsuggest-override  -fstrict-aliasing  -Wno-deprecated-declarations  -fno-exceptions  -Wstrict-aliasing  -Wthread-safety   -Wthread-safety -std=c++11 -o CMakeFiles/cmTC_fe8f9.dir/src.cxx.o -c /home/zjn/桌面/app/advance-leveldb/leveldb/CMakeFiles/CMakeTmp/src.cxx
c++: error: unrecognized command-line option '-Wthread-safety'
c++: error: unrecognized command-line option '-Wthread-safety'
gmake[2]: *** [CMakeFiles/cmTC_fe8f9.dir/build.make:78: CMakeFiles/cmTC_fe8f9.dir/src.cxx.o] Error 1
gmake[2]: Leaving directory '/home/zjn/桌面/app/advance-leveldb/leveldb/CMakeFiles/CMakeTmp'
gmake[1]: *** [Makefile:127: cmTC_fe8f9/fast] Error 2
gmake[1]: Leaving directory '/home/zjn/桌面/app/advance-leveldb/leveldb/CMakeFiles/CMakeTmp'


Source file was:
int main() { return 0; }
Determining if the function sqlite3_open exists in the sqlite3 failed with the following output:
Change Dir: /home/zjn/桌面/app/advance-leveldb/leveldb/CMakeFiles/CMakeTmp

Run Build Command(s):/usr/bin/gmake -f Makefile cmTC_f9c10/fast && gmake[1]: 进入目录“/home/zjn/桌面/app/advance-leveldb/leveldb/CMakeFiles/CMakeTmp”
/usr/bin/gmake  -f CMakeFiles/cmTC_f9c10.dir/build.make CMakeFiles/cmTC_f9c10.dir/build
gmake[2]: 进入目录“/home/zjn/桌面/app/advance-leveldb/leveldb/CMakeFiles/CMakeTmp”
Building C object CMakeFiles/cmTC_f9c10.dir/CheckFunctionExists.c.o
/usr/bin/cc   -Wstrict-prototypes -DCHECK_FUNCTION_EXISTS=sqlite3_open -std=c11 -o CMakeFiles/cmTC_f9c10.dir/CheckFunctionExists.c.o -c /usr/share/cmake-3.22/Modules/CheckFunctionExists.c
Linking C executable cmTC_f9c10
/usr/bin/cmake -E cmake_link_script CMakeFiles/cmTC_f9c10.dir/link.txt --verbose=1
/usr/bin/cc  -Wstrict-prototypes -DCHECK_FUNCTION_EXISTS=sqlite3_open CMakeFiles/cmTC_f9c10.dir/CheckFunctionExists.c.o -o cmTC_f9c10  -lsqlite3 
/usr/bin/ld: 找不到 -lsqlite3: 没有那个文件或目录
collect2: error: ld returned 1 exit status
gmake[2]: *** [CMakeFiles/cmTC_f9c10.dir/build.make:99：cmTC_f9c10] 错误 1
gmake[2]: 离开目录“/home/zjn/桌面/app/advance-leveldb/leveldb/CMakeFiles/CMakeTmp”
gmake[1]: *** [Makefile:127：cmTC_f9c10/fast] 错误 2
gmake[1]: 离开目录“/home/zjn/桌面/app/advance-leveldb/leveldb/CMakeFiles/CMakeTmp”



Performing C++ SOURCE FILE Test HAVE_KYOTOCABINET failed with the following output:
Change Dir: /home/zjn/桌面/app/advance-leveldb/leveldb/CMakeFiles/CMakeTmp

Run Build Command(s):/usr/bin/gmake -f Makefile cmTC_6a8e1/fast && gmake[1]: 进入目录“/home/zjn/桌面/app/advance-leveldb/leveldb/CMakeFiles/CMakeTmp”
/usr/bin/gmake  -f CMakeFiles/cmTC_6a8e1.dir/build.make CMakeFiles/cmTC_6a8e1.dir/build
gmake[2]: 进入目录“/home/zjn/桌面/app/advance-leveldb/leveldb/CMakeFiles/CMakeTmp”
Building CXX object CMakeFiles/cmTC_6a8e1.dir/src.cxx.o
/usr/bin/c++ -DHAVE_KYOTOCABINET  -fno-exceptions -fno-rtti  -std=c++11 -o CMakeFiles/cmTC_6a8e1.dir/src.cxx.o -c /home/zjn/桌面/app/advance-leveldb/leveldb/CMakeFiles/CMakeTmp/src.cxx
/home/zjn/桌面/app/advance-leveldb/leveldb/CMakeFiles/CMakeTmp/src.cxx:2:10: fatal error: kcpolydb.h: 没有那个文件或目录
    2 | #include <kcpolydb.h>
      |          ^~~~~~~~~~~~
compilation terminated.
gmake[2]: *** [CMakeFiles/cmTC_6a8e1.dir/build.make:78：CMakeFiles/cmTC_6a8e1.dir/src.cxx.o] 错误 1
gmake[2]: 离开目录“/home/zjn/桌面/app/advance-leveldb/leveldb/CMakeFiles/CMakeTmp”
gmake[1]: *** [Makefile:127：cmTC_6a8e1/fast] 错误 2
gmake[1]: 离开目录“/home/zjn/桌面/app/advance-leveldb/leveldb/CMakeFiles/CMakeTmp”


Source file was:

#include <kcpolydb.h>

int main() {
  kyotocabinet::TreeDB* db = new kyotocabinet::TreeDB();
  delete db;
  return 0;
}
  
Determining if the function crc32c_value exists in the crc32c failed with the following output:
Change Dir: /home/zjn/桌面/app/advance-leveldb/leveldb/CMakeFiles/CMakeTmp

Run Build Command(s):/usr/bin/gmake -f Makefile cmTC_27cb1/fast && /usr/bin/gmake  -f CMakeFiles/cmTC_27cb1.dir/build.make CMakeFiles/cmTC_27cb1.dir/build
gmake[1]: 进入目录“/home/zjn/桌面/app/advance-leveldb/leveldb/CMakeFiles/CMakeTmp”
Building C object CMakeFiles/cmTC_27cb1.dir/CheckFunctionExists.c.o
/usr/bin/cc   -DCHECK_FUNCTION_EXISTS=crc32c_value -std=c11 -o CMakeFiles/cmTC_27cb1.dir/CheckFunctionExists.c.o -c /usr/share/cmake-3.22/Modules/CheckFunctionExists.c
Linking C executable cmTC_27cb1
/usr/bin/cmake -E cmake_link_script CMakeFiles/cmTC_27cb1.dir/link.txt --verbose=1
/usr/bin/cc  -DCHECK_FUNCTION_EXISTS=crc32c_value CMakeFiles/cmTC_27cb1.dir/CheckFunctionExists.c.o -o cmTC_27cb1  -lcrc32c 
/usr/bin/ld: 找不到 -lcrc32c: 没有那个文件或目录
collect2: error: ld returned 1 exit status
gmake[1]: *** [CMakeFiles/cmTC_27cb1.dir/build.make:99：cmTC_27cb1] 错误 1
gmake[1]: 离开目录“/home/zjn/桌面/app/advance-leveldb/leveldb/CMakeFiles/CMakeTmp”
gmake: *** [Makefile:127：cmTC_27cb1/fast] 错误 2



Determining if the function malloc exists in the tcmalloc failed with the following output:
Change Dir: /home/zjn/桌面/app/advance-leveldb/leveldb/CMakeFiles/CMakeTmp

Run Build Command(s):/usr/bin/gmake -f Makefile cmTC_3a879/fast && /usr/bin/gmake  -f CMakeFiles/cmTC_3a879.dir/build.make CMakeFiles/cmTC_3a879.dir/build
gmake[1]: 进入目录“/home/zjn/桌面/app/advance-leveldb/leveldb/CMakeFiles/CMakeTmp”
Building C object CMakeFiles/cmTC_3a879.dir/CheckFunctionExists.c.o
/usr/bin/cc   -DCHECK_FUNCTION_EXISTS=malloc -std=c11 -o CMakeFiles/cmTC_3a879.dir/CheckFunctionExists.c.o -c /usr/share/cmake-3.22/Modules/CheckFunctionExists.c
<command-line>: warning: conflicting types for built-in function ‘malloc’; expected ‘void *(long unsigned int)’ [-Wbuiltin-declaration-mismatch]
/usr/share/cmake-3.22/Modules/CheckFunctionExists.c:7:3: note: in expansion of macro ‘CHECK_FUNCTION_EXISTS’
    7 |   CHECK_FUNCTION_EXISTS(void);
      |   ^~~~~~~~~~~~~~~~~~~~~
/usr/share/cmake-3.22/Modules/CheckFunctionExists.c:1:1: note: ‘malloc’ is declared in header ‘<stdlib.h>’
  +++ |+#include <stdlib.h>
    1 | #ifdef CHECK_FUNCTION_EXISTS
Linking C executable cmTC_3a879
/usr/bin/cmake -E cmake_link_script CMakeFiles/cmTC_3a879.dir/link.txt --verbose=1
/usr/bin/cc  -DCHECK_FUNCTION_EXISTS=malloc CMakeFiles/cmTC_3a879.dir/CheckFunctionExists.c.o -o cmTC_3a879  -ltcmalloc 
/usr/bin/ld: 找不到 -ltcmalloc: 没有那个文件或目录
collect2: error: ld returned 1 exit status
gmake[1]: *** [CMakeFiles/cmTC_3a879.dir/build.make:99：cmTC_3a879] 错误 1
gmake[1]: 离开目录“/home/zjn/桌面/app/advance-leveldb/leveldb/CMakeFiles/CMakeTmp”
gmake: *** [Makefile:127：cmTC_3a879/fast] 错误 2



Determining if the F_FULLFSYNC exist failed with the following output:
Change Dir: /home/zjn/桌面/app/advance-leveldb/leveldb/CMakeFiles/CMakeTmp

Run Build Command(s):/usr/bin/gmake -f Makefile cmTC_a98d1/fast && /usr/bin/gmake  -f CMakeFiles/cmTC_a98d1.dir/build.make CMakeFiles/cmTC_a98d1.dir/build
gmake[1]: 进入目录“/home/zjn/桌面/app/advance-leveldb/leveldb/CMakeFiles/CMakeTmp”
Building CXX object CMakeFiles/cmTC_a98d1.dir/CheckSymbolExists.cxx.o
/usr/bin/c++   -std=c++11 -o CMakeFiles/cmTC_a98d1.dir/CheckSymbolExists.cxx.o -c /home/zjn/桌面/app/advance-leveldb/leveldb/CMakeFiles/CMakeTmp/CheckSymbolExists.cxx
/home/zjn/桌面/app/advance-leveldb/leveldb/CMakeFiles/CMakeTmp/CheckSymbolExists.cxx: In function ‘int main(int, char**)’:
/home/zjn/桌面/app/advance-leveldb/leveldb/CMakeFiles/CMakeTmp/CheckSymbolExists.cxx:8:19: error: ‘F_FULLFSYNC’ was not declared in this scope
    8 |   return ((int*)(&F_FULLFSYNC))[argc];
      |                   ^~~~~~~~~~~
gmake[1]: *** [CMakeFiles/cmTC_a98d1.dir/build.make:78：CMakeFiles/cmTC_a98d1.dir/CheckSymbolExists.cxx.o] 错误 1
gmake[1]: 离开目录“/home/zjn/桌面/app/advance-leveldb/leveldb/CMakeFiles/CMakeTmp”
gmake: *** [Makefile:127：cmTC_a98d1/fast] 错误 2


File /home/zjn/桌面/app/advance-leveldb/leveldb/CMakeFiles/CMakeTmp/CheckSymbolExists.cxx:
/* */
#include <fcntl.h>

int main(int argc, char** argv)
{
  (void)argv;
#ifndef F_FULLFSYNC
  return ((int*)(&F_FULLFSYNC))[argc];
#else
  (void)argc;
  return 0;
#endif
}
Performing C++ SOURCE FILE Test HAVE_CLANG_THREAD_SAFETY failed with the following output:
Change Dir: /home/zjn/桌面/app/advance-leveldb/leveldb/CMakeFiles/CMakeTmp

Run Build Command(s):/usr/bin/gmake -f Makefile cmTC_59b25/fast && /usr/bin/gmake  -f CMakeFiles/cmTC_59b25.dir/build.make CMakeFiles/cmTC_59b25.dir/build
gmake[1]: Entering directory '/home/zjn/桌面/app/advance-leveldb/leveldb/CMakeFiles/CMakeTmp'
Building CXX object CMakeFiles/cmTC_59b25.dir/src.cxx.o
/usr/bin/c++ -DHAVE_CLANG_THREAD_SAFETY  -fno-exceptions -fno-rtti    -Wthread-safety -std=c++11 -o CMakeFiles/cmTC_59b25.dir/src.cxx.o -c /home/zjn/桌面/app/advance-leveldb/leveldb/CMakeFiles/CMakeTmp/src.cxx
c++: error: unrecognized command-line option '-Wthread-safety'
gmake[1]: *** [CMakeFiles/cmTC_59b25.dir/build.make:78: CMakeFiles/cmTC_59b25.dir/src.cxx.o] Error 1
gmake[1]: Leaving directory '/home/zjn/桌面/app/advance-leveldb/leveldb/CMakeFiles/CMakeTmp'
gmake: *** [Makefile:127: cmTC_59b25/fast] Error 2


Source file was:
int main() { return 0; }
Performing C++ SOURCE FILE Test HAVE_CXX_FLAG_WSHORTEN_64_TO_32 failed with the following output:
Change Dir: /home/zjn/桌面/app/advance-leveldb/leveldb/CMakeFiles/CMakeTmp

Run Build Command(s):/usr/bin/gmake -f Makefile cmTC_b0d16/fast && /usr/bin/gmake  -f CMakeFiles/cmTC_b0d16.dir/build.make CMakeFiles/cmTC_b0d16.dir/build
gmake[1]: Entering directory '/home/zjn/桌面/app/advance-leveldb/leveldb/CMakeFiles/CMakeTmp'
Building CXX object CMakeFiles/cmTC_b0d16.dir/src.cxx.o
/usr/bin/c++ -DHAVE_CXX_FLAG_WSHORTEN_64_TO_32  -fno-exceptions -fno-rtti  -std=c++11  -Wall  -Wextra  -Wshadow  -Wsuggest-override  -Wshorten-64-to-32   -Wshorten-64-to-32 -std=c++11 -o CMakeFiles/cmTC_b0d16.dir/src.cxx.o -c /home/zjn/桌面/app/advance-leveldb/leveldb/CMakeFiles/CMakeTmp/src.cxx
c++: error: unrecognized command-line option '-Wshorten-64-to-32'
c++: error: unrecognized command-line option '-Wshorten-64-to-32'
gmake[1]: *** [CMakeFiles/cmTC_b0d16.dir/build.make:78: CMakeFiles/cmTC_b0d16.dir/src.cxx.o] Error 1
gmake[1]: Leaving directory '/home/zjn/桌面/app/advance-leveldb/leveldb/CMakeFiles/CMakeTmp'
gmake: *** [Makefile:127: cmTC_b0d16/fast] Error 2


Source file was:
int main() { return 0; }
Performing C++ SOURCE FILE Test HAVE_CXX_FLAG_WD654 failed with the following output:
Change Dir: /home/zjn/桌面/app/advance-leveldb/leveldb/CMakeFiles/CMakeTmp

Run Build Command(s):/usr/bin/gmake -f Makefile cmTC_ef285/fast && /usr/bin/gmake  -f CMakeFiles/cmTC_ef285.dir/build.make CMakeFiles/cmTC_ef285.dir/build
gmake[1]: Entering directory '/home/zjn/桌面/app/advance-leveldb/leveldb/CMakeFiles/CMakeTmp'
Building CXX object CMakeFiles/cmTC_ef285.dir/src.cxx.o
/usr/bin/c++ -DHAVE_CXX_FLAG_WD654  -fno-exceptions -fno-rtti  -std=c++11  -Wall  -Wextra  -Wshadow  -Wsuggest-override  -fstrict-aliasing  -Wno-deprecated-declarations  -fno-exceptions  -Wstrict-aliasing  -wd654   -wd654 -std=c++11 -o CMakeFiles/cmTC_ef285.dir/src.cxx.o -c /home/zjn/桌面/app/advance-leveldb/leveldb/CMakeFiles/CMakeTmp/src.cxx
c++: error: unrecognized command-line option '-wd654'
c++: error: unrecognized command-line option '-wd654'
gmake[1]: *** [CMakeFiles/cmTC_ef285.dir/build.make:78: CMakeFiles/cmTC_ef285.dir/src.cxx.o] Error 1
gmake[1]: Leaving directory '/home/zjn/桌面/app/advance-leveldb/leveldb/CMakeFiles/CMakeTmp'
gmake: *** [Makefile:127: cmTC_ef285/fast] Error 2


Source file was:
int main() { return 0; }
Performing C++ SOURCE FILE Test HAVE_CXX_FLAG_WTHREAD_SAFETY failed with the following output:
Change Dir: /home/zjn/桌面/app/advance-leveldb/leveldb/CMakeFiles/CMakeTmp

Run Build Command(s):/usr/bin/gmake -f Makefile cmTC_8889f/fast && /usr/bin/gmake  -f CMakeFiles/cmTC_8889f.dir/build.make CMakeFiles/cmTC_8889f.dir/build
gmake[1]: Entering directory '/home/zjn/桌面/app/advance-leveldb/leveldb/CMakeFiles/CMakeTmp'
Building CXX object CMakeFiles/cmTC_8889f.dir/src.cxx.o
/usr/bin/c++ -DHAVE_CXX_FLAG_WTHREAD_SAFETY  -fno-exceptions -fno-rtti  -std=c++11  -Wall  -Wextra  -Wshadow  -Wsuggest-override  -fstrict-aliasing  -Wno-deprecated-declarations  -fno-exceptions  -Wstrict-aliasing  -Wthread-safety   -Wthread-safety -std=c++11 -o CMakeFiles/cmTC_8889f.dir/src.cxx.o -c /home/zjn/桌面/app/advance-leveldb/leveldb/CMakeFiles/CMakeTmp/src.cxx
c++: error: unrecognized command-line option '-Wthread-safety'
c++: error: unrecognized command-line option '-Wthread-safety'
gmake[1]: *** [CMakeFiles/cmTC_8889f.dir/build.make:78: CMakeFiles/cmTC_8889f.dir/src.cxx.o] Error 1
gmake[1]: Leaving directory '/home/zjn/桌面/app/advance-leveldb/leveldb/CMakeFiles/CMakeTmp'
gmake: *** [Makefile:127: cmTC_8889f/fast] Error 2


Source file was:
int main() { return 0; }
Determining if the function sqlite3_open exists in the sqlite3 failed with the following output:
Change Dir: /home/zjn/桌面/app/advance-leveldb/leveldb/CMakeFiles/CMakeTmp

Run Build Command(s):/usr/bin/gmake -f Makefile cmTC_00c73/fast && /usr/bin/gmake  -f CMakeFiles/cmTC_00c73.dir/build.make CMakeFiles/cmTC_00c73.dir/build
gmake[1]: 进入目录“/home/zjn/桌面/app/advance-leveldb/leveldb/CMakeFiles/CMakeTmp”
Building C object CMakeFiles/cmTC_00c73.dir/CheckFunctionExists.c.o
/usr/bin/cc   -Wstrict-prototypes -DCHECK_FUNCTION_EXISTS=sqlite3_open -std=c11 -o CMakeFiles/cmTC_00c73.dir/CheckFunctionExists.c.o -c /usr/share/cmake-3.22/Modules/CheckFunctionExists.c
Linking C executable cmTC_00c73
/usr/bin/cmake -E cmake_link_script CMakeFiles/cmTC_00c73.dir/link.txt --verbose=1
/usr/bin/cc  -Wstrict-prototypes -DCHECK_FUNCTION_EXISTS=sqlite3_open CMakeFiles/cmTC_00c73.dir/CheckFunctionExists.c.o -o cmTC_00c73  -lsqlite3 
/usr/bin/ld: 找不到 -lsqlite3: 没有那个文件或目录
collect2: error: ld returned 1 exit status
gmake[1]: *** [CMakeFiles/cmTC_00c73.dir/build.make:99：cmTC_00c73] 错误 1
gmake[1]: 离开目录“/home/zjn/桌面/app/advance-leveldb/leveldb/CMakeFiles/CMakeTmp”
gmake: *** [Makefile:127：cmTC_00c73/fast] 错误 2



Performing C++ SOURCE FILE Test HAVE_KYOTOCABINET failed with the following output:
Change Dir: /home/zjn/桌面/app/advance-leveldb/leveldb/CMakeFiles/CMakeTmp

Run Build Command(s):/usr/bin/gmake -f Makefile cmTC_c897f/fast && /usr/bin/gmake  -f CMakeFiles/cmTC_c897f.dir/build.make CMakeFiles/cmTC_c897f.dir/build
gmake[1]: 进入目录“/home/zjn/桌面/app/advance-leveldb/leveldb/CMakeFiles/CMakeTmp”
Building CXX object CMakeFiles/cmTC_c897f.dir/src.cxx.o
/usr/bin/c++ -DHAVE_KYOTOCABINET  -fno-exceptions -fno-rtti  -std=c++11 -o CMakeFiles/cmTC_c897f.dir/src.cxx.o -c /home/zjn/桌面/app/advance-leveldb/leveldb/CMakeFiles/CMakeTmp/src.cxx
/home/zjn/桌面/app/advance-leveldb/leveldb/CMakeFiles/CMakeTmp/src.cxx:2:10: fatal error: kcpolydb.h: 没有那个文件或目录
    2 | #include <kcpolydb.h>
      |          ^~~~~~~~~~~~
compilation terminated.
gmake[1]: *** [CMakeFiles/cmTC_c897f.dir/build.make:78：CMakeFiles/cmTC_c897f.dir/src.cxx.o] 错误 1
gmake[1]: 离开目录“/home/zjn/桌面/app/advance-leveldb/leveldb/CMakeFiles/CMakeTmp”
gmake: *** [Makefile:127：cmTC_c897f/fast] 错误 2


Source file was:

#include <kcpolydb.h>

int main() {
  kyotocabinet::TreeDB* db = new kyotocabinet::TreeDB();
  delete db;
  return 0;
}
  
Determining if the function crc32c_value exists in the crc32c failed with the following output:
Change Dir: /home/zjn/桌面/app/advance-leveldb/leveldb/CMakeFiles/CMakeTmp

Run Build Command(s):/usr/bin/gmake -f Makefile cmTC_e64af/fast && /usr/bin/gmake  -f CMakeFiles/cmTC_e64af.dir/build.make CMakeFiles/cmTC_e64af.dir/build
gmake[1]: 进入目录“/home/zjn/桌面/app/advance-leveldb/leveldb/CMakeFiles/CMakeTmp”
Building C object CMakeFiles/cmTC_e64af.dir/CheckFunctionExists.c.o
/usr/bin/cc   -DCHECK_FUNCTION_EXISTS=crc32c_value -std=c11 -o CMakeFiles/cmTC_e64af.dir/CheckFunctionExists.c.o -c /usr/share/cmake-3.22/Modules/CheckFunctionExists.c
Linking C executable cmTC_e64af
/usr/bin/cmake -E cmake_link_script CMakeFiles/cmTC_e64af.dir/link.txt --verbose=1
/usr/bin/cc  -DCHECK_FUNCTION_EXISTS=crc32c_value CMakeFiles/cmTC_e64af.dir/CheckFunctionExists.c.o -o cmTC_e64af  -lcrc32c 
/usr/bin/ld: 找不到 -lcrc32c: 没有那个文件或目录
collect2: error: ld returned 1 exit status
gmake[1]: *** [CMakeFiles/cmTC_e64af.dir/build.make:99：cmTC_e64af] 错误 1
gmake[1]: 离开目录“/home/zjn/桌面/app/advance-leveldb/leveldb/CMakeFiles/CMakeTmp”
gmake: *** [Makefile:127：cmTC_e64af/fast] 错误 2



Determining if the function malloc exists in the tcmalloc failed with the following output:
Change Dir: /home/zjn/桌面/app/advance-leveldb/leveldb/CMakeFiles/CMakeTmp

Run Build Command(s):/usr/bin/gmake -f Makefile cmTC_877e3/fast && /usr/bin/gmake  -f CMakeFiles/cmTC_877e3.dir/build.make CMakeFiles/cmTC_877e3.dir/build
gmake[1]: 进入目录“/home/zjn/桌面/app/advance-leveldb/leveldb/CMakeFiles/CMakeTmp”
Building C object CMakeFiles/cmTC_877e3.dir/CheckFunctionExists.c.o
/usr/bin/cc   -DCHECK_FUNCTION_EXISTS=malloc -std=c11 -o CMakeFiles/cmTC_877e3.dir/CheckFunctionExists.c.o -c /usr/share/cmake-3.22/Modules/CheckFunctionExists.c
<command-line>: warning: conflicting types for built-in function ‘malloc’; expected ‘void *(long unsigned int)’ [-Wbuiltin-declaration-mismatch]
/usr/share/cmake-3.22/Modules/CheckFunctionExists.c:7:3: note: in expansion of macro ‘CHECK_FUNCTION_EXISTS’
    7 |   CHECK_FUNCTION_EXISTS(void);
      |   ^~~~~~~~~~~~~~~~~~~~~
/usr/share/cmake-3.22/Modules/CheckFunctionExists.c:1:1: note: ‘malloc’ is declared in header ‘<stdlib.h>’
  +++ |+#include <stdlib.h>
    1 | #ifdef CHECK_FUNCTION_EXISTS
Linking C executable cmTC_877e3
/usr/bin/cmake -E cmake_link_script CMakeFiles/cmTC_877e3.dir/link.txt --verbose=1
/usr/bin/cc  -DCHECK_FUNCTION_EXISTS=malloc CMakeFiles/cmTC_877e3.dir/CheckFunctionExists.c.o -o cmTC_877e3  -ltcmalloc 
/usr/bin/ld: 找不到 -ltcmalloc: 没有那个文件或目录
collect2: error: ld returned 1 exit status
gmake[1]: *** [CMakeFiles/cmTC_877e3.dir/build.make:99：cmTC_877e3] 错误 1
gmake[1]: 离开目录“/home/zjn/桌面/app/advance-leveldb/leveldb/CMakeFiles/CMakeTmp”
gmake: *** [Makefile:127：cmTC_877e3/fast] 错误 2



Determining if the F_FULLFSYNC exist failed with the following output:
Change Dir: /home/zjn/桌面/app/advance-leveldb/leveldb/CMakeFiles/CMakeTmp

Run Build Command(s):/usr/bin/gmake -f Makefile cmTC_9b2e6/fast && /usr/bin/gmake  -f CMakeFiles/cmTC_9b2e6.dir/build.make CMakeFiles/cmTC_9b2e6.dir/build
gmake[1]: 进入目录“/home/zjn/桌面/app/advance-leveldb/leveldb/CMakeFiles/CMakeTmp”
Building CXX object CMakeFiles/cmTC_9b2e6.dir/CheckSymbolExists.cxx.o
/usr/bin/c++   -std=c++11 -o CMakeFiles/cmTC_9b2e6.dir/CheckSymbolExists.cxx.o -c /home/zjn/桌面/app/advance-leveldb/leveldb/CMakeFiles/CMakeTmp/CheckSymbolExists.cxx
/home/zjn/桌面/app/advance-leveldb/leveldb/CMakeFiles/CMakeTmp/CheckSymbolExists.cxx: In function ‘int main(int, char**)’:
/home/zjn/桌面/app/advance-leveldb/leveldb/CMakeFiles/CMakeTmp/CheckSymbolExists.cxx:8:19: error: ‘F_FULLFSYNC’ was not declared in this scope
    8 |   return ((int*)(&F_FULLFSYNC))[argc];
      |                   ^~~~~~~~~~~
gmake[1]: *** [CMakeFiles/cmTC_9b2e6.dir/build.make:78：CMakeFiles/cmTC_9b2e6.dir/CheckSymbolExists.cxx.o] 错误 1
gmake[1]: 离开目录“/home/zjn/桌面/app/advance-leveldb/leveldb/CMakeFiles/CMakeTmp”
gmake: *** [Makefile:127：cmTC_9b2e6/fast] 错误 2


File /home/zjn/桌面/app/advance-leveldb/leveldb/CMakeFiles/CMakeTmp/CheckSymbolExists.cxx:
/* */
#include <fcntl.h>

int main(int argc, char** argv)
{
  (void)argv;
#ifndef F_FULLFSYNC
  return ((int*)(&F_FULLFSYNC))[argc];
#else
  (void)argc;
  return 0;
#endif
}
Performing C++ SOURCE FILE Test HAVE_CLANG_THREAD_SAFETY failed with the following output:
Change Dir: /home/zjn/桌面/app/advance-leveldb/leveldb/CMakeFiles/CMakeTmp

Run Build Command(s):/usr/bin/gmake -f Makefile cmTC_314df/fast && /usr/bin/gmake  -f CMakeFiles/cmTC_314df.dir/build.make CMakeFiles/cmTC_314df.dir/build
gmake[1]: Entering directory '/home/zjn/桌面/app/advance-leveldb/leveldb/CMakeFiles/CMakeTmp'
Building CXX object CMakeFiles/cmTC_314df.dir/src.cxx.o
/usr/bin/c++ -DHAVE_CLANG_THREAD_SAFETY  -fno-exceptions -fno-rtti    -Wthread-safety -std=c++11 -o CMakeFiles/cmTC_314df.dir/src.cxx.o -c /home/zjn/桌面/app/advance-leveldb/leveldb/CMakeFiles/CMakeTmp/src.cxx
c++: error: unrecognized command-line option '-Wthread-safety'
gmake[1]: *** [CMakeFiles/cmTC_314df.dir/build.make:78: CMakeFiles/cmTC_314df.dir/src.cxx.o] Error 1
gmake[1]: Leaving directory '/home/zjn/桌面/app/advance-leveldb/leveldb/CMakeFiles/CMakeTmp'
gmake: *** [Makefile:127: cmTC_314df/fast] Error 2


Source file was:
int main() { return 0; }
Performing C++ SOURCE FILE Test HAVE_CXX_FLAG_WSHORTEN_64_TO_32 failed with the following output:
Change Dir: /home/zjn/桌面/app/advance-leveldb/leveldb/CMakeFiles/CMakeTmp

Run Build Command(s):/usr/bin/gmake -f Makefile cmTC_25c44/fast && /usr/bin/gmake  -f CMakeFiles/cmTC_25c44.dir/build.make CMakeFiles/cmTC_25c44.dir/build
gmake[1]: Entering directory '/home/zjn/桌面/app/advance-leveldb/leveldb/CMakeFiles/CMakeTmp'
Building CXX object CMakeFiles/cmTC_25c44.dir/src.cxx.o
/usr/bin/c++ -DHAVE_CXX_FLAG_WSHORTEN_64_TO_32  -fno-exceptions -fno-rtti  -std=c++11  -Wall  -Wextra  -Wshadow  -Wsuggest-override  -Wshorten-64-to-32   -Wshorten-64-to-32 -std=c++11 -o CMakeFiles/cmTC_25c44.dir/src.cxx.o -c /home/zjn/桌面/app/advance-leveldb/leveldb/CMakeFiles/CMakeTmp/src.cxx
c++: error: unrecognized command-line option '-Wshorten-64-to-32'
c++: error: unrecognized command-line option '-Wshorten-64-to-32'
gmake[1]: *** [CMakeFiles/cmTC_25c44.dir/build.make:78: CMakeFiles/cmTC_25c44.dir/src.cxx.o] Error 1
gmake[1]: Leaving directory '/home/zjn/桌面/app/advance-leveldb/leveldb/CMakeFiles/CMakeTmp'
gmake: *** [Makefile:127: cmTC_25c44/fast] Error 2


Source file was:
int main() { return 0; }
Performing C++ SOURCE FILE Test HAVE_CXX_FLAG_WD654 failed with the following output:
Change Dir: /home/zjn/桌面/app/advance-leveldb/leveldb/CMakeFiles/CMakeTmp

Run Build Command(s):/usr/bin/gmake -f Makefile cmTC_c11da/fast && /usr/bin/gmake  -f CMakeFiles/cmTC_c11da.dir/build.make CMakeFiles/cmTC_c11da.dir/build
gmake[1]: Entering directory '/home/zjn/桌面/app/advance-leveldb/leveldb/CMakeFiles/CMakeTmp'
Building CXX object CMakeFiles/cmTC_c11da.dir/src.cxx.o
/usr/bin/c++ -DHAVE_CXX_FLAG_WD654  -fno-exceptions -fno-rtti  -std=c++11  -Wall  -Wextra  -Wshadow  -Wsuggest-override  -fstrict-aliasing  -Wno-deprecated-declarations  -fno-exceptions  -Wstrict-aliasing  -wd654   -wd654 -std=c++11 -o CMakeFiles/cmTC_c11da.dir/src.cxx.o -c /home/zjn/桌面/app/advance-leveldb/leveldb/CMakeFiles/CMakeTmp/src.cxx
c++: error: unrecognized command-line option '-wd654'
c++: error: unrecognized command-line option '-wd654'
gmake[1]: *** [CMakeFiles/cmTC_c11da.dir/build.make:78: CMakeFiles/cmTC_c11da.dir/src.cxx.o] Error 1
gmake[1]: Leaving directory '/home/zjn/桌面/app/advance-leveldb/leveldb/CMakeFiles/CMakeTmp'
gmake: *** [Makefile:127: cmTC_c11da/fast] Error 2


Source file was:
int main() { return 0; }
Performing C++ SOURCE FILE Test HAVE_CXX_FLAG_WTHREAD_SAFETY failed with the following output:
Change Dir: /home/zjn/桌面/app/advance-leveldb/leveldb/CMakeFiles/CMakeTmp

Run Build Command(s):/usr/bin/gmake -f Makefile cmTC_fb198/fast && /usr/bin/gmake  -f CMakeFiles/cmTC_fb198.dir/build.make CMakeFiles/cmTC_fb198.dir/build
gmake[1]: Entering directory '/home/zjn/桌面/app/advance-leveldb/leveldb/CMakeFiles/CMakeTmp'
Building CXX object CMakeFiles/cmTC_fb198.dir/src.cxx.o
/usr/bin/c++ -DHAVE_CXX_FLAG_WTHREAD_SAFETY  -fno-exceptions -fno-rtti  -std=c++11  -Wall  -Wextra  -Wshadow  -Wsuggest-override  -fstrict-aliasing  -Wno-deprecated-declarations  -fno-exceptions  -Wstrict-aliasing  -Wthread-safety   -Wthread-safety -std=c++11 -o CMakeFiles/cmTC_fb198.dir/src.cxx.o -c /home/zjn/桌面/app/advance-leveldb/leveldb/CMakeFiles/CMakeTmp/src.cxx
c++: error: unrecognized command-line option '-Wthread-safety'
c++: error: unrecognized command-line option '-Wthread-safety'
gmake[1]: *** [CMakeFiles/cmTC_fb198.dir/build.make:78: CMakeFiles/cmTC_fb198.dir/src.cxx.o] Error 1
gmake[1]: Leaving directory '/home/zjn/桌面/app/advance-leveldb/leveldb/CMakeFiles/CMakeTmp'
gmake: *** [Makefile:127: cmTC_fb198/fast] Error 2


Source file was:
int main() { return 0; }
Determining if the function sqlite3_open exists in the sqlite3 failed with the following output:
Change Dir: /home/zjn/桌面/app/advance-leveldb/leveldb/CMakeFiles/CMakeTmp

Run Build Command(s):/usr/bin/gmake -f Makefile cmTC_2fd68/fast && /usr/bin/gmake  -f CMakeFiles/cmTC_2fd68.dir/build.make CMakeFiles/cmTC_2fd68.dir/build
gmake[1]: 进入目录“/home/zjn/桌面/app/advance-leveldb/leveldb/CMakeFiles/CMakeTmp”
Building C object CMakeFiles/cmTC_2fd68.dir/CheckFunctionExists.c.o
/usr/bin/cc   -Wstrict-prototypes -DCHECK_FUNCTION_EXISTS=sqlite3_open -std=c11 -o CMakeFiles/cmTC_2fd68.dir/CheckFunctionExists.c.o -c /usr/share/cmake-3.22/Modules/CheckFunctionExists.c
Linking C executable cmTC_2fd68
/usr/bin/cmake -E cmake_link_script CMakeFiles/cmTC_2fd68.dir/link.txt --verbose=1
/usr/bin/cc  -Wstrict-prototypes -DCHECK_FUNCTION_EXISTS=sqlite3_open CMakeFiles/cmTC_2fd68.dir/CheckFunctionExists.c.o -o cmTC_2fd68  -lsqlite3 
/usr/bin/ld: 找不到 -lsqlite3: 没有那个文件或目录
collect2: error: ld returned 1 exit status
gmake[1]: *** [CMakeFiles/cmTC_2fd68.dir/build.make:99：cmTC_2fd68] 错误 1
gmake[1]: 离开目录“/home/zjn/桌面/app/advance-leveldb/leveldb/CMakeFiles/CMakeTmp”
gmake: *** [Makefile:127：cmTC_2fd68/fast] 错误 2



Performing C++ SOURCE FILE Test HAVE_KYOTOCABINET failed with the following output:
Change Dir: /home/zjn/桌面/app/advance-leveldb/leveldb/CMakeFiles/CMakeTmp

Run Build Command(s):/usr/bin/gmake -f Makefile cmTC_53a77/fast && /usr/bin/gmake  -f CMakeFiles/cmTC_53a77.dir/build.make CMakeFiles/cmTC_53a77.dir/build
gmake[1]: 进入目录“/home/zjn/桌面/app/advance-leveldb/leveldb/CMakeFiles/CMakeTmp”
Building CXX object CMakeFiles/cmTC_53a77.dir/src.cxx.o
/usr/bin/c++ -DHAVE_KYOTOCABINET  -fno-exceptions -fno-rtti  -std=c++11 -o CMakeFiles/cmTC_53a77.dir/src.cxx.o -c /home/zjn/桌面/app/advance-leveldb/leveldb/CMakeFiles/CMakeTmp/src.cxx
/home/zjn/桌面/app/advance-leveldb/leveldb/CMakeFiles/CMakeTmp/src.cxx:2:10: fatal error: kcpolydb.h: 没有那个文件或目录
    2 | #include <kcpolydb.h>
      |          ^~~~~~~~~~~~
compilation terminated.
gmake[1]: *** [CMakeFiles/cmTC_53a77.dir/build.make:78：CMakeFiles/cmTC_53a77.dir/src.cxx.o] 错误 1
gmake[1]: 离开目录“/home/zjn/桌面/app/advance-leveldb/leveldb/CMakeFiles/CMakeTmp”
gmake: *** [Makefile:127：cmTC_53a77/fast] 错误 2


Source file was:

#include <kcpolydb.h>

int main() {
  kyotocabinet::TreeDB* db = new kyotocabinet::TreeDB();
  delete db;
  return 0;
}
  
Determining if the function crc32c_value exists in the crc32c failed with the following output:
Change Dir: /home/zjn/桌面/app/advance-leveldb/leveldb/CMakeFiles/CMakeTmp

Run Build Command(s):/usr/bin/gmake -f Makefile cmTC_3622a/fast && /usr/bin/gmake  -f CMakeFiles/cmTC_3622a.dir/build.make CMakeFiles/cmTC_3622a.dir/build
gmake[1]: 进入目录“/home/zjn/桌面/app/advance-leveldb/leveldb/CMakeFiles/CMakeTmp”
Building C object CMakeFiles/cmTC_3622a.dir/CheckFunctionExists.c.o
/usr/bin/cc   -DCHECK_FUNCTION_EXISTS=crc32c_value -std=c11 -o CMakeFiles/cmTC_3622a.dir/CheckFunctionExists.c.o -c /usr/share/cmake-3.22/Modules/CheckFunctionExists.c
Linking C executable cmTC_3622a
/usr/bin/cmake -E cmake_link_script CMakeFiles/cmTC_3622a.dir/link.txt --verbose=1
/usr/bin/cc  -DCHECK_FUNCTION_EXISTS=crc32c_value CMakeFiles/cmTC_3622a.dir/CheckFunctionExists.c.o -o cmTC_3622a  -lcrc32c 
/usr/bin/ld: 找不到 -lcrc32c: 没有那个文件或目录
collect2: error: ld returned 1 exit status
gmake[1]: *** [CMakeFiles/cmTC_3622a.dir/build.make:99：cmTC_3622a] 错误 1
gmake[1]: 离开目录“/home/zjn/桌面/app/advance-leveldb/leveldb/CMakeFiles/CMakeTmp”
gmake: *** [Makefile:127：cmTC_3622a/fast] 错误 2



Determining if the function malloc exists in the tcmalloc failed with the following output:
Change Dir: /home/zjn/桌面/app/advance-leveldb/leveldb/CMakeFiles/CMakeTmp

Run Build Command(s):/usr/bin/gmake -f Makefile cmTC_63d76/fast && /usr/bin/gmake  -f CMakeFiles/cmTC_63d76.dir/build.make CMakeFiles/cmTC_63d76.dir/build
gmake[1]: 进入目录“/home/zjn/桌面/app/advance-leveldb/leveldb/CMakeFiles/CMakeTmp”
Building C object CMakeFiles/cmTC_63d76.dir/CheckFunctionExists.c.o
/usr/bin/cc   -DCHECK_FUNCTION_EXISTS=malloc -std=c11 -o CMakeFiles/cmTC_63d76.dir/CheckFunctionExists.c.o -c /usr/share/cmake-3.22/Modules/CheckFunctionExists.c
<command-line>: warning: conflicting types for built-in function ‘malloc’; expected ‘void *(long unsigned int)’ [-Wbuiltin-declaration-mismatch]
/usr/share/cmake-3.22/Modules/CheckFunctionExists.c:7:3: note: in expansion of macro ‘CHECK_FUNCTION_EXISTS’
    7 |   CHECK_FUNCTION_EXISTS(void);
      |   ^~~~~~~~~~~~~~~~~~~~~
/usr/share/cmake-3.22/Modules/CheckFunctionExists.c:1:1: note: ‘malloc’ is declared in header ‘<stdlib.h>’
  +++ |+#include <stdlib.h>
    1 | #ifdef CHECK_FUNCTION_EXISTS
Linking C executable cmTC_63d76
/usr/bin/cmake -E cmake_link_script CMakeFiles/cmTC_63d76.dir/link.txt --verbose=1
/usr/bin/cc  -DCHECK_FUNCTION_EXISTS=malloc CMakeFiles/cmTC_63d76.dir/CheckFunctionExists.c.o -o cmTC_63d76  -ltcmalloc 
/usr/bin/ld: 找不到 -ltcmalloc: 没有那个文件或目录
collect2: error: ld returned 1 exit status
gmake[1]: *** [CMakeFiles/cmTC_63d76.dir/build.make:99：cmTC_63d76] 错误 1
gmake[1]: 离开目录“/home/zjn/桌面/app/advance-leveldb/leveldb/CMakeFiles/CMakeTmp”
gmake: *** [Makefile:127：cmTC_63d76/fast] 错误 2



Determining if the F_FULLFSYNC exist failed with the following output:
Change Dir: /home/zjn/桌面/app/advance-leveldb/leveldb/CMakeFiles/CMakeTmp

Run Build Command(s):/usr/bin/gmake -f Makefile cmTC_5df8d/fast && /usr/bin/gmake  -f CMakeFiles/cmTC_5df8d.dir/build.make CMakeFiles/cmTC_5df8d.dir/build
gmake[1]: 进入目录“/home/zjn/桌面/app/advance-leveldb/leveldb/CMakeFiles/CMakeTmp”
Building CXX object CMakeFiles/cmTC_5df8d.dir/CheckSymbolExists.cxx.o
/usr/bin/c++   -std=c++11 -o CMakeFiles/cmTC_5df8d.dir/CheckSymbolExists.cxx.o -c /home/zjn/桌面/app/advance-leveldb/leveldb/CMakeFiles/CMakeTmp/CheckSymbolExists.cxx
/home/zjn/桌面/app/advance-leveldb/leveldb/CMakeFiles/CMakeTmp/CheckSymbolExists.cxx: In function ‘int main(int, char**)’:
/home/zjn/桌面/app/advance-leveldb/leveldb/CMakeFiles/CMakeTmp/CheckSymbolExists.cxx:8:19: error: ‘F_FULLFSYNC’ was not declared in this scope
    8 |   return ((int*)(&F_FULLFSYNC))[argc];
      |                   ^~~~~~~~~~~
gmake[1]: *** [CMakeFiles/cmTC_5df8d.dir/build.make:78：CMakeFiles/cmTC_5df8d.dir/CheckSymbolExists.cxx.o] 错误 1
gmake[1]: 离开目录“/home/zjn/桌面/app/advance-leveldb/leveldb/CMakeFiles/CMakeTmp”
gmake: *** [Makefile:127：cmTC_5df8d/fast] 错误 2


File /home/zjn/桌面/app/advance-leveldb/leveldb/CMakeFiles/CMakeTmp/CheckSymbolExists.cxx:
/* */
#include <fcntl.h>

int main(int argc, char** argv)
{
  (void)argv;
#ifndef F_FULLFSYNC
  return ((int*)(&F_FULLFSYNC))[argc];
#else
  (void)argc;
  return 0;
#endif
}
Performing C++ SOURCE FILE Test HAVE_CLANG_THREAD_SAFETY failed with the following output:
Change Dir: /home/zjn/桌面/app/advance-leveldb/leveldb/CMakeFiles/CMakeTmp

Run Build Command(s):/usr/bin/gmake -f Makefile cmTC_f44b7/fast && /usr/bin/gmake  -f CMakeFiles/cmTC_f44b7.dir/build.make CMakeFiles/cmTC_f44b7.dir/build
gmake[1]: Entering directory '/home/zjn/桌面/app/advance-leveldb/leveldb/CMakeFiles/CMakeTmp'
Building CXX object CMakeFiles/cmTC_f44b7.dir/src.cxx.o
/usr/bin/c++ -DHAVE_CLANG_THREAD_SAFETY  -fno-exceptions -fno-rtti    -Wthread-safety -std=c++11 -o CMakeFiles/cmTC_f44b7.dir/src.cxx.o -c /home/zjn/桌面/app/advance-leveldb/leveldb/CMakeFiles/CMakeTmp/src.cxx
c++: error: unrecognized command-line option '-Wthread-safety'
gmake[1]: *** [CMakeFiles/cmTC_f44b7.dir/build.make:78: CMakeFiles/cmTC_f44b7.dir/src.cxx.o] Error 1
gmake[1]: Leaving directory '/home/zjn/桌面/app/advance-leveldb/leveldb/CMakeFiles/CMakeTmp'
gmake: *** [Makefile:127: cmTC_f44b7/fast] Error 2


Source file was:
int main() { return 0; }
Performing C++ SOURCE FILE Test HAVE_CXX_FLAG_WSHORTEN_64_TO_32 failed with the following output:
Change Dir: /home/zjn/桌面/app/advance-leveldb/leveldb/CMakeFiles/CMakeTmp

Run Build Command(s):/usr/bin/gmake -f Makefile cmTC_8ff2a/fast && /usr/bin/gmake  -f CMakeFiles/cmTC_8ff2a.dir/build.make CMakeFiles/cmTC_8ff2a.dir/build
gmake[1]: Entering directory '/home/zjn/桌面/app/advance-leveldb/leveldb/CMakeFiles/CMakeTmp'
Building CXX object CMakeFiles/cmTC_8ff2a.dir/src.cxx.o
/usr/bin/c++ -DHAVE_CXX_FLAG_WSHORTEN_64_TO_32  -fno-exceptions -fno-rtti  -std=c++11  -Wall  -Wextra  -Wshadow  -Wsuggest-override  -Wshorten-64-to-32   -Wshorten-64-to-32 -std=c++11 -o CMakeFiles/cmTC_8ff2a.dir/src.cxx.o -c /home/zjn/桌面/app/advance-leveldb/leveldb/CMakeFiles/CMakeTmp/src.cxx
c++: error: unrecognized command-line option '-Wshorten-64-to-32'
c++: error: unrecognized command-line option '-Wshorten-64-to-32'
gmake[1]: *** [CMakeFiles/cmTC_8ff2a.dir/build.make:78: CMakeFiles/cmTC_8ff2a.dir/src.cxx.o] Error 1
gmake[1]: Leaving directory '/home/zjn/桌面/app/advance-leveldb/leveldb/CMakeFiles/CMakeTmp'
gmake: *** [Makefile:127: cmTC_8ff2a/fast] Error 2


Source file was:
int main() { return 0; }
Performing C++ SOURCE FILE Test HAVE_CXX_FLAG_WD654 failed with the following output:
Change Dir: /home/zjn/桌面/app/advance-leveldb/leveldb/CMakeFiles/CMakeTmp

Run Build Command(s):/usr/bin/gmake -f Makefile cmTC_0c5ac/fast && /usr/bin/gmake  -f CMakeFiles/cmTC_0c5ac.dir/build.make CMakeFiles/cmTC_0c5ac.dir/build
gmake[1]: Entering directory '/home/zjn/桌面/app/advance-leveldb/leveldb/CMakeFiles/CMakeTmp'
Building CXX object CMakeFiles/cmTC_0c5ac.dir/src.cxx.o
/usr/bin/c++ -DHAVE_CXX_FLAG_WD654  -fno-exceptions -fno-rtti  -std=c++11  -Wall  -Wextra  -Wshadow  -Wsuggest-override  -fstrict-aliasing  -Wno-deprecated-declarations  -fno-exceptions  -Wstrict-aliasing  -wd654   -wd654 -std=c++11 -o CMakeFiles/cmTC_0c5ac.dir/src.cxx.o -c /home/zjn/桌面/app/advance-leveldb/leveldb/CMakeFiles/CMakeTmp/src.cxx
c++: error: unrecognized command-line option '-wd654'
c++: error: unrecognized command-line option '-wd654'
gmake[1]: *** [CMakeFiles/cmTC_0c5ac.dir/build.make:78: CMakeFiles/cmTC_0c5ac.dir/src.cxx.o] Error 1
gmake[1]: Leaving directory '/home/zjn/桌面/app/advance-leveldb/leveldb/CMakeFiles/CMakeTmp'
gmake: *** [Makefile:127: cmTC_0c5ac/fast] Error 2


Source file was:
int main() { return 0; }
Performing C++ SOURCE FILE Test HAVE_CXX_FLAG_WTHREAD_SAFETY failed with the following output:
Change Dir: /home/zjn/桌面/app/advance-leveldb/leveldb/CMakeFiles/CMakeTmp

Run Build Command(s):/usr/bin/gmake -f Makefile cmTC_5a9c6/fast && /usr/bin/gmake  -f CMakeFiles/cmTC_5a9c6.dir/build.make CMakeFiles/cmTC_5a9c6.dir/build
gmake[1]: Entering directory '/home/zjn/桌面/app/advance-leveldb/leveldb/CMakeFiles/CMakeTmp'
Building CXX object CMakeFiles/cmTC_5a9c6.dir/src.cxx.o
/usr/bin/c++ -DHAVE_CXX_FLAG_WTHREAD_SAFETY  -fno-exceptions -fno-rtti  -std=c++11  -Wall  -Wextra  -Wshadow  -Wsuggest-override  -fstrict-aliasing  -Wno-deprecated-declarations  -fno-exceptions  -Wstrict-aliasing  -Wthread-safety   -Wthread-safety -std=c++11 -o CMakeFiles/cmTC_5a9c6.dir/src.cxx.o -c /home/zjn/桌面/app/advance-leveldb/leveldb/CMakeFiles/CMakeTmp/src.cxx
c++: error: unrecognized command-line option '-Wthread-safety'
c++: error: unrecognized command-line option '-Wthread-safety'
gmake[1]: *** [CMakeFiles/cmTC_5a9c6.dir/build.make:78: CMakeFiles/cmTC_5a9c6.dir/src.cxx.o] Error 1
gmake[1]: Leaving directory '/home/zjn/桌面/app/advance-leveldb/leveldb/CMakeFiles/CMakeTmp'
gmake: *** [Makefile:127: cmTC_5a9c6/fast] Error 2


Source file was:
int main() { return 0; }
Determining if the function sqlite3_open exists in the sqlite3 failed with the following output:
Change Dir: /home/zjn/桌面/app/advance-leveldb/leveldb/CMakeFiles/CMakeTmp

Run Build Command(s):/usr/bin/gmake -f Makefile cmTC_099a2/fast && /usr/bin/gmake  -f CMakeFiles/cmTC_099a2.dir/build.make CMakeFiles/cmTC_099a2.dir/build
gmake[1]: 进入目录“/home/zjn/桌面/app/advance-leveldb/leveldb/CMakeFiles/CMakeTmp”
Building C object CMakeFiles/cmTC_099a2.dir/CheckFunctionExists.c.o
/usr/bin/cc   -Wstrict-prototypes -DCHECK_FUNCTION_EXISTS=sqlite3_open -std=c11 -o CMakeFiles/cmTC_099a2.dir/CheckFunctionExists.c.o -c /usr/share/cmake-3.22/Modules/CheckFunctionExists.c
Linking C executable cmTC_099a2
/usr/bin/cmake -E cmake_link_script CMakeFiles/cmTC_099a2.dir/link.txt --verbose=1
/usr/bin/cc  -Wstrict-prototypes -DCHECK_FUNCTION_EXISTS=sqlite3_open CMakeFiles/cmTC_099a2.dir/CheckFunctionExists.c.o -o cmTC_099a2  -lsqlite3 
/usr/bin/ld: 找不到 -lsqlite3: 没有那个文件或目录
collect2: error: ld returned 1 exit status
gmake[1]: *** [CMakeFiles/cmTC_099a2.dir/build.make:99：cmTC_099a2] 错误 1
gmake[1]: 离开目录“/home/zjn/桌面/app/advance-leveldb/leveldb/CMakeFiles/CMakeTmp”
gmake: *** [Makefile:127：cmTC_099a2/fast] 错误 2



Performing C++ SOURCE FILE Test HAVE_KYOTOCABINET failed with the following output:
Change Dir: /home/zjn/桌面/app/advance-leveldb/leveldb/CMakeFiles/CMakeTmp

Run Build Command(s):/usr/bin/gmake -f Makefile cmTC_3a8e4/fast && /usr/bin/gmake  -f CMakeFiles/cmTC_3a8e4.dir/build.make CMakeFiles/cmTC_3a8e4.dir/build
gmake[1]: 进入目录“/home/zjn/桌面/app/advance-leveldb/leveldb/CMakeFiles/CMakeTmp”
Building CXX object CMakeFiles/cmTC_3a8e4.dir/src.cxx.o
/usr/bin/c++ -DHAVE_KYOTOCABINET  -fno-exceptions -fno-rtti  -std=c++11 -o CMakeFiles/cmTC_3a8e4.dir/src.cxx.o -c /home/zjn/桌面/app/advance-leveldb/leveldb/CMakeFiles/CMakeTmp/src.cxx
/home/zjn/桌面/app/advance-leveldb/leveldb/CMakeFiles/CMakeTmp/src.cxx:2:10: fatal error: kcpolydb.h: 没有那个文件或目录
    2 | #include <kcpolydb.h>
      |          ^~~~~~~~~~~~
compilation terminated.
gmake[1]: *** [CMakeFiles/cmTC_3a8e4.dir/build.make:78：CMakeFiles/cmTC_3a8e4.dir/src.cxx.o] 错误 1
gmake[1]: 离开目录“/home/zjn/桌面/app/advance-leveldb/leveldb/CMakeFiles/CMakeTmp”
gmake: *** [Makefile:127：cmTC_3a8e4/fast] 错误 2


Source file was:

#include <kcpolydb.h>

int main() {
  kyotocabinet::TreeDB* db = new kyotocabinet::TreeDB();
  delete db;
  return 0;
}
  
Determining if the function crc32c_value exists in the crc32c failed with the following output:
Change Dir: /home/zjn/桌面/app/advance-leveldb/leveldb/CMakeFiles/CMakeTmp

Run Build Command(s):/usr/bin/gmake -f Makefile cmTC_80c99/fast && gmake[1]: 进入目录“/home/zjn/桌面/app/advance-leveldb/leveldb/CMakeFiles/CMakeTmp”
/usr/bin/gmake  -f CMakeFiles/cmTC_80c99.dir/build.make CMakeFiles/cmTC_80c99.dir/build
gmake[2]: 进入目录“/home/zjn/桌面/app/advance-leveldb/leveldb/CMakeFiles/CMakeTmp”
Building C object CMakeFiles/cmTC_80c99.dir/CheckFunctionExists.c.o
/usr/bin/cc   -DCHECK_FUNCTION_EXISTS=crc32c_value -std=c11 -o CMakeFiles/cmTC_80c99.dir/CheckFunctionExists.c.o -c /usr/share/cmake-3.22/Modules/CheckFunctionExists.c
Linking C executable cmTC_80c99
/usr/bin/cmake -E cmake_link_script CMakeFiles/cmTC_80c99.dir/link.txt --verbose=1
/usr/bin/cc  -DCHECK_FUNCTION_EXISTS=crc32c_value CMakeFiles/cmTC_80c99.dir/CheckFunctionExists.c.o -o cmTC_80c99  -lcrc32c 
/usr/bin/ld: 找不到 -lcrc32c: 没有那个文件或目录
collect2: error: ld returned 1 exit status
gmake[2]: *** [CMakeFiles/cmTC_80c99.dir/build.make:99：cmTC_80c99] 错误 1
gmake[2]: 离开目录“/home/zjn/桌面/app/advance-leveldb/leveldb/CMakeFiles/CMakeTmp”
gmake[1]: *** [Makefile:127：cmTC_80c99/fast] 错误 2
gmake[1]: 离开目录“/home/zjn/桌面/app/advance-leveldb/leveldb/CMakeFiles/CMakeTmp”



Determining if the function malloc exists in the tcmalloc failed with the following output:
Change Dir: /home/zjn/桌面/app/advance-leveldb/leveldb/CMakeFiles/CMakeTmp

Run Build Command(s):/usr/bin/gmake -f Makefile cmTC_2f098/fast && gmake[1]: 进入目录“/home/zjn/桌面/app/advance-leveldb/leveldb/CMakeFiles/CMakeTmp”
/usr/bin/gmake  -f CMakeFiles/cmTC_2f098.dir/build.make CMakeFiles/cmTC_2f098.dir/build
gmake[2]: 进入目录“/home/zjn/桌面/app/advance-leveldb/leveldb/CMakeFiles/CMakeTmp”
Building C object CMakeFiles/cmTC_2f098.dir/CheckFunctionExists.c.o
/usr/bin/cc   -DCHECK_FUNCTION_EXISTS=malloc -std=c11 -o CMakeFiles/cmTC_2f098.dir/CheckFunctionExists.c.o -c /usr/share/cmake-3.22/Modules/CheckFunctionExists.c
<command-line>: warning: conflicting types for built-in function ‘malloc’; expected ‘void *(long unsigned int)’ [-Wbuiltin-declaration-mismatch]
/usr/share/cmake-3.22/Modules/CheckFunctionExists.c:7:3: note: in expansion of macro ‘CHECK_FUNCTION_EXISTS’
    7 |   CHECK_FUNCTION_EXISTS(void);
      |   ^~~~~~~~~~~~~~~~~~~~~
/usr/share/cmake-3.22/Modules/CheckFunctionExists.c:1:1: note: ‘malloc’ is declared in header ‘<stdlib.h>’
  +++ |+#include <stdlib.h>
    1 | #ifdef CHECK_FUNCTION_EXISTS
Linking C executable cmTC_2f098
/usr/bin/cmake -E cmake_link_script CMakeFiles/cmTC_2f098.dir/link.txt --verbose=1
/usr/bin/cc  -DCHECK_FUNCTION_EXISTS=malloc CMakeFiles/cmTC_2f098.dir/CheckFunctionExists.c.o -o cmTC_2f098  -ltcmalloc 
/usr/bin/ld: 找不到 -ltcmalloc: 没有那个文件或目录
collect2: error: ld returned 1 exit status
gmake[2]: *** [CMakeFiles/cmTC_2f098.dir/build.make:99：cmTC_2f098] 错误 1
gmake[2]: 离开目录“/home/zjn/桌面/app/advance-leveldb/leveldb/CMakeFiles/CMakeTmp”
gmake[1]: *** [Makefile:127：cmTC_2f098/fast] 错误 2
gmake[1]: 离开目录“/home/zjn/桌面/app/advance-leveldb/leveldb/CMakeFiles/CMakeTmp”



Determining if the F_FULLFSYNC exist failed with the following output:
Change Dir: /home/zjn/桌面/app/advance-leveldb/leveldb/CMakeFiles/CMakeTmp

Run Build Command(s):/usr/bin/gmake -f Makefile cmTC_22205/fast && gmake[1]: 进入目录“/home/zjn/桌面/app/advance-leveldb/leveldb/CMakeFiles/CMakeTmp”
/usr/bin/gmake  -f CMakeFiles/cmTC_22205.dir/build.make CMakeFiles/cmTC_22205.dir/build
gmake[2]: 进入目录“/home/zjn/桌面/app/advance-leveldb/leveldb/CMakeFiles/CMakeTmp”
Building CXX object CMakeFiles/cmTC_22205.dir/CheckSymbolExists.cxx.o
/usr/bin/c++   -std=c++11 -o CMakeFiles/cmTC_22205.dir/CheckSymbolExists.cxx.o -c /home/zjn/桌面/app/advance-leveldb/leveldb/CMakeFiles/CMakeTmp/CheckSymbolExists.cxx
/home/zjn/桌面/app/advance-leveldb/leveldb/CMakeFiles/CMakeTmp/CheckSymbolExists.cxx: In function ‘int main(int, char**)’:
/home/zjn/桌面/app/advance-leveldb/leveldb/CMakeFiles/CMakeTmp/CheckSymbolExists.cxx:8:19: error: ‘F_FULLFSYNC’ was not declared in this scope
    8 |   return ((int*)(&F_FULLFSYNC))[argc];
      |                   ^~~~~~~~~~~
gmake[2]: *** [CMakeFiles/cmTC_22205.dir/build.make:78：CMakeFiles/cmTC_22205.dir/CheckSymbolExists.cxx.o] 错误 1
gmake[2]: 离开目录“/home/zjn/桌面/app/advance-leveldb/leveldb/CMakeFiles/CMakeTmp”
gmake[1]: *** [Makefile:127：cmTC_22205/fast] 错误 2
gmake[1]: 离开目录“/home/zjn/桌面/app/advance-leveldb/leveldb/CMakeFiles/CMakeTmp”


File /home/zjn/桌面/app/advance-leveldb/leveldb/CMakeFiles/CMakeTmp/CheckSymbolExists.cxx:
/* */
#include <fcntl.h>

int main(int argc, char** argv)
{
  (void)argv;
#ifndef F_FULLFSYNC
  return ((int*)(&F_FULLFSYNC))[argc];
#else
  (void)argc;
  return 0;
#endif
}
Performing C++ SOURCE FILE Test HAVE_CLANG_THREAD_SAFETY failed with the following output:
Change Dir: /home/zjn/桌面/app/advance-leveldb/leveldb/CMakeFiles/CMakeTmp

Run Build Command(s):/usr/bin/gmake -f Makefile cmTC_86f07/fast && gmake[1]: Entering directory '/home/zjn/桌面/app/advance-leveldb/leveldb/CMakeFiles/CMakeTmp'
/usr/bin/gmake  -f CMakeFiles/cmTC_86f07.dir/build.make CMakeFiles/cmTC_86f07.dir/build
gmake[2]: Entering directory '/home/zjn/桌面/app/advance-leveldb/leveldb/CMakeFiles/CMakeTmp'
Building CXX object CMakeFiles/cmTC_86f07.dir/src.cxx.o
/usr/bin/c++ -DHAVE_CLANG_THREAD_SAFETY  -fno-exceptions -fno-rtti    -Wthread-safety -std=c++11 -o CMakeFiles/cmTC_86f07.dir/src.cxx.o -c /home/zjn/桌面/app/advance-leveldb/leveldb/CMakeFiles/CMakeTmp/src.cxx
c++: error: unrecognized command-line option '-Wthread-safety'
gmake[2]: *** [CMakeFiles/cmTC_86f07.dir/build.make:78: CMakeFiles/cmTC_86f07.dir/src.cxx.o] Error 1
gmake[2]: Leaving directory '/home/zjn/桌面/app/advance-leveldb/leveldb/CMakeFiles/CMakeTmp'
gmake[1]: *** [Makefile:127: cmTC_86f07/fast] Error 2
gmake[1]: Leaving directory '/home/zjn/桌面/app/advance-leveldb/leveldb/CMakeFiles/CMakeTmp'


Source file was:
int main() { return 0; }
Performing C++ SOURCE FILE Test HAVE_CXX_FLAG_WSHORTEN_64_TO_32 failed with the following output:
Change Dir: /home/zjn/桌面/app/advance-leveldb/leveldb/CMakeFiles/CMakeTmp

Run Build Command(s):/usr/bin/gmake -f Makefile cmTC_a2239/fast && gmake[1]: Entering directory '/home/zjn/桌面/app/advance-leveldb/leveldb/CMakeFiles/CMakeTmp'
/usr/bin/gmake  -f CMakeFiles/cmTC_a2239.dir/build.make CMakeFiles/cmTC_a2239.dir/build
gmake[2]: Entering directory '/home/zjn/桌面/app/advance-leveldb/leveldb/CMakeFiles/CMakeTmp'
Building CXX object CMakeFiles/cmTC_a2239.dir/src.cxx.o
/usr/bin/c++ -DHAVE_CXX_FLAG_WSHORTEN_64_TO_32  -fno-exceptions -fno-rtti  -std=c++11  -Wall  -Wextra  -Wshadow  -Wsuggest-override  -Wshorten-64-to-32   -Wshorten-64-to-32 -std=c++11 -o CMakeFiles/cmTC_a2239.dir/src.cxx.o -c /home/zjn/桌面/app/advance-leveldb/leveldb/CMakeFiles/CMakeTmp/src.cxx
c++: error: unrecognized command-line option '-Wshorten-64-to-32'
c++: error: unrecognized command-line option '-Wshorten-64-to-32'
gmake[2]: *** [CMakeFiles/cmTC_a2239.dir/build.make:78: CMakeFiles/cmTC_a2239.dir/src.cxx.o] Error 1
gmake[2]: Leaving directory '/home/zjn/桌面/app/advance-leveldb/leveldb/CMakeFiles/CMakeTmp'
gmake[1]: *** [Makefile:127: cmTC_a2239/fast] Error 2
gmake[1]: Leaving directory '/home/zjn/桌面/app/advance-leveldb/leveldb/CMakeFiles/CMakeTmp'


Source file was:
int main() { return 0; }
Performing C++ SOURCE FILE Test HAVE_CXX_FLAG_WD654 failed with the following output:
Change Dir: /home/zjn/桌面/app/advance-leveldb/leveldb/CMakeFiles/CMakeTmp

Run Build Command(s):/usr/bin/gmake -f Makefile cmTC_88ecb/fast && gmake[1]: Entering directory '/home/zjn/桌面/app/advance-leveldb/leveldb/CMakeFiles/CMakeTmp'
/usr/bin/gmake  -f CMakeFiles/cmTC_88ecb.dir/build.make CMakeFiles/cmTC_88ecb.dir/build
gmake[2]: Entering directory '/home/zjn/桌面/app/advance-leveldb/leveldb/CMakeFiles/CMakeTmp'
Building CXX object CMakeFiles/cmTC_88ecb.dir/src.cxx.o
/usr/bin/c++ -DHAVE_CXX_FLAG_WD654  -fno-exceptions -fno-rtti  -std=c++11  -Wall  -Wextra  -Wshadow  -Wsuggest-override  -fstrict-aliasing  -Wno-deprecated-declarations  -fno-exceptions  -Wstrict-aliasing  -wd654   -wd654 -std=c++11 -o CMakeFiles/cmTC_88ecb.dir/src.cxx.o -c /home/zjn/桌面/app/advance-leveldb/leveldb/CMakeFiles/CMakeTmp/src.cxx
c++: error: unrecognized command-line option '-wd654'
c++: error: unrecognized command-line option '-wd654'
gmake[2]: *** [CMakeFiles/cmTC_88ecb.dir/build.make:78: CMakeFiles/cmTC_88ecb.dir/src.cxx.o] Error 1
gmake[2]: Leaving directory '/home/zjn/桌面/app/advance-leveldb/leveldb/CMakeFiles/CMakeTmp'
gmake[1]: *** [Makefile:127: cmTC_88ecb/fast] Error 2
gmake[1]: Leaving directory '/home/zjn/桌面/app/advance-leveldb/leveldb/CMakeFiles/CMakeTmp'


Source file was:
int main() { return 0; }
Performing C++ SOURCE FILE Test HAVE_CXX_FLAG_WTHREAD_SAFETY failed with the following output:
Change Dir: /home/zjn/桌面/app/advance-leveldb/leveldb/CMakeFiles/CMakeTmp

Run Build Command(s):/usr/bin/gmake -f Makefile cmTC_54a32/fast && gmake[1]: Entering directory '/home/zjn/桌面/app/advance-leveldb/leveldb/CMakeFiles/CMakeTmp'
/usr/bin/gmake  -f CMakeFiles/cmTC_54a32.dir/build.make CMakeFiles/cmTC_54a32.dir/build
gmake[2]: Entering directory '/home/zjn/桌面/app/advance-leveldb/leveldb/CMakeFiles/CMakeTmp'
Building CXX object CMakeFiles/cmTC_54a32.dir/src.cxx.o
/usr/bin/c++ -DHAVE_CXX_FLAG_WTHREAD_SAFETY  -fno-exceptions -fno-rtti  -std=c++11  -Wall  -Wextra  -Wshadow  -Wsuggest-override  -fstrict-aliasing  -Wno-deprecated-declarations  -fno-exceptions  -Wstrict-aliasing  -Wthread-safety   -Wthread-safety -std=c++11 -o CMakeFiles/cmTC_54a32.dir/src.cxx.o -c /home/zjn/桌面/app/advance-leveldb/leveldb/CMakeFiles/CMakeTmp/src.cxx
c++: error: unrecognized command-line option '-Wthread-safety'
c++: error: unrecognized command-line option '-Wthread-safety'
gmake[2]: *** [CMakeFiles/cmTC_54a32.dir/build.make:78: CMakeFiles/cmTC_54a32.dir/src.cxx.o] Error 1
gmake[2]: Leaving directory '/home/zjn/桌面/app/advance-leveldb/leveldb/CMakeFiles/CMakeTmp'
gmake[1]: *** [Makefile:127: cmTC_54a32/fast] Error 2
gmake[1]: Leaving directory '/home/zjn/桌面/app/advance-leveldb/leveldb/CMakeFiles/CMakeTmp'


Source file was:
int main() { return 0; }
Determining if the function sqlite3_open exists in the sqlite3 failed with the following output:
Change Dir: /home/zjn/桌面/app/advance-leveldb/leveldb/CMakeFiles/CMakeTmp

Run Build Command(s):/usr/bin/gmake -f Makefile cmTC_772aa/fast && gmake[1]: 进入目录“/home/zjn/桌面/app/advance-leveldb/leveldb/CMakeFiles/CMakeTmp”
/usr/bin/gmake  -f CMakeFiles/cmTC_772aa.dir/build.make CMakeFiles/cmTC_772aa.dir/build
gmake[2]: 进入目录“/home/zjn/桌面/app/advance-leveldb/leveldb/CMakeFiles/CMakeTmp”
Building C object CMakeFiles/cmTC_772aa.dir/CheckFunctionExists.c.o
/usr/bin/cc   -Wstrict-prototypes -DCHECK_FUNCTION_EXISTS=sqlite3_open -std=c11 -o CMakeFiles/cmTC_772aa.dir/CheckFunctionExists.c.o -c /usr/share/cmake-3.22/Modules/CheckFunctionExists.c
Linking C executable cmTC_772aa
/usr/bin/cmake -E cmake_link_script CMakeFiles/cmTC_772aa.dir/link.txt --verbose=1
/usr/bin/cc  -Wstrict-prototypes -DCHECK_FUNCTION_EXISTS=sqlite3_open CMakeFiles/cmTC_772aa.dir/CheckFunctionExists.c.o -o cmTC_772aa  -lsqlite3 
/usr/bin/ld: 找不到 -lsqlite3: 没有那个文件或目录
collect2: error: ld returned 1 exit status
gmake[2]: *** [CMakeFiles/cmTC_772aa.dir/build.make:99：cmTC_772aa] 错误 1
gmake[2]: 离开目录“/home/zjn/桌面/app/advance-leveldb/leveldb/CMakeFiles/CMakeTmp”
gmake[1]: *** [Makefile:127：cmTC_772aa/fast] 错误 2
gmake[1]: 离开目录“/home/zjn/桌面/app/advance-leveldb/leveldb/CMakeFiles/CMakeTmp”



Performing C++ SOURCE FILE Test HAVE_KYOTOCABINET failed with the following output:
Change Dir: /home/zjn/桌面/app/advance-leveldb/leveldb/CMakeFiles/CMakeTmp

Run Build Command(s):/usr/bin/gmake -f Makefile cmTC_18be4/fast && gmake[1]: 进入目录“/home/zjn/桌面/app/advance-leveldb/leveldb/CMakeFiles/CMakeTmp”
/usr/bin/gmake  -f CMakeFiles/cmTC_18be4.dir/build.make CMakeFiles/cmTC_18be4.dir/build
gmake[2]: 进入目录“/home/zjn/桌面/app/advance-leveldb/leveldb/CMakeFiles/CMakeTmp”
Building CXX object CMakeFiles/cmTC_18be4.dir/src.cxx.o
/usr/bin/c++ -DHAVE_KYOTOCABINET  -fno-exceptions -fno-rtti  -std=c++11 -o CMakeFiles/cmTC_18be4.dir/src.cxx.o -c /home/zjn/桌面/app/advance-leveldb/leveldb/CMakeFiles/CMakeTmp/src.cxx
/home/zjn/桌面/app/advance-leveldb/leveldb/CMakeFiles/CMakeTmp/src.cxx:2:10: fatal error: kcpolydb.h: 没有那个文件或目录
    2 | #include <kcpolydb.h>
      |          ^~~~~~~~~~~~
compilation terminated.
gmake[2]: *** [CMakeFiles/cmTC_18be4.dir/build.make:78：CMakeFiles/cmTC_18be4.dir/src.cxx.o] 错误 1
gmake[2]: 离开目录“/home/zjn/桌面/app/advance-leveldb/leveldb/CMakeFiles/CMakeTmp”
gmake[1]: *** [Makefile:127：cmTC_18be4/fast] 错误 2
gmake[1]: 离开目录“/home/zjn/桌面/app/advance-leveldb/leveldb/CMakeFiles/CMakeTmp”


Source file was:

#include <kcpolydb.h>

int main() {
  kyotocabinet::TreeDB* db = new kyotocabinet::TreeDB();
  delete db;
  return 0;
}
  
Determining if the function crc32c_value exists in the crc32c failed with the following output:
Change Dir: /home/zjn/桌面/app/advance-leveldb/leveldb/CMakeFiles/CMakeTmp

Run Build Command(s):/usr/bin/gmake -f Makefile cmTC_911d2/fast && /usr/bin/gmake  -f CMakeFiles/cmTC_911d2.dir/build.make CMakeFiles/cmTC_911d2.dir/build
gmake[1]: 进入目录“/home/zjn/桌面/app/advance-leveldb/leveldb/CMakeFiles/CMakeTmp”
Building C object CMakeFiles/cmTC_911d2.dir/CheckFunctionExists.c.o
/usr/bin/cc   -DCHECK_FUNCTION_EXISTS=crc32c_value -std=c11 -o CMakeFiles/cmTC_911d2.dir/CheckFunctionExists.c.o -c /usr/share/cmake-3.22/Modules/CheckFunctionExists.c
Linking C executable cmTC_911d2
/usr/bin/cmake -E cmake_link_script CMakeFiles/cmTC_911d2.dir/link.txt --verbose=1
/usr/bin/cc  -DCHECK_FUNCTION_EXISTS=crc32c_value CMakeFiles/cmTC_911d2.dir/CheckFunctionExists.c.o -o cmTC_911d2  -lcrc32c 
/usr/bin/ld: 找不到 -lcrc32c: 没有那个文件或目录
collect2: error: ld returned 1 exit status
gmake[1]: *** [CMakeFiles/cmTC_911d2.dir/build.make:99：cmTC_911d2] 错误 1
gmake[1]: 离开目录“/home/zjn/桌面/app/advance-leveldb/leveldb/CMakeFiles/CMakeTmp”
gmake: *** [Makefile:127：cmTC_911d2/fast] 错误 2



Determining if the function malloc exists in the tcmalloc failed with the following output:
Change Dir: /home/zjn/桌面/app/advance-leveldb/leveldb/CMakeFiles/CMakeTmp

Run Build Command(s):/usr/bin/gmake -f Makefile cmTC_eae79/fast && /usr/bin/gmake  -f CMakeFiles/cmTC_eae79.dir/build.make CMakeFiles/cmTC_eae79.dir/build
gmake[1]: 进入目录“/home/zjn/桌面/app/advance-leveldb/leveldb/CMakeFiles/CMakeTmp”
Building C object CMakeFiles/cmTC_eae79.dir/CheckFunctionExists.c.o
/usr/bin/cc   -DCHECK_FUNCTION_EXISTS=malloc -std=c11 -o CMakeFiles/cmTC_eae79.dir/CheckFunctionExists.c.o -c /usr/share/cmake-3.22/Modules/CheckFunctionExists.c
<command-line>: warning: conflicting types for built-in function ‘malloc’; expected ‘void *(long unsigned int)’ [-Wbuiltin-declaration-mismatch]
/usr/share/cmake-3.22/Modules/CheckFunctionExists.c:7:3: note: in expansion of macro ‘CHECK_FUNCTION_EXISTS’
    7 |   CHECK_FUNCTION_EXISTS(void);
      |   ^~~~~~~~~~~~~~~~~~~~~
/usr/share/cmake-3.22/Modules/CheckFunctionExists.c:1:1: note: ‘malloc’ is declared in header ‘<stdlib.h>’
  +++ |+#include <stdlib.h>
    1 | #ifdef CHECK_FUNCTION_EXISTS
Linking C executable cmTC_eae79
/usr/bin/cmake -E cmake_link_script CMakeFiles/cmTC_eae79.dir/link.txt --verbose=1
/usr/bin/cc  -DCHECK_FUNCTION_EXISTS=malloc CMakeFiles/cmTC_eae79.dir/CheckFunctionExists.c.o -o cmTC_eae79  -ltcmalloc 
/usr/bin/ld: 找不到 -ltcmalloc: 没有那个文件或目录
collect2: error: ld returned 1 exit status
gmake[1]: *** [CMakeFiles/cmTC_eae79.dir/build.make:99：cmTC_eae79] 错误 1
gmake[1]: 离开目录“/home/zjn/桌面/app/advance-leveldb/leveldb/CMakeFiles/CMakeTmp”
gmake: *** [Makefile:127：cmTC_eae79/fast] 错误 2



Determining if the F_FULLFSYNC exist failed with the following output:
Change Dir: /home/zjn/桌面/app/advance-leveldb/leveldb/CMakeFiles/CMakeTmp

Run Build Command(s):/usr/bin/gmake -f Makefile cmTC_f9cb6/fast && /usr/bin/gmake  -f CMakeFiles/cmTC_f9cb6.dir/build.make CMakeFiles/cmTC_f9cb6.dir/build
gmake[1]: 进入目录“/home/zjn/桌面/app/advance-leveldb/leveldb/CMakeFiles/CMakeTmp”
Building CXX object CMakeFiles/cmTC_f9cb6.dir/CheckSymbolExists.cxx.o
/usr/bin/c++   -std=c++11 -o CMakeFiles/cmTC_f9cb6.dir/CheckSymbolExists.cxx.o -c /home/zjn/桌面/app/advance-leveldb/leveldb/CMakeFiles/CMakeTmp/CheckSymbolExists.cxx
/home/zjn/桌面/app/advance-leveldb/leveldb/CMakeFiles/CMakeTmp/CheckSymbolExists.cxx: In function ‘int main(int, char**)’:
/home/zjn/桌面/app/advance-leveldb/leveldb/CMakeFiles/CMakeTmp/CheckSymbolExists.cxx:8:19: error: ‘F_FULLFSYNC’ was not declared in this scope
    8 |   return ((int*)(&F_FULLFSYNC))[argc];
      |                   ^~~~~~~~~~~
gmake[1]: *** [CMakeFiles/cmTC_f9cb6.dir/build.make:78：CMakeFiles/cmTC_f9cb6.dir/CheckSymbolExists.cxx.o] 错误 1
gmake[1]: 离开目录“/home/zjn/桌面/app/advance-leveldb/leveldb/CMakeFiles/CMakeTmp”
gmake: *** [Makefile:127：cmTC_f9cb6/fast] 错误 2


File /home/zjn/桌面/app/advance-leveldb/leveldb/CMakeFiles/CMakeTmp/CheckSymbolExists.cxx:
/* */
#include <fcntl.h>

int main(int argc, char** argv)
{
  (void)argv;
#ifndef F_FULLFSYNC
  return ((int*)(&F_FULLFSYNC))[argc];
#else
  (void)argc;
  return 0;
#endif
}
Performing C++ SOURCE FILE Test HAVE_CLANG_THREAD_SAFETY failed with the following output:
Change Dir: /home/zjn/桌面/app/advance-leveldb/leveldb/CMakeFiles/CMakeTmp

Run Build Command(s):/usr/bin/gmake -f Makefile cmTC_aaed4/fast && /usr/bin/gmake  -f CMakeFiles/cmTC_aaed4.dir/build.make CMakeFiles/cmTC_aaed4.dir/build
gmake[1]: Entering directory '/home/zjn/桌面/app/advance-leveldb/leveldb/CMakeFiles/CMakeTmp'
Building CXX object CMakeFiles/cmTC_aaed4.dir/src.cxx.o
/usr/bin/c++ -DHAVE_CLANG_THREAD_SAFETY  -fno-exceptions -fno-rtti    -Wthread-safety -std=c++11 -o CMakeFiles/cmTC_aaed4.dir/src.cxx.o -c /home/zjn/桌面/app/advance-leveldb/leveldb/CMakeFiles/CMakeTmp/src.cxx
c++: error: unrecognized command-line option '-Wthread-safety'
gmake[1]: *** [CMakeFiles/cmTC_aaed4.dir/build.make:78: CMakeFiles/cmTC_aaed4.dir/src.cxx.o] Error 1
gmake[1]: Leaving directory '/home/zjn/桌面/app/advance-leveldb/leveldb/CMakeFiles/CMakeTmp'
gmake: *** [Makefile:127: cmTC_aaed4/fast] Error 2


Source file was:
int main() { return 0; }
Performing C++ SOURCE FILE Test HAVE_CXX_FLAG_WSHORTEN_64_TO_32 failed with the following output:
Change Dir: /home/zjn/桌面/app/advance-leveldb/leveldb/CMakeFiles/CMakeTmp

Run Build Command(s):/usr/bin/gmake -f Makefile cmTC_6417f/fast && /usr/bin/gmake  -f CMakeFiles/cmTC_6417f.dir/build.make CMakeFiles/cmTC_6417f.dir/build
gmake[1]: Entering directory '/home/zjn/桌面/app/advance-leveldb/leveldb/CMakeFiles/CMakeTmp'
Building CXX object CMakeFiles/cmTC_6417f.dir/src.cxx.o
/usr/bin/c++ -DHAVE_CXX_FLAG_WSHORTEN_64_TO_32  -fno-exceptions -fno-rtti  -std=c++11  -Wall  -Wextra  -Wshadow  -Wsuggest-override  -Wshorten-64-to-32   -Wshorten-64-to-32 -std=c++11 -o CMakeFiles/cmTC_6417f.dir/src.cxx.o -c /home/zjn/桌面/app/advance-leveldb/leveldb/CMakeFiles/CMakeTmp/src.cxx
c++: error: unrecognized command-line option '-Wshorten-64-to-32'
c++: error: unrecognized command-line option '-Wshorten-64-to-32'
gmake[1]: *** [CMakeFiles/cmTC_6417f.dir/build.make:78: CMakeFiles/cmTC_6417f.dir/src.cxx.o] Error 1
gmake[1]: Leaving directory '/home/zjn/桌面/app/advance-leveldb/leveldb/CMakeFiles/CMakeTmp'
gmake: *** [Makefile:127: cmTC_6417f/fast] Error 2


Source file was:
int main() { return 0; }
Performing C++ SOURCE FILE Test HAVE_CXX_FLAG_WD654 failed with the following output:
Change Dir: /home/zjn/桌面/app/advance-leveldb/leveldb/CMakeFiles/CMakeTmp

Run Build Command(s):/usr/bin/gmake -f Makefile cmTC_89824/fast && /usr/bin/gmake  -f CMakeFiles/cmTC_89824.dir/build.make CMakeFiles/cmTC_89824.dir/build
gmake[1]: Entering directory '/home/zjn/桌面/app/advance-leveldb/leveldb/CMakeFiles/CMakeTmp'
Building CXX object CMakeFiles/cmTC_89824.dir/src.cxx.o
/usr/bin/c++ -DHAVE_CXX_FLAG_WD654  -fno-exceptions -fno-rtti  -std=c++11  -Wall  -Wextra  -Wshadow  -Wsuggest-override  -fstrict-aliasing  -Wno-deprecated-declarations  -fno-exceptions  -Wstrict-aliasing  -wd654   -wd654 -std=c++11 -o CMakeFiles/cmTC_89824.dir/src.cxx.o -c /home/zjn/桌面/app/advance-leveldb/leveldb/CMakeFiles/CMakeTmp/src.cxx
c++: error: unrecognized command-line option '-wd654'
c++: error: unrecognized command-line option '-wd654'
gmake[1]: *** [CMakeFiles/cmTC_89824.dir/build.make:78: CMakeFiles/cmTC_89824.dir/src.cxx.o] Error 1
gmake[1]: Leaving directory '/home/zjn/桌面/app/advance-leveldb/leveldb/CMakeFiles/CMakeTmp'
gmake: *** [Makefile:127: cmTC_89824/fast] Error 2


Source file was:
int main() { return 0; }
Performing C++ SOURCE FILE Test HAVE_CXX_FLAG_WTHREAD_SAFETY failed with the following output:
Change Dir: /home/zjn/桌面/app/advance-leveldb/leveldb/CMakeFiles/CMakeTmp

Run Build Command(s):/usr/bin/gmake -f Makefile cmTC_61ab7/fast && /usr/bin/gmake  -f CMakeFiles/cmTC_61ab7.dir/build.make CMakeFiles/cmTC_61ab7.dir/build
gmake[1]: Entering directory '/home/zjn/桌面/app/advance-leveldb/leveldb/CMakeFiles/CMakeTmp'
Building CXX object CMakeFiles/cmTC_61ab7.dir/src.cxx.o
/usr/bin/c++ -DHAVE_CXX_FLAG_WTHREAD_SAFETY  -fno-exceptions -fno-rtti  -std=c++11  -Wall  -Wextra  -Wshadow  -Wsuggest-override  -fstrict-aliasing  -Wno-deprecated-declarations  -fno-exceptions  -Wstrict-aliasing  -Wthread-safety   -Wthread-safety -std=c++11 -o CMakeFiles/cmTC_61ab7.dir/src.cxx.o -c /home/zjn/桌面/app/advance-leveldb/leveldb/CMakeFiles/CMakeTmp/src.cxx
c++: error: unrecognized command-line option '-Wthread-safety'
c++: error: unrecognized command-line option '-Wthread-safety'
gmake[1]: *** [CMakeFiles/cmTC_61ab7.dir/build.make:78: CMakeFiles/cmTC_61ab7.dir/src.cxx.o] Error 1
gmake[1]: Leaving directory '/home/zjn/桌面/app/advance-leveldb/leveldb/CMakeFiles/CMakeTmp'
gmake: *** [Makefile:127: cmTC_61ab7/fast] Error 2


Source file was:
int main() { return 0; }
Determining if the function sqlite3_open exists in the sqlite3 failed with the following output:
Change Dir: /home/zjn/桌面/app/advance-leveldb/leveldb/CMakeFiles/CMakeTmp

Run Build Command(s):/usr/bin/gmake -f Makefile cmTC_4cbc7/fast && /usr/bin/gmake  -f CMakeFiles/cmTC_4cbc7.dir/build.make CMakeFiles/cmTC_4cbc7.dir/build
gmake[1]: 进入目录“/home/zjn/桌面/app/advance-leveldb/leveldb/CMakeFiles/CMakeTmp”
Building C object CMakeFiles/cmTC_4cbc7.dir/CheckFunctionExists.c.o
/usr/bin/cc   -Wstrict-prototypes -DCHECK_FUNCTION_EXISTS=sqlite3_open -std=c11 -o CMakeFiles/cmTC_4cbc7.dir/CheckFunctionExists.c.o -c /usr/share/cmake-3.22/Modules/CheckFunctionExists.c
Linking C executable cmTC_4cbc7
/usr/bin/cmake -E cmake_link_script CMakeFiles/cmTC_4cbc7.dir/link.txt --verbose=1
/usr/bin/cc  -Wstrict-prototypes -DCHECK_FUNCTION_EXISTS=sqlite3_open CMakeFiles/cmTC_4cbc7.dir/CheckFunctionExists.c.o -o cmTC_4cbc7  -lsqlite3 
/usr/bin/ld: 找不到 -lsqlite3: 没有那个文件或目录
collect2: error: ld returned 1 exit status
gmake[1]: *** [CMakeFiles/cmTC_4cbc7.dir/build.make:99：cmTC_4cbc7] 错误 1
gmake[1]: 离开目录“/home/zjn/桌面/app/advance-leveldb/leveldb/CMakeFiles/CMakeTmp”
gmake: *** [Makefile:127：cmTC_4cbc7/fast] 错误 2



Performing C++ SOURCE FILE Test HAVE_KYOTOCABINET failed with the following output:
Change Dir: /home/zjn/桌面/app/advance-leveldb/leveldb/CMakeFiles/CMakeTmp

Run Build Command(s):/usr/bin/gmake -f Makefile cmTC_fcbdf/fast && /usr/bin/gmake  -f CMakeFiles/cmTC_fcbdf.dir/build.make CMakeFiles/cmTC_fcbdf.dir/build
gmake[1]: 进入目录“/home/zjn/桌面/app/advance-leveldb/leveldb/CMakeFiles/CMakeTmp”
Building CXX object CMakeFiles/cmTC_fcbdf.dir/src.cxx.o
/usr/bin/c++ -DHAVE_KYOTOCABINET  -fno-exceptions -fno-rtti  -std=c++11 -o CMakeFiles/cmTC_fcbdf.dir/src.cxx.o -c /home/zjn/桌面/app/advance-leveldb/leveldb/CMakeFiles/CMakeTmp/src.cxx
/home/zjn/桌面/app/advance-leveldb/leveldb/CMakeFiles/CMakeTmp/src.cxx:2:10: fatal error: kcpolydb.h: 没有那个文件或目录
    2 | #include <kcpolydb.h>
      |          ^~~~~~~~~~~~
compilation terminated.
gmake[1]: *** [CMakeFiles/cmTC_fcbdf.dir/build.make:78：CMakeFiles/cmTC_fcbdf.dir/src.cxx.o] 错误 1
gmake[1]: 离开目录“/home/zjn/桌面/app/advance-leveldb/leveldb/CMakeFiles/CMakeTmp”
gmake: *** [Makefile:127：cmTC_fcbdf/fast] 错误 2


Source file was:

#include <kcpolydb.h>

int main() {
  kyotocabinet::TreeDB* db = new kyotocabinet::TreeDB();
  delete db;
  return 0;
}
  
Determining if the function crc32c_value exists in the crc32c failed with the following output:
Change Dir: /home/zjn/桌面/app/advance-leveldb/leveldb/CMakeFiles/CMakeTmp

Run Build Command(s):/usr/bin/gmake -f Makefile cmTC_5578b/fast && gmake[1]: 进入目录“/home/zjn/桌面/app/advance-leveldb/leveldb/CMakeFiles/CMakeTmp”
/usr/bin/gmake  -f CMakeFiles/cmTC_5578b.dir/build.make CMakeFiles/cmTC_5578b.dir/build
gmake[2]: 进入目录“/home/zjn/桌面/app/advance-leveldb/leveldb/CMakeFiles/CMakeTmp”
Building C object CMakeFiles/cmTC_5578b.dir/CheckFunctionExists.c.o
/usr/bin/cc   -DCHECK_FUNCTION_EXISTS=crc32c_value -std=c11 -o CMakeFiles/cmTC_5578b.dir/CheckFunctionExists.c.o -c /usr/share/cmake-3.22/Modules/CheckFunctionExists.c
Linking C executable cmTC_5578b
/usr/bin/cmake -E cmake_link_script CMakeFiles/cmTC_5578b.dir/link.txt --verbose=1
/usr/bin/cc  -DCHECK_FUNCTION_EXISTS=crc32c_value CMakeFiles/cmTC_5578b.dir/CheckFunctionExists.c.o -o cmTC_5578b  -lcrc32c 
/usr/bin/ld: 找不到 -lcrc32c: 没有那个文件或目录
collect2: error: ld returned 1 exit status
gmake[2]: *** [CMakeFiles/cmTC_5578b.dir/build.make:99：cmTC_5578b] 错误 1
gmake[2]: 离开目录“/home/zjn/桌面/app/advance-leveldb/leveldb/CMakeFiles/CMakeTmp”
gmake[1]: *** [Makefile:127：cmTC_5578b/fast] 错误 2
gmake[1]: 离开目录“/home/zjn/桌面/app/advance-leveldb/leveldb/CMakeFiles/CMakeTmp”



Determining if the function malloc exists in the tcmalloc failed with the following output:
Change Dir: /home/zjn/桌面/app/advance-leveldb/leveldb/CMakeFiles/CMakeTmp

Run Build Command(s):/usr/bin/gmake -f Makefile cmTC_5fac9/fast && gmake[1]: 进入目录“/home/zjn/桌面/app/advance-leveldb/leveldb/CMakeFiles/CMakeTmp”
/usr/bin/gmake  -f CMakeFiles/cmTC_5fac9.dir/build.make CMakeFiles/cmTC_5fac9.dir/build
gmake[2]: 进入目录“/home/zjn/桌面/app/advance-leveldb/leveldb/CMakeFiles/CMakeTmp”
Building C object CMakeFiles/cmTC_5fac9.dir/CheckFunctionExists.c.o
/usr/bin/cc   -DCHECK_FUNCTION_EXISTS=malloc -std=c11 -o CMakeFiles/cmTC_5fac9.dir/CheckFunctionExists.c.o -c /usr/share/cmake-3.22/Modules/CheckFunctionExists.c
<command-line>: warning: conflicting types for built-in function ‘malloc’; expected ‘void *(long unsigned int)’ [-Wbuiltin-declaration-mismatch]
/usr/share/cmake-3.22/Modules/CheckFunctionExists.c:7:3: note: in expansion of macro ‘CHECK_FUNCTION_EXISTS’
    7 |   CHECK_FUNCTION_EXISTS(void);
      |   ^~~~~~~~~~~~~~~~~~~~~
/usr/share/cmake-3.22/Modules/CheckFunctionExists.c:1:1: note: ‘malloc’ is declared in header ‘<stdlib.h>’
  +++ |+#include <stdlib.h>
    1 | #ifdef CHECK_FUNCTION_EXISTS
Linking C executable cmTC_5fac9
/usr/bin/cmake -E cmake_link_script CMakeFiles/cmTC_5fac9.dir/link.txt --verbose=1
/usr/bin/cc  -DCHECK_FUNCTION_EXISTS=malloc CMakeFiles/cmTC_5fac9.dir/CheckFunctionExists.c.o -o cmTC_5fac9  -ltcmalloc 
/usr/bin/ld: 找不到 -ltcmalloc: 没有那个文件或目录
collect2: error: ld returned 1 exit status
gmake[2]: *** [CMakeFiles/cmTC_5fac9.dir/build.make:99：cmTC_5fac9] 错误 1
gmake[2]: 离开目录“/home/zjn/桌面/app/advance-leveldb/leveldb/CMakeFiles/CMakeTmp”
gmake[1]: *** [Makefile:127：cmTC_5fac9/fast] 错误 2
gmake[1]: 离开目录“/home/zjn/桌面/app/advance-leveldb/leveldb/CMakeFiles/CMakeTmp”



Determining if the F_FULLFSYNC exist failed with the following output:
Change Dir: /home/zjn/桌面/app/advance-leveldb/leveldb/CMakeFiles/CMakeTmp

Run Build Command(s):/usr/bin/gmake -f Makefile cmTC_69db3/fast && gmake[1]: 进入目录“/home/zjn/桌面/app/advance-leveldb/leveldb/CMakeFiles/CMakeTmp”
/usr/bin/gmake  -f CMakeFiles/cmTC_69db3.dir/build.make CMakeFiles/cmTC_69db3.dir/build
gmake[2]: 进入目录“/home/zjn/桌面/app/advance-leveldb/leveldb/CMakeFiles/CMakeTmp”
Building CXX object CMakeFiles/cmTC_69db3.dir/CheckSymbolExists.cxx.o
/usr/bin/c++   -std=c++11 -o CMakeFiles/cmTC_69db3.dir/CheckSymbolExists.cxx.o -c /home/zjn/桌面/app/advance-leveldb/leveldb/CMakeFiles/CMakeTmp/CheckSymbolExists.cxx
/home/zjn/桌面/app/advance-leveldb/leveldb/CMakeFiles/CMakeTmp/CheckSymbolExists.cxx: In function ‘int main(int, char**)’:
/home/zjn/桌面/app/advance-leveldb/leveldb/CMakeFiles/CMakeTmp/CheckSymbolExists.cxx:8:19: error: ‘F_FULLFSYNC’ was not declared in this scope
    8 |   return ((int*)(&F_FULLFSYNC))[argc];
      |                   ^~~~~~~~~~~
gmake[2]: *** [CMakeFiles/cmTC_69db3.dir/build.make:78：CMakeFiles/cmTC_69db3.dir/CheckSymbolExists.cxx.o] 错误 1
gmake[2]: 离开目录“/home/zjn/桌面/app/advance-leveldb/leveldb/CMakeFiles/CMakeTmp”
gmake[1]: *** [Makefile:127：cmTC_69db3/fast] 错误 2
gmake[1]: 离开目录“/home/zjn/桌面/app/advance-leveldb/leveldb/CMakeFiles/CMakeTmp”


File /home/zjn/桌面/app/advance-leveldb/leveldb/CMakeFiles/CMakeTmp/CheckSymbolExists.cxx:
/* */
#include <fcntl.h>

int main(int argc, char** argv)
{
  (void)argv;
#ifndef F_FULLFSYNC
  return ((int*)(&F_FULLFSYNC))[argc];
#else
  (void)argc;
  return 0;
#endif
}
Performing C++ SOURCE FILE Test HAVE_CLANG_THREAD_SAFETY failed with the following output:
Change Dir: /home/zjn/桌面/app/advance-leveldb/leveldb/CMakeFiles/CMakeTmp

Run Build Command(s):/usr/bin/gmake -f Makefile cmTC_b2987/fast && gmake[1]: Entering directory '/home/zjn/桌面/app/advance-leveldb/leveldb/CMakeFiles/CMakeTmp'
/usr/bin/gmake  -f CMakeFiles/cmTC_b2987.dir/build.make CMakeFiles/cmTC_b2987.dir/build
gmake[2]: Entering directory '/home/zjn/桌面/app/advance-leveldb/leveldb/CMakeFiles/CMakeTmp'
Building CXX object CMakeFiles/cmTC_b2987.dir/src.cxx.o
/usr/bin/c++ -DHAVE_CLANG_THREAD_SAFETY  -fno-exceptions -fno-rtti    -Wthread-safety -std=c++11 -o CMakeFiles/cmTC_b2987.dir/src.cxx.o -c /home/zjn/桌面/app/advance-leveldb/leveldb/CMakeFiles/CMakeTmp/src.cxx
c++: error: unrecognized command-line option '-Wthread-safety'
gmake[2]: *** [CMakeFiles/cmTC_b2987.dir/build.make:78: CMakeFiles/cmTC_b2987.dir/src.cxx.o] Error 1
gmake[2]: Leaving directory '/home/zjn/桌面/app/advance-leveldb/leveldb/CMakeFiles/CMakeTmp'
gmake[1]: *** [Makefile:127: cmTC_b2987/fast] Error 2
gmake[1]: Leaving directory '/home/zjn/桌面/app/advance-leveldb/leveldb/CMakeFiles/CMakeTmp'


Source file was:
int main() { return 0; }
Performing C++ SOURCE FILE Test HAVE_CXX_FLAG_WSHORTEN_64_TO_32 failed with the following output:
Change Dir: /home/zjn/桌面/app/advance-leveldb/leveldb/CMakeFiles/CMakeTmp

Run Build Command(s):/usr/bin/gmake -f Makefile cmTC_0dfd2/fast && gmake[1]: Entering directory '/home/zjn/桌面/app/advance-leveldb/leveldb/CMakeFiles/CMakeTmp'
/usr/bin/gmake  -f CMakeFiles/cmTC_0dfd2.dir/build.make CMakeFiles/cmTC_0dfd2.dir/build
gmake[2]: Entering directory '/home/zjn/桌面/app/advance-leveldb/leveldb/CMakeFiles/CMakeTmp'
Building CXX object CMakeFiles/cmTC_0dfd2.dir/src.cxx.o
/usr/bin/c++ -DHAVE_CXX_FLAG_WSHORTEN_64_TO_32  -fno-exceptions -fno-rtti  -std=c++11  -Wall  -Wextra  -Wshadow  -Wsuggest-override  -Wshorten-64-to-32   -Wshorten-64-to-32 -std=c++11 -o CMakeFiles/cmTC_0dfd2.dir/src.cxx.o -c /home/zjn/桌面/app/advance-leveldb/leveldb/CMakeFiles/CMakeTmp/src.cxx
c++: error: unrecognized command-line option '-Wshorten-64-to-32'
c++: error: unrecognized command-line option '-Wshorten-64-to-32'
gmake[2]: *** [CMakeFiles/cmTC_0dfd2.dir/build.make:78: CMakeFiles/cmTC_0dfd2.dir/src.cxx.o] Error 1
gmake[2]: Leaving directory '/home/zjn/桌面/app/advance-leveldb/leveldb/CMakeFiles/CMakeTmp'
gmake[1]: *** [Makefile:127: cmTC_0dfd2/fast] Error 2
gmake[1]: Leaving directory '/home/zjn/桌面/app/advance-leveldb/leveldb/CMakeFiles/CMakeTmp'


Source file was:
int main() { return 0; }
Performing C++ SOURCE FILE Test HAVE_CXX_FLAG_WD654 failed with the following output:
Change Dir: /home/zjn/桌面/app/advance-leveldb/leveldb/CMakeFiles/CMakeTmp

Run Build Command(s):/usr/bin/gmake -f Makefile cmTC_8efd7/fast && gmake[1]: Entering directory '/home/zjn/桌面/app/advance-leveldb/leveldb/CMakeFiles/CMakeTmp'
/usr/bin/gmake  -f CMakeFiles/cmTC_8efd7.dir/build.make CMakeFiles/cmTC_8efd7.dir/build
gmake[2]: Entering directory '/home/zjn/桌面/app/advance-leveldb/leveldb/CMakeFiles/CMakeTmp'
Building CXX object CMakeFiles/cmTC_8efd7.dir/src.cxx.o
/usr/bin/c++ -DHAVE_CXX_FLAG_WD654  -fno-exceptions -fno-rtti  -std=c++11  -Wall  -Wextra  -Wshadow  -Wsuggest-override  -fstrict-aliasing  -Wno-deprecated-declarations  -fno-exceptions  -Wstrict-aliasing  -wd654   -wd654 -std=c++11 -o CMakeFiles/cmTC_8efd7.dir/src.cxx.o -c /home/zjn/桌面/app/advance-leveldb/leveldb/CMakeFiles/CMakeTmp/src.cxx
c++: error: unrecognized command-line option '-wd654'
c++: error: unrecognized command-line option '-wd654'
gmake[2]: *** [CMakeFiles/cmTC_8efd7.dir/build.make:78: CMakeFiles/cmTC_8efd7.dir/src.cxx.o] Error 1
gmake[2]: Leaving directory '/home/zjn/桌面/app/advance-leveldb/leveldb/CMakeFiles/CMakeTmp'
gmake[1]: *** [Makefile:127: cmTC_8efd7/fast] Error 2
gmake[1]: Leaving directory '/home/zjn/桌面/app/advance-leveldb/leveldb/CMakeFiles/CMakeTmp'


Source file was:
int main() { return 0; }
Performing C++ SOURCE FILE Test HAVE_CXX_FLAG_WTHREAD_SAFETY failed with the following output:
Change Dir: /home/zjn/桌面/app/advance-leveldb/leveldb/CMakeFiles/CMakeTmp

Run Build Command(s):/usr/bin/gmake -f Makefile cmTC_0654e/fast && gmake[1]: Entering directory '/home/zjn/桌面/app/advance-leveldb/leveldb/CMakeFiles/CMakeTmp'
/usr/bin/gmake  -f CMakeFiles/cmTC_0654e.dir/build.make CMakeFiles/cmTC_0654e.dir/build
gmake[2]: Entering directory '/home/zjn/桌面/app/advance-leveldb/leveldb/CMakeFiles/CMakeTmp'
Building CXX object CMakeFiles/cmTC_0654e.dir/src.cxx.o
/usr/bin/c++ -DHAVE_CXX_FLAG_WTHREAD_SAFETY  -fno-exceptions -fno-rtti  -std=c++11  -Wall  -Wextra  -Wshadow  -Wsuggest-override  -fstrict-aliasing  -Wno-deprecated-declarations  -fno-exceptions  -Wstrict-aliasing  -Wthread-safety   -Wthread-safety -std=c++11 -o CMakeFiles/cmTC_0654e.dir/src.cxx.o -c /home/zjn/桌面/app/advance-leveldb/leveldb/CMakeFiles/CMakeTmp/src.cxx
c++: error: unrecognized command-line option '-Wthread-safety'
c++: error: unrecognized command-line option '-Wthread-safety'
gmake[2]: *** [CMakeFiles/cmTC_0654e.dir/build.make:78: CMakeFiles/cmTC_0654e.dir/src.cxx.o] Error 1
gmake[2]: Leaving directory '/home/zjn/桌面/app/advance-leveldb/leveldb/CMakeFiles/CMakeTmp'
gmake[1]: *** [Makefile:127: cmTC_0654e/fast] Error 2
gmake[1]: Leaving directory '/home/zjn/桌面/app/advance-leveldb/leveldb/CMakeFiles/CMakeTmp'


Source file was:
int main() { return 0; }
Determining if the function sqlite3_open exists in the sqlite3 failed with the following output:
Change Dir: /home/zjn/桌面/app/advance-leveldb/leveldb/CMakeFiles/CMakeTmp

Run Build Command(s):/usr/bin/gmake -f Makefile cmTC_e2793/fast && gmake[1]: 进入目录“/home/zjn/桌面/app/advance-leveldb/leveldb/CMakeFiles/CMakeTmp”
/usr/bin/gmake  -f CMakeFiles/cmTC_e2793.dir/build.make CMakeFiles/cmTC_e2793.dir/build
gmake[2]: 进入目录“/home/zjn/桌面/app/advance-leveldb/leveldb/CMakeFiles/CMakeTmp”
Building C object CMakeFiles/cmTC_e2793.dir/CheckFunctionExists.c.o
/usr/bin/cc   -Wstrict-prototypes -DCHECK_FUNCTION_EXISTS=sqlite3_open -std=c11 -o CMakeFiles/cmTC_e2793.dir/CheckFunctionExists.c.o -c /usr/share/cmake-3.22/Modules/CheckFunctionExists.c
Linking C executable cmTC_e2793
/usr/bin/cmake -E cmake_link_script CMakeFiles/cmTC_e2793.dir/link.txt --verbose=1
/usr/bin/cc  -Wstrict-prototypes -DCHECK_FUNCTION_EXISTS=sqlite3_open CMakeFiles/cmTC_e2793.dir/CheckFunctionExists.c.o -o cmTC_e2793  -lsqlite3 
/usr/bin/ld: 找不到 -lsqlite3: 没有那个文件或目录
collect2: error: ld returned 1 exit status
gmake[2]: *** [CMakeFiles/cmTC_e2793.dir/build.make:99：cmTC_e2793] 错误 1
gmake[2]: 离开目录“/home/zjn/桌面/app/advance-leveldb/leveldb/CMakeFiles/CMakeTmp”
gmake[1]: *** [Makefile:127：cmTC_e2793/fast] 错误 2
gmake[1]: 离开目录“/home/zjn/桌面/app/advance-leveldb/leveldb/CMakeFiles/CMakeTmp”



Performing C++ SOURCE FILE Test HAVE_KYOTOCABINET failed with the following output:
Change Dir: /home/zjn/桌面/app/advance-leveldb/leveldb/CMakeFiles/CMakeTmp

Run Build Command(s):/usr/bin/gmake -f Makefile cmTC_04171/fast && gmake[1]: 进入目录“/home/zjn/桌面/app/advance-leveldb/leveldb/CMakeFiles/CMakeTmp”
/usr/bin/gmake  -f CMakeFiles/cmTC_04171.dir/build.make CMakeFiles/cmTC_04171.dir/build
gmake[2]: 进入目录“/home/zjn/桌面/app/advance-leveldb/leveldb/CMakeFiles/CMakeTmp”
Building CXX object CMakeFiles/cmTC_04171.dir/src.cxx.o
/usr/bin/c++ -DHAVE_KYOTOCABINET  -fno-exceptions -fno-rtti  -std=c++11 -o CMakeFiles/cmTC_04171.dir/src.cxx.o -c /home/zjn/桌面/app/advance-leveldb/leveldb/CMakeFiles/CMakeTmp/src.cxx
/home/zjn/桌面/app/advance-leveldb/leveldb/CMakeFiles/CMakeTmp/src.cxx:2:10: fatal error: kcpolydb.h: 没有那个文件或目录
    2 | #include <kcpolydb.h>
      |          ^~~~~~~~~~~~
compilation terminated.
gmake[2]: *** [CMakeFiles/cmTC_04171.dir/build.make:78：CMakeFiles/cmTC_04171.dir/src.cxx.o] 错误 1
gmake[2]: 离开目录“/home/zjn/桌面/app/advance-leveldb/leveldb/CMakeFiles/CMakeTmp”
gmake[1]: *** [Makefile:127：cmTC_04171/fast] 错误 2
gmake[1]: 离开目录“/home/zjn/桌面/app/advance-leveldb/leveldb/CMakeFiles/CMakeTmp”


Source file was:

#include <kcpolydb.h>

int main() {
  kyotocabinet::TreeDB* db = new kyotocabinet::TreeDB();
  delete db;
  return 0;
}
  
Determining if the function crc32c_value exists in the crc32c failed with the following output:
Change Dir: /home/zjn/桌面/app/advance-leveldb/leveldb/CMakeFiles/CMakeTmp

Run Build Command(s):/usr/bin/gmake -f Makefile cmTC_a5626/fast && gmake[1]: 进入目录“/home/zjn/桌面/app/advance-leveldb/leveldb/CMakeFiles/CMakeTmp”
/usr/bin/gmake  -f CMakeFiles/cmTC_a5626.dir/build.make CMakeFiles/cmTC_a5626.dir/build
gmake[2]: 进入目录“/home/zjn/桌面/app/advance-leveldb/leveldb/CMakeFiles/CMakeTmp”
Building C object CMakeFiles/cmTC_a5626.dir/CheckFunctionExists.c.o
/usr/bin/cc   -DCHECK_FUNCTION_EXISTS=crc32c_value -std=c11 -o CMakeFiles/cmTC_a5626.dir/CheckFunctionExists.c.o -c /usr/share/cmake-3.22/Modules/CheckFunctionExists.c
Linking C executable cmTC_a5626
/usr/bin/cmake -E cmake_link_script CMakeFiles/cmTC_a5626.dir/link.txt --verbose=1
/usr/bin/cc  -DCHECK_FUNCTION_EXISTS=crc32c_value CMakeFiles/cmTC_a5626.dir/CheckFunctionExists.c.o -o cmTC_a5626  -lcrc32c 
/usr/bin/ld: 找不到 -lcrc32c: 没有那个文件或目录
collect2: error: ld returned 1 exit status
gmake[2]: *** [CMakeFiles/cmTC_a5626.dir/build.make:99：cmTC_a5626] 错误 1
gmake[2]: 离开目录“/home/zjn/桌面/app/advance-leveldb/leveldb/CMakeFiles/CMakeTmp”
gmake[1]: *** [Makefile:127：cmTC_a5626/fast] 错误 2
gmake[1]: 离开目录“/home/zjn/桌面/app/advance-leveldb/leveldb/CMakeFiles/CMakeTmp”



Determining if the function malloc exists in the tcmalloc failed with the following output:
Change Dir: /home/zjn/桌面/app/advance-leveldb/leveldb/CMakeFiles/CMakeTmp

Run Build Command(s):/usr/bin/gmake -f Makefile cmTC_168e4/fast && gmake[1]: 进入目录“/home/zjn/桌面/app/advance-leveldb/leveldb/CMakeFiles/CMakeTmp”
/usr/bin/gmake  -f CMakeFiles/cmTC_168e4.dir/build.make CMakeFiles/cmTC_168e4.dir/build
gmake[2]: 进入目录“/home/zjn/桌面/app/advance-leveldb/leveldb/CMakeFiles/CMakeTmp”
Building C object CMakeFiles/cmTC_168e4.dir/CheckFunctionExists.c.o
/usr/bin/cc   -DCHECK_FUNCTION_EXISTS=malloc -std=c11 -o CMakeFiles/cmTC_168e4.dir/CheckFunctionExists.c.o -c /usr/share/cmake-3.22/Modules/CheckFunctionExists.c
<command-line>: warning: conflicting types for built-in function ‘malloc’; expected ‘void *(long unsigned int)’ [-Wbuiltin-declaration-mismatch]
/usr/share/cmake-3.22/Modules/CheckFunctionExists.c:7:3: note: in expansion of macro ‘CHECK_FUNCTION_EXISTS’
    7 |   CHECK_FUNCTION_EXISTS(void);
      |   ^~~~~~~~~~~~~~~~~~~~~
/usr/share/cmake-3.22/Modules/CheckFunctionExists.c:1:1: note: ‘malloc’ is declared in header ‘<stdlib.h>’
  +++ |+#include <stdlib.h>
    1 | #ifdef CHECK_FUNCTION_EXISTS
Linking C executable cmTC_168e4
/usr/bin/cmake -E cmake_link_script CMakeFiles/cmTC_168e4.dir/link.txt --verbose=1
/usr/bin/cc  -DCHECK_FUNCTION_EXISTS=malloc CMakeFiles/cmTC_168e4.dir/CheckFunctionExists.c.o -o cmTC_168e4  -ltcmalloc 
/usr/bin/ld: 找不到 -ltcmalloc: 没有那个文件或目录
collect2: error: ld returned 1 exit status
gmake[2]: *** [CMakeFiles/cmTC_168e4.dir/build.make:99：cmTC_168e4] 错误 1
gmake[2]: 离开目录“/home/zjn/桌面/app/advance-leveldb/leveldb/CMakeFiles/CMakeTmp”
gmake[1]: *** [Makefile:127：cmTC_168e4/fast] 错误 2
gmake[1]: 离开目录“/home/zjn/桌面/app/advance-leveldb/leveldb/CMakeFiles/CMakeTmp”



Determining if the F_FULLFSYNC exist failed with the following output:
Change Dir: /home/zjn/桌面/app/advance-leveldb/leveldb/CMakeFiles/CMakeTmp

Run Build Command(s):/usr/bin/gmake -f Makefile cmTC_1ec29/fast && gmake[1]: 进入目录“/home/zjn/桌面/app/advance-leveldb/leveldb/CMakeFiles/CMakeTmp”
/usr/bin/gmake  -f CMakeFiles/cmTC_1ec29.dir/build.make CMakeFiles/cmTC_1ec29.dir/build
gmake[2]: 进入目录“/home/zjn/桌面/app/advance-leveldb/leveldb/CMakeFiles/CMakeTmp”
Building CXX object CMakeFiles/cmTC_1ec29.dir/CheckSymbolExists.cxx.o
/usr/bin/c++   -std=c++11 -o CMakeFiles/cmTC_1ec29.dir/CheckSymbolExists.cxx.o -c /home/zjn/桌面/app/advance-leveldb/leveldb/CMakeFiles/CMakeTmp/CheckSymbolExists.cxx
/home/zjn/桌面/app/advance-leveldb/leveldb/CMakeFiles/CMakeTmp/CheckSymbolExists.cxx: In function ‘int main(int, char**)’:
/home/zjn/桌面/app/advance-leveldb/leveldb/CMakeFiles/CMakeTmp/CheckSymbolExists.cxx:8:19: error: ‘F_FULLFSYNC’ was not declared in this scope
    8 |   return ((int*)(&F_FULLFSYNC))[argc];
      |                   ^~~~~~~~~~~
gmake[2]: *** [CMakeFiles/cmTC_1ec29.dir/build.make:78：CMakeFiles/cmTC_1ec29.dir/CheckSymbolExists.cxx.o] 错误 1
gmake[2]: 离开目录“/home/zjn/桌面/app/advance-leveldb/leveldb/CMakeFiles/CMakeTmp”
gmake[1]: *** [Makefile:127：cmTC_1ec29/fast] 错误 2
gmake[1]: 离开目录“/home/zjn/桌面/app/advance-leveldb/leveldb/CMakeFiles/CMakeTmp”


File /home/zjn/桌面/app/advance-leveldb/leveldb/CMakeFiles/CMakeTmp/CheckSymbolExists.cxx:
/* */
#include <fcntl.h>

int main(int argc, char** argv)
{
  (void)argv;
#ifndef F_FULLFSYNC
  return ((int*)(&F_FULLFSYNC))[argc];
#else
  (void)argc;
  return 0;
#endif
}
Performing C++ SOURCE FILE Test HAVE_CLANG_THREAD_SAFETY failed with the following output:
Change Dir: /home/zjn/桌面/app/advance-leveldb/leveldb/CMakeFiles/CMakeTmp

Run Build Command(s):/usr/bin/gmake -f Makefile cmTC_37851/fast && gmake[1]: Entering directory '/home/zjn/桌面/app/advance-leveldb/leveldb/CMakeFiles/CMakeTmp'
/usr/bin/gmake  -f CMakeFiles/cmTC_37851.dir/build.make CMakeFiles/cmTC_37851.dir/build
gmake[2]: Entering directory '/home/zjn/桌面/app/advance-leveldb/leveldb/CMakeFiles/CMakeTmp'
Building CXX object CMakeFiles/cmTC_37851.dir/src.cxx.o
/usr/bin/c++ -DHAVE_CLANG_THREAD_SAFETY  -fno-exceptions -fno-rtti    -Wthread-safety -std=c++11 -o CMakeFiles/cmTC_37851.dir/src.cxx.o -c /home/zjn/桌面/app/advance-leveldb/leveldb/CMakeFiles/CMakeTmp/src.cxx
c++: error: unrecognized command-line option '-Wthread-safety'
gmake[2]: *** [CMakeFiles/cmTC_37851.dir/build.make:78: CMakeFiles/cmTC_37851.dir/src.cxx.o] Error 1
gmake[2]: Leaving directory '/home/zjn/桌面/app/advance-leveldb/leveldb/CMakeFiles/CMakeTmp'
gmake[1]: *** [Makefile:127: cmTC_37851/fast] Error 2
gmake[1]: Leaving directory '/home/zjn/桌面/app/advance-leveldb/leveldb/CMakeFiles/CMakeTmp'


Source file was:
int main() { return 0; }
Performing C++ SOURCE FILE Test HAVE_CXX_FLAG_WSHORTEN_64_TO_32 failed with the following output:
Change Dir: /home/zjn/桌面/app/advance-leveldb/leveldb/CMakeFiles/CMakeTmp

Run Build Command(s):/usr/bin/gmake -f Makefile cmTC_ea17d/fast && gmake[1]: Entering directory '/home/zjn/桌面/app/advance-leveldb/leveldb/CMakeFiles/CMakeTmp'
/usr/bin/gmake  -f CMakeFiles/cmTC_ea17d.dir/build.make CMakeFiles/cmTC_ea17d.dir/build
gmake[2]: Entering directory '/home/zjn/桌面/app/advance-leveldb/leveldb/CMakeFiles/CMakeTmp'
Building CXX object CMakeFiles/cmTC_ea17d.dir/src.cxx.o
/usr/bin/c++ -DHAVE_CXX_FLAG_WSHORTEN_64_TO_32  -fno-exceptions -fno-rtti  -std=c++11  -Wall  -Wextra  -Wshadow  -Wsuggest-override  -Wshorten-64-to-32   -Wshorten-64-to-32 -std=c++11 -o CMakeFiles/cmTC_ea17d.dir/src.cxx.o -c /home/zjn/桌面/app/advance-leveldb/leveldb/CMakeFiles/CMakeTmp/src.cxx
c++: error: unrecognized command-line option '-Wshorten-64-to-32'
c++: error: unrecognized command-line option '-Wshorten-64-to-32'
gmake[2]: *** [CMakeFiles/cmTC_ea17d.dir/build.make:78: CMakeFiles/cmTC_ea17d.dir/src.cxx.o] Error 1
gmake[2]: Leaving directory '/home/zjn/桌面/app/advance-leveldb/leveldb/CMakeFiles/CMakeTmp'
gmake[1]: *** [Makefile:127: cmTC_ea17d/fast] Error 2
gmake[1]: Leaving directory '/home/zjn/桌面/app/advance-leveldb/leveldb/CMakeFiles/CMakeTmp'


Source file was:
int main() { return 0; }
Performing C++ SOURCE FILE Test HAVE_CXX_FLAG_WD654 failed with the following output:
Change Dir: /home/zjn/桌面/app/advance-leveldb/leveldb/CMakeFiles/CMakeTmp

Run Build Command(s):/usr/bin/gmake -f Makefile cmTC_c3d44/fast && gmake[1]: Entering directory '/home/zjn/桌面/app/advance-leveldb/leveldb/CMakeFiles/CMakeTmp'
/usr/bin/gmake  -f CMakeFiles/cmTC_c3d44.dir/build.make CMakeFiles/cmTC_c3d44.dir/build
gmake[2]: Entering directory '/home/zjn/桌面/app/advance-leveldb/leveldb/CMakeFiles/CMakeTmp'
Building CXX object CMakeFiles/cmTC_c3d44.dir/src.cxx.o
/usr/bin/c++ -DHAVE_CXX_FLAG_WD654  -fno-exceptions -fno-rtti  -std=c++11  -Wall  -Wextra  -Wshadow  -Wsuggest-override  -fstrict-aliasing  -Wno-deprecated-declarations  -fno-exceptions  -Wstrict-aliasing  -wd654   -wd654 -std=c++11 -o CMakeFiles/cmTC_c3d44.dir/src.cxx.o -c /home/zjn/桌面/app/advance-leveldb/leveldb/CMakeFiles/CMakeTmp/src.cxx
c++: error: unrecognized command-line option '-wd654'
c++: error: unrecognized command-line option '-wd654'
gmake[2]: *** [CMakeFiles/cmTC_c3d44.dir/build.make:78: CMakeFiles/cmTC_c3d44.dir/src.cxx.o] Error 1
gmake[2]: Leaving directory '/home/zjn/桌面/app/advance-leveldb/leveldb/CMakeFiles/CMakeTmp'
gmake[1]: *** [Makefile:127: cmTC_c3d44/fast] Error 2
gmake[1]: Leaving directory '/home/zjn/桌面/app/advance-leveldb/leveldb/CMakeFiles/CMakeTmp'


Source file was:
int main() { return 0; }
Performing C++ SOURCE FILE Test HAVE_CXX_FLAG_WTHREAD_SAFETY failed with the following output:
Change Dir: /home/zjn/桌面/app/advance-leveldb/leveldb/CMakeFiles/CMakeTmp

Run Build Command(s):/usr/bin/gmake -f Makefile cmTC_7db61/fast && gmake[1]: Entering directory '/home/zjn/桌面/app/advance-leveldb/leveldb/CMakeFiles/CMakeTmp'
/usr/bin/gmake  -f CMakeFiles/cmTC_7db61.dir/build.make CMakeFiles/cmTC_7db61.dir/build
gmake[2]: Entering directory '/home/zjn/桌面/app/advance-leveldb/leveldb/CMakeFiles/CMakeTmp'
Building CXX object CMakeFiles/cmTC_7db61.dir/src.cxx.o
/usr/bin/c++ -DHAVE_CXX_FLAG_WTHREAD_SAFETY  -fno-exceptions -fno-rtti  -std=c++11  -Wall  -Wextra  -Wshadow  -Wsuggest-override  -fstrict-aliasing  -Wno-deprecated-declarations  -fno-exceptions  -Wstrict-aliasing  -Wthread-safety   -Wthread-safety -std=c++11 -o CMakeFiles/cmTC_7db61.dir/src.cxx.o -c /home/zjn/桌面/app/advance-leveldb/leveldb/CMakeFiles/CMakeTmp/src.cxx
c++: error: unrecognized command-line option '-Wthread-safety'
c++: error: unrecognized command-line option '-Wthread-safety'
gmake[2]: *** [CMakeFiles/cmTC_7db61.dir/build.make:78: CMakeFiles/cmTC_7db61.dir/src.cxx.o] Error 1
gmake[2]: Leaving directory '/home/zjn/桌面/app/advance-leveldb/leveldb/CMakeFiles/CMakeTmp'
gmake[1]: *** [Makefile:127: cmTC_7db61/fast] Error 2
gmake[1]: Leaving directory '/home/zjn/桌面/app/advance-leveldb/leveldb/CMakeFiles/CMakeTmp'


Source file was:
int main() { return 0; }
Determining if the function sqlite3_open exists in the sqlite3 failed with the following output:
Change Dir: /home/zjn/桌面/app/advance-leveldb/leveldb/CMakeFiles/CMakeTmp

Run Build Command(s):/usr/bin/gmake -f Makefile cmTC_fbfbd/fast && gmake[1]: 进入目录“/home/zjn/桌面/app/advance-leveldb/leveldb/CMakeFiles/CMakeTmp”
/usr/bin/gmake  -f CMakeFiles/cmTC_fbfbd.dir/build.make CMakeFiles/cmTC_fbfbd.dir/build
gmake[2]: 进入目录“/home/zjn/桌面/app/advance-leveldb/leveldb/CMakeFiles/CMakeTmp”
Building C object CMakeFiles/cmTC_fbfbd.dir/CheckFunctionExists.c.o
/usr/bin/cc   -Wstrict-prototypes -DCHECK_FUNCTION_EXISTS=sqlite3_open -std=c11 -o CMakeFiles/cmTC_fbfbd.dir/CheckFunctionExists.c.o -c /usr/share/cmake-3.22/Modules/CheckFunctionExists.c
Linking C executable cmTC_fbfbd
/usr/bin/cmake -E cmake_link_script CMakeFiles/cmTC_fbfbd.dir/link.txt --verbose=1
/usr/bin/cc  -Wstrict-prototypes -DCHECK_FUNCTION_EXISTS=sqlite3_open CMakeFiles/cmTC_fbfbd.dir/CheckFunctionExists.c.o -o cmTC_fbfbd  -lsqlite3 
/usr/bin/ld: 找不到 -lsqlite3: 没有那个文件或目录
collect2: error: ld returned 1 exit status
gmake[2]: *** [CMakeFiles/cmTC_fbfbd.dir/build.make:99：cmTC_fbfbd] 错误 1
gmake[2]: 离开目录“/home/zjn/桌面/app/advance-leveldb/leveldb/CMakeFiles/CMakeTmp”
gmake[1]: *** [Makefile:127：cmTC_fbfbd/fast] 错误 2
gmake[1]: 离开目录“/home/zjn/桌面/app/advance-leveldb/leveldb/CMakeFiles/CMakeTmp”



Performing C++ SOURCE FILE Test HAVE_KYOTOCABINET failed with the following output:
Change Dir: /home/zjn/桌面/app/advance-leveldb/leveldb/CMakeFiles/CMakeTmp

Run Build Command(s):/usr/bin/gmake -f Makefile cmTC_7f9d6/fast && gmake[1]: 进入目录“/home/zjn/桌面/app/advance-leveldb/leveldb/CMakeFiles/CMakeTmp”
/usr/bin/gmake  -f CMakeFiles/cmTC_7f9d6.dir/build.make CMakeFiles/cmTC_7f9d6.dir/build
gmake[2]: 进入目录“/home/zjn/桌面/app/advance-leveldb/leveldb/CMakeFiles/CMakeTmp”
Building CXX object CMakeFiles/cmTC_7f9d6.dir/src.cxx.o
/usr/bin/c++ -DHAVE_KYOTOCABINET  -fno-exceptions -fno-rtti  -std=c++11 -o CMakeFiles/cmTC_7f9d6.dir/src.cxx.o -c /home/zjn/桌面/app/advance-leveldb/leveldb/CMakeFiles/CMakeTmp/src.cxx
/home/zjn/桌面/app/advance-leveldb/leveldb/CMakeFiles/CMakeTmp/src.cxx:2:10: fatal error: kcpolydb.h: 没有那个文件或目录
    2 | #include <kcpolydb.h>
      |          ^~~~~~~~~~~~
compilation terminated.
gmake[2]: *** [CMakeFiles/cmTC_7f9d6.dir/build.make:78：CMakeFiles/cmTC_7f9d6.dir/src.cxx.o] 错误 1
gmake[2]: 离开目录“/home/zjn/桌面/app/advance-leveldb/leveldb/CMakeFiles/CMakeTmp”
gmake[1]: *** [Makefile:127：cmTC_7f9d6/fast] 错误 2
gmake[1]: 离开目录“/home/zjn/桌面/app/advance-leveldb/leveldb/CMakeFiles/CMakeTmp”


Source file was:

#include <kcpolydb.h>

int main() {
  kyotocabinet::TreeDB* db = new kyotocabinet::TreeDB();
  delete db;
  return 0;
}
  
Determining if the function crc32c_value exists in the crc32c failed with the following output:
Change Dir: /home/zjn/桌面/app/advance-leveldb/leveldb/CMakeFiles/CMakeTmp

Run Build Command(s):/usr/bin/gmake -f Makefile cmTC_09249/fast && gmake[1]: 进入目录“/home/zjn/桌面/app/advance-leveldb/leveldb/CMakeFiles/CMakeTmp”
/usr/bin/gmake  -f CMakeFiles/cmTC_09249.dir/build.make CMakeFiles/cmTC_09249.dir/build
gmake[2]: 进入目录“/home/zjn/桌面/app/advance-leveldb/leveldb/CMakeFiles/CMakeTmp”
Building C object CMakeFiles/cmTC_09249.dir/CheckFunctionExists.c.o
/usr/bin/cc   -DCHECK_FUNCTION_EXISTS=crc32c_value -std=c11 -o CMakeFiles/cmTC_09249.dir/CheckFunctionExists.c.o -c /usr/share/cmake-3.22/Modules/CheckFunctionExists.c
Linking C executable cmTC_09249
/usr/bin/cmake -E cmake_link_script CMakeFiles/cmTC_09249.dir/link.txt --verbose=1
/usr/bin/cc  -DCHECK_FUNCTION_EXISTS=crc32c_value CMakeFiles/cmTC_09249.dir/CheckFunctionExists.c.o -o cmTC_09249  -lcrc32c 
/usr/bin/ld: 找不到 -lcrc32c: 没有那个文件或目录
collect2: error: ld returned 1 exit status
gmake[2]: *** [CMakeFiles/cmTC_09249.dir/build.make:99：cmTC_09249] 错误 1
gmake[2]: 离开目录“/home/zjn/桌面/app/advance-leveldb/leveldb/CMakeFiles/CMakeTmp”
gmake[1]: *** [Makefile:127：cmTC_09249/fast] 错误 2
gmake[1]: 离开目录“/home/zjn/桌面/app/advance-leveldb/leveldb/CMakeFiles/CMakeTmp”



Determining if the function malloc exists in the tcmalloc failed with the following output:
Change Dir: /home/zjn/桌面/app/advance-leveldb/leveldb/CMakeFiles/CMakeTmp

Run Build Command(s):/usr/bin/gmake -f Makefile cmTC_e5f15/fast && gmake[1]: 进入目录“/home/zjn/桌面/app/advance-leveldb/leveldb/CMakeFiles/CMakeTmp”
/usr/bin/gmake  -f CMakeFiles/cmTC_e5f15.dir/build.make CMakeFiles/cmTC_e5f15.dir/build
gmake[2]: 进入目录“/home/zjn/桌面/app/advance-leveldb/leveldb/CMakeFiles/CMakeTmp”
Building C object CMakeFiles/cmTC_e5f15.dir/CheckFunctionExists.c.o
/usr/bin/cc   -DCHECK_FUNCTION_EXISTS=malloc -std=c11 -o CMakeFiles/cmTC_e5f15.dir/CheckFunctionExists.c.o -c /usr/share/cmake-3.22/Modules/CheckFunctionExists.c
<command-line>: warning: conflicting types for built-in function ‘malloc’; expected ‘void *(long unsigned int)’ [-Wbuiltin-declaration-mismatch]
/usr/share/cmake-3.22/Modules/CheckFunctionExists.c:7:3: note: in expansion of macro ‘CHECK_FUNCTION_EXISTS’
    7 |   CHECK_FUNCTION_EXISTS(void);
      |   ^~~~~~~~~~~~~~~~~~~~~
/usr/share/cmake-3.22/Modules/CheckFunctionExists.c:1:1: note: ‘malloc’ is declared in header ‘<stdlib.h>’
  +++ |+#include <stdlib.h>
    1 | #ifdef CHECK_FUNCTION_EXISTS
Linking C executable cmTC_e5f15
/usr/bin/cmake -E cmake_link_script CMakeFiles/cmTC_e5f15.dir/link.txt --verbose=1
/usr/bin/cc  -DCHECK_FUNCTION_EXISTS=malloc CMakeFiles/cmTC_e5f15.dir/CheckFunctionExists.c.o -o cmTC_e5f15  -ltcmalloc 
/usr/bin/ld: 找不到 -ltcmalloc: 没有那个文件或目录
collect2: error: ld returned 1 exit status
gmake[2]: *** [CMakeFiles/cmTC_e5f15.dir/build.make:99：cmTC_e5f15] 错误 1
gmake[2]: 离开目录“/home/zjn/桌面/app/advance-leveldb/leveldb/CMakeFiles/CMakeTmp”
gmake[1]: *** [Makefile:127：cmTC_e5f15/fast] 错误 2
gmake[1]: 离开目录“/home/zjn/桌面/app/advance-leveldb/leveldb/CMakeFiles/CMakeTmp”



Determining if the F_FULLFSYNC exist failed with the following output:
Change Dir: /home/zjn/桌面/app/advance-leveldb/leveldb/CMakeFiles/CMakeTmp

Run Build Command(s):/usr/bin/gmake -f Makefile cmTC_80fbc/fast && gmake[1]: 进入目录“/home/zjn/桌面/app/advance-leveldb/leveldb/CMakeFiles/CMakeTmp”
/usr/bin/gmake  -f CMakeFiles/cmTC_80fbc.dir/build.make CMakeFiles/cmTC_80fbc.dir/build
gmake[2]: 进入目录“/home/zjn/桌面/app/advance-leveldb/leveldb/CMakeFiles/CMakeTmp”
Building CXX object CMakeFiles/cmTC_80fbc.dir/CheckSymbolExists.cxx.o
/usr/bin/c++   -std=c++11 -o CMakeFiles/cmTC_80fbc.dir/CheckSymbolExists.cxx.o -c /home/zjn/桌面/app/advance-leveldb/leveldb/CMakeFiles/CMakeTmp/CheckSymbolExists.cxx
/home/zjn/桌面/app/advance-leveldb/leveldb/CMakeFiles/CMakeTmp/CheckSymbolExists.cxx: In function ‘int main(int, char**)’:
/home/zjn/桌面/app/advance-leveldb/leveldb/CMakeFiles/CMakeTmp/CheckSymbolExists.cxx:8:19: error: ‘F_FULLFSYNC’ was not declared in this scope
    8 |   return ((int*)(&F_FULLFSYNC))[argc];
      |                   ^~~~~~~~~~~
gmake[2]: *** [CMakeFiles/cmTC_80fbc.dir/build.make:78：CMakeFiles/cmTC_80fbc.dir/CheckSymbolExists.cxx.o] 错误 1
gmake[2]: 离开目录“/home/zjn/桌面/app/advance-leveldb/leveldb/CMakeFiles/CMakeTmp”
gmake[1]: *** [Makefile:127：cmTC_80fbc/fast] 错误 2
gmake[1]: 离开目录“/home/zjn/桌面/app/advance-leveldb/leveldb/CMakeFiles/CMakeTmp”


File /home/zjn/桌面/app/advance-leveldb/leveldb/CMakeFiles/CMakeTmp/CheckSymbolExists.cxx:
/* */
#include <fcntl.h>

int main(int argc, char** argv)
{
  (void)argv;
#ifndef F_FULLFSYNC
  return ((int*)(&F_FULLFSYNC))[argc];
#else
  (void)argc;
  return 0;
#endif
}
Performing C++ SOURCE FILE Test HAVE_CLANG_THREAD_SAFETY failed with the following output:
Change Dir: /home/zjn/桌面/app/advance-leveldb/leveldb/CMakeFiles/CMakeTmp

Run Build Command(s):/usr/bin/gmake -f Makefile cmTC_a5ba1/fast && gmake[1]: Entering directory '/home/zjn/桌面/app/advance-leveldb/leveldb/CMakeFiles/CMakeTmp'
/usr/bin/gmake  -f CMakeFiles/cmTC_a5ba1.dir/build.make CMakeFiles/cmTC_a5ba1.dir/build
gmake[2]: Entering directory '/home/zjn/桌面/app/advance-leveldb/leveldb/CMakeFiles/CMakeTmp'
Building CXX object CMakeFiles/cmTC_a5ba1.dir/src.cxx.o
/usr/bin/c++ -DHAVE_CLANG_THREAD_SAFETY  -fno-exceptions -fno-rtti    -Wthread-safety -std=c++11 -o CMakeFiles/cmTC_a5ba1.dir/src.cxx.o -c /home/zjn/桌面/app/advance-leveldb/leveldb/CMakeFiles/CMakeTmp/src.cxx
c++: error: unrecognized command-line option '-Wthread-safety'
gmake[2]: *** [CMakeFiles/cmTC_a5ba1.dir/build.make:78: CMakeFiles/cmTC_a5ba1.dir/src.cxx.o] Error 1
gmake[2]: Leaving directory '/home/zjn/桌面/app/advance-leveldb/leveldb/CMakeFiles/CMakeTmp'
gmake[1]: *** [Makefile:127: cmTC_a5ba1/fast] Error 2
gmake[1]: Leaving directory '/home/zjn/桌面/app/advance-leveldb/leveldb/CMakeFiles/CMakeTmp'


Source file was:
int main() { return 0; }
Performing C++ SOURCE FILE Test HAVE_CXX_FLAG_WSHORTEN_64_TO_32 failed with the following output:
Change Dir: /home/zjn/桌面/app/advance-leveldb/leveldb/CMakeFiles/CMakeTmp

Run Build Command(s):/usr/bin/gmake -f Makefile cmTC_e920b/fast && gmake[1]: Entering directory '/home/zjn/桌面/app/advance-leveldb/leveldb/CMakeFiles/CMakeTmp'
/usr/bin/gmake  -f CMakeFiles/cmTC_e920b.dir/build.make CMakeFiles/cmTC_e920b.dir/build
gmake[2]: Entering directory '/home/zjn/桌面/app/advance-leveldb/leveldb/CMakeFiles/CMakeTmp'
Building CXX object CMakeFiles/cmTC_e920b.dir/src.cxx.o
/usr/bin/c++ -DHAVE_CXX_FLAG_WSHORTEN_64_TO_32  -fno-exceptions -fno-rtti  -std=c++11  -Wall  -Wextra  -Wshadow  -Wsuggest-override  -Wshorten-64-to-32   -Wshorten-64-to-32 -std=c++11 -o CMakeFiles/cmTC_e920b.dir/src.cxx.o -c /home/zjn/桌面/app/advance-leveldb/leveldb/CMakeFiles/CMakeTmp/src.cxx
c++: error: unrecognized command-line option '-Wshorten-64-to-32'
c++: error: unrecognized command-line option '-Wshorten-64-to-32'
gmake[2]: *** [CMakeFiles/cmTC_e920b.dir/build.make:78: CMakeFiles/cmTC_e920b.dir/src.cxx.o] Error 1
gmake[2]: Leaving directory '/home/zjn/桌面/app/advance-leveldb/leveldb/CMakeFiles/CMakeTmp'
gmake[1]: *** [Makefile:127: cmTC_e920b/fast] Error 2
gmake[1]: Leaving directory '/home/zjn/桌面/app/advance-leveldb/leveldb/CMakeFiles/CMakeTmp'


Source file was:
int main() { return 0; }
Performing C++ SOURCE FILE Test HAVE_CXX_FLAG_WD654 failed with the following output:
Change Dir: /home/zjn/桌面/app/advance-leveldb/leveldb/CMakeFiles/CMakeTmp

Run Build Command(s):/usr/bin/gmake -f Makefile cmTC_96ce9/fast && gmake[1]: Entering directory '/home/zjn/桌面/app/advance-leveldb/leveldb/CMakeFiles/CMakeTmp'
/usr/bin/gmake  -f CMakeFiles/cmTC_96ce9.dir/build.make CMakeFiles/cmTC_96ce9.dir/build
gmake[2]: Entering directory '/home/zjn/桌面/app/advance-leveldb/leveldb/CMakeFiles/CMakeTmp'
Building CXX object CMakeFiles/cmTC_96ce9.dir/src.cxx.o
/usr/bin/c++ -DHAVE_CXX_FLAG_WD654  -fno-exceptions -fno-rtti  -std=c++11  -Wall  -Wextra  -Wshadow  -Wsuggest-override  -fstrict-aliasing  -Wno-deprecated-declarations  -fno-exceptions  -Wstrict-aliasing  -wd654   -wd654 -std=c++11 -o CMakeFiles/cmTC_96ce9.dir/src.cxx.o -c /home/zjn/桌面/app/advance-leveldb/leveldb/CMakeFiles/CMakeTmp/src.cxx
c++: error: unrecognized command-line option '-wd654'
c++: error: unrecognized command-line option '-wd654'
gmake[2]: *** [CMakeFiles/cmTC_96ce9.dir/build.make:78: CMakeFiles/cmTC_96ce9.dir/src.cxx.o] Error 1
gmake[2]: Leaving directory '/home/zjn/桌面/app/advance-leveldb/leveldb/CMakeFiles/CMakeTmp'
gmake[1]: *** [Makefile:127: cmTC_96ce9/fast] Error 2
gmake[1]: Leaving directory '/home/zjn/桌面/app/advance-leveldb/leveldb/CMakeFiles/CMakeTmp'


Source file was:
int main() { return 0; }
Performing C++ SOURCE FILE Test HAVE_CXX_FLAG_WTHREAD_SAFETY failed with the following output:
Change Dir: /home/zjn/桌面/app/advance-leveldb/leveldb/CMakeFiles/CMakeTmp

Run Build Command(s):/usr/bin/gmake -f Makefile cmTC_a0ad6/fast && gmake[1]: Entering directory '/home/zjn/桌面/app/advance-leveldb/leveldb/CMakeFiles/CMakeTmp'
/usr/bin/gmake  -f CMakeFiles/cmTC_a0ad6.dir/build.make CMakeFiles/cmTC_a0ad6.dir/build
gmake[2]: Entering directory '/home/zjn/桌面/app/advance-leveldb/leveldb/CMakeFiles/CMakeTmp'
Building CXX object CMakeFiles/cmTC_a0ad6.dir/src.cxx.o
/usr/bin/c++ -DHAVE_CXX_FLAG_WTHREAD_SAFETY  -fno-exceptions -fno-rtti  -std=c++11  -Wall  -Wextra  -Wshadow  -Wsuggest-override  -fstrict-aliasing  -Wno-deprecated-declarations  -fno-exceptions  -Wstrict-aliasing  -Wthread-safety   -Wthread-safety -std=c++11 -o CMakeFiles/cmTC_a0ad6.dir/src.cxx.o -c /home/zjn/桌面/app/advance-leveldb/leveldb/CMakeFiles/CMakeTmp/src.cxx
c++: error: unrecognized command-line option '-Wthread-safety'
c++: error: unrecognized command-line option '-Wthread-safety'
gmake[2]: *** [CMakeFiles/cmTC_a0ad6.dir/build.make:78: CMakeFiles/cmTC_a0ad6.dir/src.cxx.o] Error 1
gmake[2]: Leaving directory '/home/zjn/桌面/app/advance-leveldb/leveldb/CMakeFiles/CMakeTmp'
gmake[1]: *** [Makefile:127: cmTC_a0ad6/fast] Error 2
gmake[1]: Leaving directory '/home/zjn/桌面/app/advance-leveldb/leveldb/CMakeFiles/CMakeTmp'


Source file was:
int main() { return 0; }
Determining if the function sqlite3_open exists in the sqlite3 failed with the following output:
Change Dir: /home/zjn/桌面/app/advance-leveldb/leveldb/CMakeFiles/CMakeTmp

Run Build Command(s):/usr/bin/gmake -f Makefile cmTC_9c70f/fast && gmake[1]: 进入目录“/home/zjn/桌面/app/advance-leveldb/leveldb/CMakeFiles/CMakeTmp”
/usr/bin/gmake  -f CMakeFiles/cmTC_9c70f.dir/build.make CMakeFiles/cmTC_9c70f.dir/build
gmake[2]: 进入目录“/home/zjn/桌面/app/advance-leveldb/leveldb/CMakeFiles/CMakeTmp”
Building C object CMakeFiles/cmTC_9c70f.dir/CheckFunctionExists.c.o
/usr/bin/cc   -Wstrict-prototypes -DCHECK_FUNCTION_EXISTS=sqlite3_open -std=c11 -o CMakeFiles/cmTC_9c70f.dir/CheckFunctionExists.c.o -c /usr/share/cmake-3.22/Modules/CheckFunctionExists.c
Linking C executable cmTC_9c70f
/usr/bin/cmake -E cmake_link_script CMakeFiles/cmTC_9c70f.dir/link.txt --verbose=1
/usr/bin/cc  -Wstrict-prototypes -DCHECK_FUNCTION_EXISTS=sqlite3_open CMakeFiles/cmTC_9c70f.dir/CheckFunctionExists.c.o -o cmTC_9c70f  -lsqlite3 
/usr/bin/ld: 找不到 -lsqlite3: 没有那个文件或目录
collect2: error: ld returned 1 exit status
gmake[2]: *** [CMakeFiles/cmTC_9c70f.dir/build.make:99：cmTC_9c70f] 错误 1
gmake[2]: 离开目录“/home/zjn/桌面/app/advance-leveldb/leveldb/CMakeFiles/CMakeTmp”
gmake[1]: *** [Makefile:127：cmTC_9c70f/fast] 错误 2
gmake[1]: 离开目录“/home/zjn/桌面/app/advance-leveldb/leveldb/CMakeFiles/CMakeTmp”



Performing C++ SOURCE FILE Test HAVE_KYOTOCABINET failed with the following output:
Change Dir: /home/zjn/桌面/app/advance-leveldb/leveldb/CMakeFiles/CMakeTmp

Run Build Command(s):/usr/bin/gmake -f Makefile cmTC_ed3b4/fast && gmake[1]: 进入目录“/home/zjn/桌面/app/advance-leveldb/leveldb/CMakeFiles/CMakeTmp”
/usr/bin/gmake  -f CMakeFiles/cmTC_ed3b4.dir/build.make CMakeFiles/cmTC_ed3b4.dir/build
gmake[2]: 进入目录“/home/zjn/桌面/app/advance-leveldb/leveldb/CMakeFiles/CMakeTmp”
Building CXX object CMakeFiles/cmTC_ed3b4.dir/src.cxx.o
/usr/bin/c++ -DHAVE_KYOTOCABINET  -fno-exceptions -fno-rtti  -std=c++11 -o CMakeFiles/cmTC_ed3b4.dir/src.cxx.o -c /home/zjn/桌面/app/advance-leveldb/leveldb/CMakeFiles/CMakeTmp/src.cxx
/home/zjn/桌面/app/advance-leveldb/leveldb/CMakeFiles/CMakeTmp/src.cxx:2:10: fatal error: kcpolydb.h: 没有那个文件或目录
    2 | #include <kcpolydb.h>
      |          ^~~~~~~~~~~~
compilation terminated.
gmake[2]: *** [CMakeFiles/cmTC_ed3b4.dir/build.make:78：CMakeFiles/cmTC_ed3b4.dir/src.cxx.o] 错误 1
gmake[2]: 离开目录“/home/zjn/桌面/app/advance-leveldb/leveldb/CMakeFiles/CMakeTmp”
gmake[1]: *** [Makefile:127：cmTC_ed3b4/fast] 错误 2
gmake[1]: 离开目录“/home/zjn/桌面/app/advance-leveldb/leveldb/CMakeFiles/CMakeTmp”


Source file was:

#include <kcpolydb.h>

int main() {
  kyotocabinet::TreeDB* db = new kyotocabinet::TreeDB();
  delete db;
  return 0;
}
  
